configure: Configuration created at Wed May  6 10:46:35 EDT 2026.
checking for basename... /usr/bin/basename
checking for dirname... /usr/bin/dirname
checking for file... /usr/bin/file
checking for ldd... /usr/bin/ldd
checking for echo... echo [builtin]
checking for tr... /usr/bin/tr
checking for uname... /usr/bin/uname
checking for wc... /usr/bin/wc
checking for grep that handles long lines and -e... /usr/bin/grep
checking for egrep... /usr/bin/grep -E
checking for a sed that does not truncate output... /usr/bin/sed
checking for locale... /usr/bin/locale
checking for cygpath... [not found]
checking for wslpath... [not found]
checking for cmd.exe... [not found]
checking for lsb_release... /usr/bin/lsb_release
checking build system type... x86_64-pc-linux-gnu
checking host system type... x86_64-pc-linux-gnu
checking target system type... x86_64-pc-linux-gnu
checking openjdk-build os-cpu... linux-x86_64
checking openjdk-build C library... gnu
checking openjdk-target os-cpu... linux-x86_64
checking openjdk-target C library... gnu
checking compilation type... native
checking for top-level directory... /home/kali/Documents/GitHub/jdk
checking for bash... /usr/bin/bash
checking for cat... /usr/bin/cat
checking for chmod... /usr/bin/chmod
checking for cp... /usr/bin/cp
checking for cut... /usr/bin/cut
checking for date... /usr/bin/date
checking for gdiff... [not found]
checking for diff... /usr/bin/diff
checking for expr... /usr/bin/expr
checking for find... /usr/bin/find
checking for gunzip... /usr/bin/gunzip
checking for pigz... [not found]
checking for gzip... /usr/bin/gzip
checking for head... /usr/bin/head
checking for ln... /usr/bin/ln
checking for ls... /usr/bin/ls
checking for gmkdir... [not found]
checking for mkdir... /usr/bin/mkdir
checking for mktemp... /usr/bin/mktemp
checking for mv... /usr/bin/mv
checking for gawk... /usr/bin/gawk
checking for printf... printf [builtin]
checking for rm... /usr/bin/rm
checking for rmdir... /usr/bin/rmdir
checking for sh... /usr/bin/sh
checking for sort... /usr/bin/sort
checking for tail... /usr/bin/tail
checking for gtar... [not found]
checking for tar... /usr/bin/tar
checking for tee... /usr/bin/tee
checking for touch... /usr/bin/touch
checking for xargs... /usr/bin/xargs
checking for fgrep... /usr/bin/grep -F
checking for cmake... [not found]
checking for df... /usr/bin/df
checking for git... /usr/bin/git
checking for nice... /usr/bin/nice
checking for greadlink... [not found]
checking for readlink... /usr/bin/readlink
checking for whoami... /usr/bin/whoami
checking for cmp... /usr/bin/cmp
checking for uniq... /usr/bin/uniq
checking for build environment type... dev, default (calculated from 'auto')
checking for locale to use... C.UTF-8 (recommended)
checking if custom source is suppressed (openjdk-only)... disabled, default
checking for --enable-debug... disabled, default
checking which debug level to use... release
checking which variants of the JVM to build... server
checking if absolute paths should be allowed in the build output... no, release build
checking for toolchain path... 
checking for sysroot... 
checking for extra path... 
checking where to store configuration... in default location
checking what configuration name to use... linux-x86_64-server-release
checking for zypper... [not found]
checking for apt-get... /usr/bin/apt-get
checking for pandoc... [not found]
checking for gmake... /usr/bin/gmake
configure: Testing potential make at /usr/bin/gmake, found using gmake in PATH
configure: Using GNU make at /usr/bin/gmake (version: GNU Make 4.4.1)
checking if make --output-sync is supported... yes
checking for make --output-sync value... none, default
checking if find supports -delete... yes
checking what type of tar was found... gnu
checking that grep (/usr/bin/grep) -Fx handles empty lines in the pattern list correctly... yes
checking for unzip... /usr/bin/unzip
checking for zip... /usr/bin/zip
checking for greadelf... [not found]
checking for readelf... /usr/bin/readelf
checking for dot... /usr/bin/dot
checking for stat... /usr/bin/stat
checking for time... time [builtin]
checking for flock... /usr/bin/flock
checking for dtrace... [not found]
checking for gpatch... [not found]
checking for patch... /usr/bin/patch
checking if date is a GNU compatible version... yes
checking for ulimit... ulimit [builtin]
checking bash version... 5.2.37
checking if bash supports pipefail... yes
checking if bash supports errexit (-e)... yes
checking for pkg-config... /usr/bin/pkg-config
checking pkg-config is at least version 0.9.0... yes
checking for default LOG value... 
checking for JMOD compression type... zip-6, default
checking whether or not a JDK suitable for linking from the run-time image should be produced... disabled, default
checking if packaged modules are kept... enabled, default
checking for --with-extra-jlink-flags... <disabled>, default
checking for --with-build-user... kali, default
checking for --with-jdk-rc-name... OpenJDK Platform, default
checking for --with-vendor-name... N/A, default
checking for --with-jdk-rc-company-name... N/A, default
checking for --with-vendor-url... https://openjdk.org/, default
checking for --with-vendor-bug-url... https://bugreport.java.com/bugreport/, default
checking for --with-vendor-vm-bug-url... https://bugreport.java.com/bugreport/crash.jsp, default
checking for --with-version-string... <none>, default
checking for --with-version-feature... 27, default
checking for --with-version-date... 2026-09-15, default
checking for --with-vendor-version-string... <disabled>, default
checking for --with-macosx-bundle-name-base... OpenJDK, default
checking for --with-macosx-bundle-id-base... net.java.openjdk-internal, default
checking for --with-macosx-bundle-build-version... 0, default
checking for version string... 27-internal-adhoc.kali.jdk
configure: Found potential Boot JDK using configure arguments
configure: Potential Boot JDK found at /home/kali/Documents/jdk-25.0.1 is incorrect JDK version (java version "25.0.1" 2025-10-21 LTS Java(TM) SE Runtime Environment (build 25.0.1+8-LTS-27) Java HotSpot(TM) 64-Bit Server VM (build 25.0.1+8-LTS-27, mixed mode, sharing)); ignoring
configure: (Your Boot JDK version must be one of: 26 27)
configure: error: The path given by --with-boot-jdk does not contain a valid Boot JDK
