This file contains any messages produced by compilers while
running configure, to aid debugging if configure makes a mistake.

It was created by OpenJDK configure openjdk, which was
generated by GNU Autoconf 2.72.  Invocation command line was

  $ /home/kali/Documents/GitHub/jdk/configure --enable-option-checking=fatal --with-boot-jdk=/home/kali/Documents/jdk-25.0.1 --with-jtreg=/home/kali/Documents/jtreg --with-jmh=build/jmh/jars

## --------- ##
## Platform. ##
## --------- ##

hostname = kali
uname -m = x86_64
uname -r = 6.12.20-amd64
uname -s = Linux
uname -v = #1 SMP PREEMPT_DYNAMIC Kali 6.12.20-1kali1 (2025-03-26)

/usr/bin/uname -p = unknown
/bin/uname -X     = unknown

/bin/arch              = x86_64
/usr/bin/arch -k       = unknown
/usr/convex/getsysinfo = unknown
/usr/bin/hostinfo      = unknown
/bin/machine           = unknown
/usr/bin/oslevel       = unknown
/bin/universe          = unknown

PATH: /home/kali/.local/bin/
PATH: /usr/local/sbin/
PATH: /usr/sbin/
PATH: /sbin/
PATH: /usr/local/bin/
PATH: /usr/bin/
PATH: /bin/
PATH: /usr/local/games/
PATH: /usr/games/
PATH: /home/kali/.dotnet/tools/


## ----------- ##
## Core tests. ##
## ----------- ##

configure:3616: looking for aux files: config.guess config.sub
configure:3629:  trying /home/kali/Documents/GitHub/jdk/make/autoconf/build-aux/
configure:3658:   /home/kali/Documents/GitHub/jdk/make/autoconf/build-aux/config.guess found
configure:3658:   /home/kali/Documents/GitHub/jdk/make/autoconf/build-aux/config.sub found
configure:6562: Configuration created at Wed May  6 10:46:35 EDT 2026.
configure:6571: checking for basename
configure:6594: found /usr/bin/basename
configure:6607: result: /usr/bin/basename
configure:6627: checking for dirname
configure:6650: found /usr/bin/dirname
configure:6663: result: /usr/bin/dirname
configure:6683: checking for file
configure:6706: found /usr/bin/file
configure:6719: result: /usr/bin/file
configure:6739: checking for ldd
configure:6762: found /usr/bin/ldd
configure:6775: result: /usr/bin/ldd
configure:6805: checking for echo
configure:6813: result: echo [builtin]
configure:7695: checking for tr
configure:7939: result: /usr/bin/tr
configure:8585: checking for uname
configure:8829: result: /usr/bin/uname
configure:9475: checking for wc
configure:9719: result: /usr/bin/wc
configure:10357: checking for grep that handles long lines and -e
configure:10423: result: /usr/bin/grep
configure:10853: checking for egrep
configure:10923: result: /usr/bin/grep -E
configure:11361: checking for a sed that does not truncate output
configure:11433: result: /usr/bin/sed
configure:11880: checking for locale
configure:12124: result: /usr/bin/locale
configure:12763: checking for cygpath
configure:13014: result: [not found]
configure:12763: checking for wslpath
configure:13014: result: [not found]
configure:13646: checking for cmd.exe
configure:13897: result: [not found]
configure:14529: checking for lsb_release
configure:14773: result: /usr/bin/lsb_release
configure:15407: checking build system type
configure:15423: result: x86_64-pc-linux-gnu
configure:15443: checking host system type
configure:15458: result: x86_64-pc-linux-gnu
configure:15478: checking target system type
configure:15493: result: x86_64-pc-linux-gnu
configure:15810: checking openjdk-build os-cpu
configure:15812: result: linux-x86_64
configure:15816: checking openjdk-build C library
configure:15818: result: gnu
configure:16090: checking openjdk-target os-cpu
configure:16092: result: linux-x86_64
configure:16096: checking openjdk-target C library
configure:16098: result: gnu
configure:16150: checking compilation type
configure:16152: result: native
configure:16896: checking for top-level directory
configure:16898: result: /home/kali/Documents/GitHub/jdk
configure:17380: checking for bash
configure:17624: result: /usr/bin/bash
configure:17989: checking for cat
configure:18233: result: /usr/bin/cat
configure:18879: checking for chmod
configure:19123: result: /usr/bin/chmod
configure:19769: checking for cp
configure:20013: result: /usr/bin/cp
configure:20659: checking for cut
configure:20903: result: /usr/bin/cut
configure:21549: checking for date
configure:21793: result: /usr/bin/date
configure:22439: checking for gdiff
configure:22690: result: [not found]
configure:22439: checking for diff
configure:22683: result: /usr/bin/diff
configure:23329: checking for expr
configure:23573: result: /usr/bin/expr
configure:24219: checking for find
configure:24463: result: /usr/bin/find
configure:25109: checking for gunzip
configure:25353: result: /usr/bin/gunzip
configure:25999: checking for pigz
configure:26250: result: [not found]
configure:25999: checking for gzip
configure:26243: result: /usr/bin/gzip
configure:26889: checking for head
configure:27133: result: /usr/bin/head
configure:27779: checking for ln
configure:28023: result: /usr/bin/ln
configure:28669: checking for ls
configure:28913: result: /usr/bin/ls
configure:29560: checking for gmkdir
configure:29811: result: [not found]
configure:29560: checking for mkdir
configure:29804: result: /usr/bin/mkdir
configure:30450: checking for mktemp
configure:30694: result: /usr/bin/mktemp
configure:31340: checking for mv
configure:31584: result: /usr/bin/mv
configure:32230: checking for gawk
configure:32474: result: /usr/bin/gawk
configure:33120: checking for printf
configure:33128: result: printf [builtin]
configure:34010: checking for rm
configure:34254: result: /usr/bin/rm
configure:34900: checking for rmdir
configure:35144: result: /usr/bin/rmdir
configure:35790: checking for sh
configure:36034: result: /usr/bin/sh
configure:36680: checking for sort
configure:36924: result: /usr/bin/sort
configure:37570: checking for tail
configure:37814: result: /usr/bin/tail
configure:38460: checking for gtar
configure:38711: result: [not found]
configure:38460: checking for tar
configure:38704: result: /usr/bin/tar
configure:39350: checking for tee
configure:39594: result: /usr/bin/tee
configure:40240: checking for touch
configure:40484: result: /usr/bin/touch
configure:41130: checking for xargs
configure:41374: result: /usr/bin/xargs
configure:42012: checking for fgrep
configure:42082: result: /usr/bin/grep -F
configure:42527: checking for cmake
configure:42778: result: [not found]
configure:43410: checking for df
configure:43654: result: /usr/bin/df
configure:44293: checking for git
configure:44537: result: /usr/bin/git
configure:45176: checking for nice
configure:45420: result: /usr/bin/nice
configure:46059: checking for greadlink
configure:46310: result: [not found]
configure:46059: checking for readlink
configure:46303: result: /usr/bin/readlink
configure:46942: checking for whoami
configure:47186: result: /usr/bin/whoami
configure:47827: checking for cmp
configure:48071: result: /usr/bin/cmp
configure:48710: checking for uniq
configure:48954: result: /usr/bin/uniq
configure:49873: checking for build environment type
configure:49953: result: dev, default (calculated from 'auto')
configure:50057: checking for locale to use
configure:50063: result: C.UTF-8 (recommended)
configure:50298: checking if custom source is suppressed (openjdk-only)
configure:50336: result: disabled, default
configure:50584: checking for --enable-debug
configure:50622: result: disabled, default
configure:50669: checking which debug level to use
configure:50683: result: release
configure:50742: checking which variants of the JVM to build
configure:50747: result: server
configure:50805: checking if absolute paths should be allowed in the build output
configure:50816: result: no, release build
configure:51114: checking for toolchain path
configure:51116: result: 
configure:54850: checking for sysroot
configure:54852: result: 
configure:54856: checking for extra path
configure:54858: result: 
configure:54885: checking where to store configuration
configure:54894: result: in default location
configure:54961: checking what configuration name to use
configure:54963: result: linux-x86_64-server-release
configure:55111: checking for zypper
configure:55362: result: [not found]
configure:55111: checking for apt-get
configure:55355: result: /usr/bin/apt-get
configure:55998: checking for pandoc
configure:56249: result: [not found]
configure:56937: checking for gmake
configure:57181: result: /usr/bin/gmake
configure:58705: Testing potential make at /usr/bin/gmake, found using gmake in PATH
configure:65707: Using GNU make at /usr/bin/gmake (version: GNU Make 4.4.1)
configure:66005: checking if make --output-sync is supported
configure:66012: result: yes
configure:66018: checking for make --output-sync value
configure:66096: result: none, default
configure:66205: checking if find supports -delete
configure:66226: result: yes
configure:66245: checking what type of tar was found
configure:66247: result: gnu
configure:66272: checking that grep (/usr/bin/grep) -Fx handles empty lines in the pattern list correctly
configure:66283: result: yes
configure:66313: checking for unzip
configure:66557: result: /usr/bin/unzip
configure:67205: checking for zip
configure:67449: result: /usr/bin/zip
configure:68097: checking for greadelf
configure:68348: result: [not found]
configure:68097: checking for readelf
configure:68341: result: /usr/bin/readelf
configure:68980: checking for dot
configure:69224: result: /usr/bin/dot
configure:69863: checking for stat
configure:70107: result: /usr/bin/stat
configure:70746: checking for time
configure:70754: result: time [builtin]
configure:71629: checking for flock
configure:71873: result: /usr/bin/flock
configure:72514: checking for dtrace
configure:72765: result: [not found]
configure:73397: checking for gpatch
configure:73648: result: [not found]
configure:73397: checking for patch
configure:73641: result: /usr/bin/patch
configure:74274: checking if date is a GNU compatible version
configure:74278: result: yes
configure:78769: checking for ulimit
configure:78777: result: ulimit [builtin]
configure:79648: checking bash version
configure:79650: result: 5.2.37
configure:79660: checking if bash supports pipefail
configure:79664: result: yes
configure:79671: checking if bash supports errexit (-e)
configure:79675: result: yes
configure:79741: checking for pkg-config
configure:79764: found /usr/bin/pkg-config
configure:79777: result: /usr/bin/pkg-config
configure:79802: checking pkg-config is at least version 0.9.0
configure:79805: result: yes
configure:79858: checking for default LOG value
configure:79867: result: 
configure:80161: checking for JMOD compression type
configure:80239: result: zip-6, default
configure:80550: checking whether or not a JDK suitable for linking from the run-time image should be produced
configure:80588: result: disabled, default
configure:80851: checking if packaged modules are kept
configure:80883: result: enabled, default
configure:81206: checking for --with-extra-jlink-flags
configure:81267: result: <disabled>, default
configure:81667: checking for --with-build-user
configure:81745: result: kali, default
configure:82102: checking for --with-jdk-rc-name
configure:82180: result: OpenJDK Platform, default
configure:82546: checking for --with-vendor-name
configure:82624: result: N/A, default
configure:82983: checking for --with-jdk-rc-company-name
configure:83061: result: N/A, default
configure:83421: checking for --with-vendor-url
configure:83499: result: https://openjdk.org/, default
configure:83865: checking for --with-vendor-bug-url
configure:83943: result: https://bugreport.java.com/bugreport/, default
configure:84309: checking for --with-vendor-vm-bug-url
configure:84387: result: https://bugreport.java.com/bugreport/crash.jsp, default
configure:84748: checking for --with-version-string
configure:84823: result: <none>, default
configure:85352: checking for --with-version-feature
configure:85430: result: 27, default
configure:86137: checking for --with-version-date
configure:86215: result: 2026-09-15, default
configure:86575: checking for --with-vendor-version-string
configure:86636: result: <disabled>, default
configure:87010: checking for --with-macosx-bundle-name-base
configure:87088: result: OpenJDK, default
configure:87452: checking for --with-macosx-bundle-id-base
configure:87530: result: net.java.openjdk-internal, default
configure:87899: checking for --with-macosx-bundle-build-version
configure:87977: result: 0, default
configure:88069: checking for version string
configure:88071: result: 27-internal-adhoc.kali.jdk
configure:88236: Found potential Boot JDK using configure arguments
configure:88501: Potential Boot JDK found at /home/kali/Documents/jdk-25.0.1 is incorrect JDK version (java version "25.0.1" 2025-10-21 LTS Java(TM) SE Runtime Environment (build 25.0.1+8-LTS-27) Java HotSpot(TM) 64-Bit Server VM (build 25.0.1+8-LTS-27, mixed mode, sharing)); ignoring
configure:88503: (Your Boot JDK version must be one of: 26 27)
configure:88603: error: The path given by --with-boot-jdk does not contain a valid Boot JDK

## ---------------- ##
## Cache variables. ##
## ---------------- ##

ac_cv_build=x86_64-pc-linux-gnu
ac_cv_env_ALSA_CFLAGS_set=
ac_cv_env_ALSA_CFLAGS_value=
ac_cv_env_ALSA_LIBS_set=
ac_cv_env_ALSA_LIBS_value=
ac_cv_env_AR_set=
ac_cv_env_AR_value=
ac_cv_env_AS_set=
ac_cv_env_AS_value=
ac_cv_env_AWK_set=
ac_cv_env_AWK_value=
ac_cv_env_BASH_set=set
ac_cv_env_BASH_value=/usr/bin/bash
ac_cv_env_BUILD_AR_set=
ac_cv_env_BUILD_AR_value=
ac_cv_env_BUILD_AS_set=
ac_cv_env_BUILD_AS_value=
ac_cv_env_BUILD_CC_set=
ac_cv_env_BUILD_CC_value=
ac_cv_env_BUILD_CXX_set=
ac_cv_env_BUILD_CXX_value=
ac_cv_env_BUILD_LD_set=
ac_cv_env_BUILD_LD_value=
ac_cv_env_BUILD_NM_set=
ac_cv_env_BUILD_NM_value=
ac_cv_env_BUILD_OBJCOPY_set=
ac_cv_env_BUILD_OBJCOPY_value=
ac_cv_env_BUILD_STRIP_set=
ac_cv_env_BUILD_STRIP_value=
ac_cv_env_CAPSTONE_CFLAGS_set=
ac_cv_env_CAPSTONE_CFLAGS_value=
ac_cv_env_CAPSTONE_LIBS_set=
ac_cv_env_CAPSTONE_LIBS_value=
ac_cv_env_CAT_set=
ac_cv_env_CAT_value=
ac_cv_env_CCACHE_set=
ac_cv_env_CCACHE_value=
ac_cv_env_CC_set=
ac_cv_env_CC_value=
ac_cv_env_CFLAGS_set=
ac_cv_env_CFLAGS_value=
ac_cv_env_CHECK_GMAKE_set=
ac_cv_env_CHECK_GMAKE_value=
ac_cv_env_CHECK_MAKE_set=
ac_cv_env_CHECK_MAKE_value=
ac_cv_env_CHMOD_set=
ac_cv_env_CHMOD_value=
ac_cv_env_CMAKE_set=
ac_cv_env_CMAKE_value=
ac_cv_env_CMD_set=
ac_cv_env_CMD_value=
ac_cv_env_CMP_set=
ac_cv_env_CMP_value=
ac_cv_env_CODESIGN_set=
ac_cv_env_CODESIGN_value=
ac_cv_env_CPPFLAGS_set=
ac_cv_env_CPPFLAGS_value=
ac_cv_env_CPP_set=
ac_cv_env_CPP_value=
ac_cv_env_CP_set=
ac_cv_env_CP_value=
ac_cv_env_CUT_set=
ac_cv_env_CUT_value=
ac_cv_env_CXXCPP_set=
ac_cv_env_CXXCPP_value=
ac_cv_env_CXXFILT_set=
ac_cv_env_CXXFILT_value=
ac_cv_env_CXXFLAGS_set=
ac_cv_env_CXXFLAGS_value=
ac_cv_env_CXX_set=
ac_cv_env_CXX_value=
ac_cv_env_DATE_set=
ac_cv_env_DATE_value=
ac_cv_env_DF_set=
ac_cv_env_DF_value=
ac_cv_env_DIFF_set=
ac_cv_env_DIFF_value=
ac_cv_env_DOT_set=
ac_cv_env_DOT_value=
ac_cv_env_DSYMUTIL_set=
ac_cv_env_DSYMUTIL_value=
ac_cv_env_DTRACE_set=
ac_cv_env_DTRACE_value=
ac_cv_env_DUMPBIN_set=
ac_cv_env_DUMPBIN_value=
ac_cv_env_ECHO_set=
ac_cv_env_ECHO_value=
ac_cv_env_EGREP_set=
ac_cv_env_EGREP_value=
ac_cv_env_EXPR_set=
ac_cv_env_EXPR_value=
ac_cv_env_FGREP_set=
ac_cv_env_FGREP_value=
ac_cv_env_FIND_set=
ac_cv_env_FIND_value=
ac_cv_env_FLOCK_set=
ac_cv_env_FLOCK_value=
ac_cv_env_FREETYPE_CFLAGS_set=
ac_cv_env_FREETYPE_CFLAGS_value=
ac_cv_env_FREETYPE_LIBS_set=
ac_cv_env_FREETYPE_LIBS_value=
ac_cv_env_GIT_set=
ac_cv_env_GIT_value=
ac_cv_env_GREP_set=
ac_cv_env_GREP_value=
ac_cv_env_GUNZIP_set=
ac_cv_env_GUNZIP_value=
ac_cv_env_GZIP_set=
ac_cv_env_GZIP_value=
ac_cv_env_HARFBUZZ_CFLAGS_set=
ac_cv_env_HARFBUZZ_CFLAGS_value=
ac_cv_env_HARFBUZZ_LIBS_set=
ac_cv_env_HARFBUZZ_LIBS_value=
ac_cv_env_HEAD_set=
ac_cv_env_HEAD_value=
ac_cv_env_ICECC_CMD_set=
ac_cv_env_ICECC_CMD_value=
ac_cv_env_ICECC_CREATE_ENV_set=
ac_cv_env_ICECC_CREATE_ENV_value=
ac_cv_env_ICECC_WRAPPER_set=
ac_cv_env_ICECC_WRAPPER_value=
ac_cv_env_INSTALL_NAME_TOOL_set=
ac_cv_env_INSTALL_NAME_TOOL_value=
ac_cv_env_JAR_set=
ac_cv_env_JAR_value=
ac_cv_env_JAVAC_CHECK_set=
ac_cv_env_JAVAC_CHECK_value=
ac_cv_env_JAVAC_set=
ac_cv_env_JAVAC_value=
ac_cv_env_JAVADOC_set=
ac_cv_env_JAVADOC_value=
ac_cv_env_JAVA_CHECK_set=
ac_cv_env_JAVA_CHECK_value=
ac_cv_env_JAVA_set=
ac_cv_env_JAVA_value=
ac_cv_env_JTREGEXE_set=
ac_cv_env_JTREGEXE_value=
ac_cv_env_LCMS_CFLAGS_set=
ac_cv_env_LCMS_CFLAGS_value=
ac_cv_env_LCMS_LIBS_set=
ac_cv_env_LCMS_LIBS_value=
ac_cv_env_LDFLAGS_set=
ac_cv_env_LDFLAGS_value=
ac_cv_env_LD_set=
ac_cv_env_LD_value=
ac_cv_env_LIBFFI_CFLAGS_set=
ac_cv_env_LIBFFI_CFLAGS_value=
ac_cv_env_LIBFFI_LIBS_set=
ac_cv_env_LIBFFI_LIBS_value=
ac_cv_env_LIBJPEG_CFLAGS_set=
ac_cv_env_LIBJPEG_CFLAGS_value=
ac_cv_env_LIBJPEG_LIBS_set=
ac_cv_env_LIBJPEG_LIBS_value=
ac_cv_env_LIBS_set=
ac_cv_env_LIBS_value=
ac_cv_env_LIB_set=
ac_cv_env_LIB_value=
ac_cv_env_LIPO_set=
ac_cv_env_LIPO_value=
ac_cv_env_LLD_set=
ac_cv_env_LLD_value=
ac_cv_env_LLVM_CONFIG_set=
ac_cv_env_LLVM_CONFIG_value=
ac_cv_env_LN_set=
ac_cv_env_LN_value=
ac_cv_env_LOCALE_set=
ac_cv_env_LOCALE_value=
ac_cv_env_LSB_RELEASE_set=
ac_cv_env_LSB_RELEASE_value=
ac_cv_env_LS_set=
ac_cv_env_LS_value=
ac_cv_env_MAKE_set=
ac_cv_env_MAKE_value=
ac_cv_env_METALLIB_set=
ac_cv_env_METALLIB_value=
ac_cv_env_METAL_set=
ac_cv_env_METAL_value=
ac_cv_env_MIG_set=
ac_cv_env_MIG_value=
ac_cv_env_MKDIR_set=
ac_cv_env_MKDIR_value=
ac_cv_env_MKTEMP_set=
ac_cv_env_MKTEMP_value=
ac_cv_env_MT_set=
ac_cv_env_MT_value=
ac_cv_env_MV_set=
ac_cv_env_MV_value=
ac_cv_env_NICE_set=
ac_cv_env_NICE_value=
ac_cv_env_NM_set=
ac_cv_env_NM_value=
ac_cv_env_OBJCOPY_set=
ac_cv_env_OBJCOPY_value=
ac_cv_env_OBJDUMP_set=
ac_cv_env_OBJDUMP_value=
ac_cv_env_OTOOL_set=
ac_cv_env_OTOOL_value=
ac_cv_env_PANDOC_set=
ac_cv_env_PANDOC_value=
ac_cv_env_PATCH_set=
ac_cv_env_PATCH_value=
ac_cv_env_PATHTOOL_set=
ac_cv_env_PATHTOOL_value=
ac_cv_env_PKGHANDLER_set=
ac_cv_env_PKGHANDLER_value=
ac_cv_env_PKG_CONFIG_set=
ac_cv_env_PKG_CONFIG_value=
ac_cv_env_PNG_CFLAGS_set=
ac_cv_env_PNG_CFLAGS_value=
ac_cv_env_PNG_LIBS_set=
ac_cv_env_PNG_LIBS_value=
ac_cv_env_POTENTIAL_CC_set=
ac_cv_env_POTENTIAL_CC_value=
ac_cv_env_POTENTIAL_CXX_set=
ac_cv_env_POTENTIAL_CXX_value=
ac_cv_env_PRINTF_set=
ac_cv_env_PRINTF_value=
ac_cv_env_RC_set=
ac_cv_env_RC_value=
ac_cv_env_READELF_set=
ac_cv_env_READELF_value=
ac_cv_env_READLINK_set=
ac_cv_env_READLINK_value=
ac_cv_env_RMDIR_set=
ac_cv_env_RMDIR_value=
ac_cv_env_RM_set=
ac_cv_env_RM_value=
ac_cv_env_SED_set=
ac_cv_env_SED_value=
ac_cv_env_SETFILE_set=
ac_cv_env_SETFILE_value=
ac_cv_env_SH_set=
ac_cv_env_SH_value=
ac_cv_env_SORT_set=
ac_cv_env_SORT_value=
ac_cv_env_STAT_set=
ac_cv_env_STAT_value=
ac_cv_env_STRIP_set=
ac_cv_env_STRIP_value=
ac_cv_env_TAIL_set=
ac_cv_env_TAIL_value=
ac_cv_env_TAR_set=
ac_cv_env_TAR_value=
ac_cv_env_TEE_set=
ac_cv_env_TEE_value=
ac_cv_env_TIDY_set=
ac_cv_env_TIDY_value=
ac_cv_env_TIME_set=
ac_cv_env_TIME_value=
ac_cv_env_TOUCH_set=
ac_cv_env_TOUCH_value=
ac_cv_env_TR_set=
ac_cv_env_TR_value=
ac_cv_env_ULIMIT_set=
ac_cv_env_ULIMIT_value=
ac_cv_env_UNAME_set=
ac_cv_env_UNAME_value=
ac_cv_env_UNIQ_set=
ac_cv_env_UNIQ_value=
ac_cv_env_UNZIP_set=
ac_cv_env_UNZIP_value=
ac_cv_env_WC_set=
ac_cv_env_WC_value=
ac_cv_env_WHOAMI_set=
ac_cv_env_WHOAMI_value=
ac_cv_env_XARGS_set=
ac_cv_env_XARGS_value=
ac_cv_env_XATTR_set=
ac_cv_env_XATTR_value=
ac_cv_env_XCODEBUILD_set=
ac_cv_env_XCODEBUILD_value=
ac_cv_env_XCRUN_set=
ac_cv_env_XCRUN_value=
ac_cv_env_XMKMF_set=
ac_cv_env_XMKMF_value=
ac_cv_env_ZIPEXE_set=
ac_cv_env_ZIPEXE_value=
ac_cv_env_build_alias_set=
ac_cv_env_build_alias_value=
ac_cv_env_host_alias_set=
ac_cv_env_host_alias_value=
ac_cv_env_target_alias_set=
ac_cv_env_target_alias_value=
ac_cv_host=x86_64-pc-linux-gnu
ac_cv_path_BASENAME=/usr/bin/basename
ac_cv_path_DIRNAME=/usr/bin/dirname
ac_cv_path_EGREP='/usr/bin/grep -E'
ac_cv_path_EGREP_TRADITIONAL='/usr/bin/grep -E'
ac_cv_path_FGREP='/usr/bin/grep -F'
ac_cv_path_FILE=/usr/bin/file
ac_cv_path_GREP=/usr/bin/grep
ac_cv_path_LDD=/usr/bin/ldd
ac_cv_path_SED=/usr/bin/sed
ac_cv_path_ac_pt_PKG_CONFIG=/usr/bin/pkg-config
ac_cv_target=x86_64-pc-linux-gnu

## ----------------- ##
## Output variables. ##
## ----------------- ##

ADLC_LANGSTD_CXXFLAGS=''
ADLC_LDFLAGS=''
ALLOW_ABSOLUTE_PATHS_IN_OUTPUT='false'
ALSA_CFLAGS=''
ALSA_LIBS=''
AR=''
ARFLAGS=''
AS=''
ASAN_ENABLED=''
ASFLAGS_DEBUG_SYMBOLS=''
AS_NON_ASM_EXTENSION_OPTION=''
AUTOCONF='/usr/bin/autoconf'
AWK='/usr/bin/gawk'
BASENAME='/usr/bin/basename'
BASH='/usr/bin/bash'
BASH_ARGS=' -o pipefail -e'
BASIC_ASFLAGS=''
BOOTCYCLE_JVM_ARGS_BIG=''
BOOT_JDK='/home/kali/Documents/jdk-25.0.1'
BOOT_JDK_JAR_SUPPORTS_DATE=''
BUILD_AR=''
BUILD_AS=''
BUILD_CC=''
BUILD_CC_DISABLE_WARNING_PREFIX=''
BUILD_CDS_ARCHIVE=''
BUILD_CDS_ARCHIVE_COH=''
BUILD_CXX=''
BUILD_ENV='dev'
BUILD_FAILURE_HANDLER=''
BUILD_ICECC=''
BUILD_JAVA_FLAGS_SMALL=''
BUILD_JTREG_TEST_THREAD_FACTORY=''
BUILD_LD=''
BUILD_LDCXX=''
BUILD_NM=''
BUILD_OBJCOPY=''
BUILD_STRIP=''
BUILD_SYSROOT_CFLAGS=''
BUILD_SYSROOT_LDFLAGS=''
CACERTS_FILE=''
CACERTS_SRC=''
CAPSTONE_ARCH_AARCH64_NAME=''
CAPSTONE_CFLAGS=''
CAPSTONE_LIBS=''
CAT='/usr/bin/cat'
CC=''
CCACHE=''
CC_VERSION_NUMBER=''
CFLAGS=''
CFLAGS_CCACHE=''
CFLAGS_CONVERSION_WARNINGS=''
CFLAGS_DEBUG_SYMBOLS=''
CFLAGS_JDKEXE=''
CFLAGS_JDKLIB=''
CFLAGS_WARNINGS_ARE_ERRORS=''
CHECK_GMAKE='/usr/bin/gmake'
CHECK_MAKE=''
CHMOD='/usr/bin/chmod'
CLASSPATH=''
CMAKE=''
CMD=''
CMP='/usr/bin/cmp'
CODESIGN=''
COMPANY_NAME='N/A'
COMPILE_TYPE='native'
COMPILE_WITH_DEBUG_SYMBOLS=''
COMPRESS_JARS=''
CONFIGURESUPPORT_OUTPUTDIR='/home/kali/Documents/GitHub/jdk/build/linux-x86_64-server-release/configure-support'
CONFIGURE_COMMAND_LINE='--with-boot-jdk=/home/kali/Documents/jdk-25.0.1 --with-jtreg=/home/kali/Documents/jtreg --with-jmh=build/jmh/jars'
CONFIGURE_START_DIR='/home/kali/Documents/GitHub/jdk'
CONF_NAME='linux-x86_64-server-release'
COPYRIGHT_YEAR=''
COPY_DEBUG_SYMBOLS=''
CP='/usr/bin/cp'
CPP=''
CPPFLAGS=''
CUPS_CFLAGS=''
CUT='/usr/bin/cut'
CXX=''
CXXCPP=''
CXXFILT=''
CXXFLAGS=''
CXXFLAGS_JDKEXE=''
CXXFLAGS_JDKLIB=''
CXX_O_FLAG_HI=''
CXX_O_FLAG_HIGHEST=''
CXX_O_FLAG_HIGHEST_JVM=''
CXX_O_FLAG_LTO=''
CXX_O_FLAG_NONE=''
CXX_O_FLAG_NORM=''
CXX_O_FLAG_SIZE=''
CXX_VERSION_NUMBER=''
C_O_FLAG_HI=''
C_O_FLAG_HIGHEST=''
C_O_FLAG_HIGHEST_JVM=''
C_O_FLAG_LTO=''
C_O_FLAG_NONE=''
C_O_FLAG_NORM=''
C_O_FLAG_SIZE=''
DATE='/usr/bin/date'
DATE_WHEN_CONFIGURED='Wed May  6 10:46:35 EDT 2026'
DEBUG_LEVEL='release'
DEFAULT_LOG=''
DEFAULT_MAKE_TARGET='exploded-image'
DEFAULT_PRINT_ASSEMBLY_OPTIONS=''
DEFINE_CROSS_COMPILE_ARCH=''
DEFS=''
DEVKIT_LIB_DIR=''
DF='/usr/bin/df'
DIFF='/usr/bin/diff'
DIRNAME='/usr/bin/dirname'
DISABLED_WARNINGS=''
DISABLED_WARNINGS_C=''
DISABLED_WARNINGS_CXX=''
DISABLE_WARNING_PREFIX=''
DOCS_REFERENCE_JAVADOC=''
DOT='/usr/bin/dot'
DSYMUTIL=''
DTRACE=''
DUMPBIN=''
ECHO='echo'
ECHO_C=''
ECHO_N='-n'
ECHO_T=''
EGREP='/usr/bin/grep -E'
ENABLE_COMPATIBLE_CDS_ALIGNMENT=''
ENABLE_FALLBACK_LINKER=''
ENABLE_FULL_DOCS=''
ENABLE_GENERATE_CLASSLIST=''
ENABLE_HEADLESS_ONLY=''
ENABLE_HSDIS_BUNDLING=''
ENABLE_JAVAC_SERVER=''
ENABLE_LIBFFI_BUNDLING=''
ENABLE_LINKTIME_GC=''
ENABLE_PANDOC='false'
EXCLUDE_TRANSLATIONS=''
EXECUTABLE_SUFFIX=''
EXEEXT=''
EXPR='/usr/bin/expr'
EXTERNAL_BUILDJDK_PATH=''
EXTRA_ASFLAGS=''
EXTRA_CFLAGS=''
EXTRA_CXXFLAGS=''
EXTRA_LDFLAGS=''
FDLIBM_CFLAGS=''
FGREP='/usr/bin/grep -F'
FILE='/usr/bin/file'
FILE_MACRO_CFLAGS=''
FIND='/usr/bin/find'
FIND_DELETE='-delete'
FIXPATH=''
FIXPATH_BASE=''
FLOCK='/usr/bin/flock'
FONTCONFIG_CFLAGS=''
FREETYPE_CFLAGS=''
FREETYPE_LIBS=''
FREETYPE_TO_USE=''
GCOV_ENABLED=''
GENDEPS_FLAGS=''
GIFLIB_CFLAGS=''
GIFLIB_LIBS=''
GIT='/usr/bin/git'
GREP='/usr/bin/grep'
GTEST_FRAMEWORK_SRC=''
GUNZIP='/usr/bin/gunzip'
GZIP='/usr/bin/gzip'
HARFBUZZ_CFLAGS=''
HARFBUZZ_LIBS=''
HEAD='/usr/bin/head'
HOTSPOT_BUILD_CPU='x86_64'
HOTSPOT_BUILD_CPU_ARCH='x86'
HOTSPOT_BUILD_CPU_DEFINE='AMD64'
HOTSPOT_BUILD_LIBC='gnu'
HOTSPOT_BUILD_OS='linux'
HOTSPOT_BUILD_OS_TYPE='posix'
HOTSPOT_BUILD_TIME=''
HOTSPOT_DEBUG_LEVEL='product'
HOTSPOT_OVERRIDE_LIBPATH=''
HOTSPOT_TARGET_CPU='x86_64'
HOTSPOT_TARGET_CPU_ARCH='x86'
HOTSPOT_TARGET_CPU_DEFINE='AMD64'
HOTSPOT_TARGET_LIBC='gnu'
HOTSPOT_TARGET_OS='linux'
HOTSPOT_TARGET_OS_TYPE='posix'
HOTSPOT_TOOLCHAIN_TYPE=''
HOTSPOT_VM_DISTRO='OpenJDK'
HSDIS_BACKEND=''
HSDIS_CFLAGS=''
HSDIS_LDFLAGS=''
HSDIS_LIBS=''
ICECC=''
ICECC_CMD=''
ICECC_CREATE_ENV=''
ICECC_WRAPPER=''
ICONV_CFLAGS=''
ICONV_LDFLAGS=''
ICONV_LIBS=''
IMPORT_MODULES_CLASSES=''
IMPORT_MODULES_CMDS=''
IMPORT_MODULES_CONF=''
IMPORT_MODULES_LEGAL=''
IMPORT_MODULES_LIBS=''
IMPORT_MODULES_MAKE=''
IMPORT_MODULES_MAN=''
IMPORT_MODULES_SRC=''
INCLUDE_COMPILER2=''
INCLUDE_JVMCI=''
INCLUDE_SA=''
INSTALL_NAME_TOOL=''
ISO_8601_FORMAT_STRING=''
IS_GNU_DATE='yes'
IS_GNU_TIME='no'
JAR=''
JAVA=''
JAVAC=''
JAVAC_CHECK=''
JAVADOC=''
JAVA_CHECK=''
JAVA_FLAGS=''
JAVA_FLAGS_BIG=''
JAVA_FLAGS_SMALL=''
JAVA_TOOL_FLAGS_SMALL=''
JAVA_WARNINGS_AS_ERRORS=''
JCOV_ENABLED=''
JCOV_FILTERS=''
JCOV_HOME=''
JCOV_INPUT_JDK=''
JCOV_MODULES=''
JDK_ARCH_ABI_PROP_NAME=''
JDK_RC_COMPANY_NAME='N/A'
JDK_RC_NAME='OpenJDK Platform'
JDK_RC_PLATFORM_NAME='Platform'
JDK_SOURCE_TARGET_VERSION='27'
JIB_HOME=''
JLINK_KEEP_PACKAGED_MODULES='true'
JLINK_PRODUCE_LINKABLE_RUNTIME='false'
JLINK_USER_EXTRA_FLAGS=''
JMH_COMMONS_MATH_JAR=''
JMH_CORE_JAR=''
JMH_GENERATOR_JAR=''
JMH_JOPT_SIMPLE_JAR=''
JMH_VERSION=''
JMOD_COMPRESS='zip-6'
JOBS=''
JTREGEXE=''
JTREG_JDK=''
JT_HOME=''
JVM_ASFLAGS=''
JVM_CFLAGS=''
JVM_FEATURES_client=''
JVM_FEATURES_core=''
JVM_FEATURES_custom=''
JVM_FEATURES_minimal=''
JVM_FEATURES_server=''
JVM_FEATURES_zero=''
JVM_LDFLAGS=''
JVM_LIBS=''
JVM_VARIANTS='server'
JVM_VARIANT_MAIN='server'
LAUNCHER_NAME='openjdk'
LCMS_CFLAGS=''
LCMS_LIBS=''
LD=''
LDCXX=''
LDD='/usr/bin/ldd'
LDFLAGS=''
LDFLAGS_CXX_JDK=''
LDFLAGS_CXX_PARTIAL_LINKING=''
LDFLAGS_JDKEXE=''
LDFLAGS_JDKLIB=''
LDFLAGS_LTO=''
LDFLAGS_STATIC_JDK=''
LIB=''
LIBCXX=''
LIBDL=''
LIBFFI_CFLAGS=''
LIBFFI_LIBS=''
LIBFFI_LIB_FILE=''
LIBFLAGS=''
LIBJPEG_CFLAGS=''
LIBJPEG_LIBS=''
LIBM=''
LIBOBJS=''
LIBPTHREAD=''
LIBRARY_PREFIX=''
LIBS=''
LIBZIP_CAN_USE_MMAP=''
LIBZ_CFLAGS=''
LIBZ_LIBS=''
LIPO=''
LLD=''
LLVM_CONFIG=''
LN='/usr/bin/ln'
LOCALE='/usr/bin/locale'
LOCALE_USED='C.UTF-8'
LS='/usr/bin/ls'
LSAN_ENABLED=''
LSB_RELEASE='/usr/bin/lsb_release'
LTLIBOBJS=''
MACHINE_FLAG=''
MACOSX_BUNDLE_BUILD_VERSION='0'
MACOSX_BUNDLE_ID_BASE='net.java.openjdk-internal'
MACOSX_BUNDLE_NAME_BASE='OpenJDK'
MACOSX_CODESIGN_IDENTITY=''
MACOSX_CODESIGN_MODE=''
MACOSX_VERSION_MAX=''
MACOSX_VERSION_MIN=''
MAKE='/usr/bin/gmake'
MEMORY_SIZE=''
METAL=''
METALLIB=''
MIG=''
MKDIR='/usr/bin/mkdir'
MKTEMP='/usr/bin/mktemp'
MSVCP_DLL=''
MSVCR_DLL=''
MT=''
MV='/usr/bin/mv'
NICE='/usr/bin/nice'
NM=''
NMFLAGS=''
NUM_CORES=''
OBJCOPY=''
OBJCOPY_COMPRESS_FLAGS=''
OBJDUMP=''
OBJEXT=''
OBJ_SUFFIX=''
OLDEST_BOOT_JDK_VERSION=''
OPENJDK_BUILD_ABI='gnu'
OPENJDK_BUILD_ADLC_LANGSTD_CXXFLAGS=''
OPENJDK_BUILD_AUTOCONF_NAME='x86_64-pc-linux-gnu'
OPENJDK_BUILD_BUNDLE_PLATFORM='linux-x64'
OPENJDK_BUILD_CFLAGS_JDKEXE=''
OPENJDK_BUILD_CFLAGS_JDKLIB=''
OPENJDK_BUILD_CPU='x86_64'
OPENJDK_BUILD_CPU_ARCH='x86'
OPENJDK_BUILD_CPU_AUTOCONF='x86_64'
OPENJDK_BUILD_CPU_BITS='64'
OPENJDK_BUILD_CPU_ENDIAN='little'
OPENJDK_BUILD_CPU_LEGACY='amd64'
OPENJDK_BUILD_CPU_LEGACY_LIB='amd64'
OPENJDK_BUILD_CPU_OSARCH='amd64'
OPENJDK_BUILD_CXXFLAGS_JDKEXE=''
OPENJDK_BUILD_CXXFLAGS_JDKLIB=''
OPENJDK_BUILD_FDLIBM_CFLAGS=''
OPENJDK_BUILD_JDKLIB_LIBS=''
OPENJDK_BUILD_JVM_ASFLAGS=''
OPENJDK_BUILD_JVM_CFLAGS=''
OPENJDK_BUILD_JVM_LDFLAGS=''
OPENJDK_BUILD_JVM_LIBS=''
OPENJDK_BUILD_LDFLAGS_JDKEXE=''
OPENJDK_BUILD_LDFLAGS_JDKLIB=''
OPENJDK_BUILD_LDFLAGS_STATIC_JDK=''
OPENJDK_BUILD_LIBC='gnu'
OPENJDK_BUILD_OS='linux'
OPENJDK_BUILD_OS_ENV='linux'
OPENJDK_BUILD_OS_INCLUDE_SUBDIR='linux'
OPENJDK_BUILD_OS_TYPE='unix'
OPENJDK_MODULE_TARGET_PLATFORM='linux-amd64'
OPENJDK_TARGET_ABI='gnu'
OPENJDK_TARGET_AUTOCONF_NAME='x86_64-pc-linux-gnu'
OPENJDK_TARGET_BUNDLE_PLATFORM='linux-x64'
OPENJDK_TARGET_CPU='x86_64'
OPENJDK_TARGET_CPU_ARCH='x86'
OPENJDK_TARGET_CPU_AUTOCONF='x86_64'
OPENJDK_TARGET_CPU_BITS='64'
OPENJDK_TARGET_CPU_ENDIAN='little'
OPENJDK_TARGET_CPU_LEGACY='amd64'
OPENJDK_TARGET_CPU_LEGACY_LIB='amd64'
OPENJDK_TARGET_CPU_OSARCH='amd64'
OPENJDK_TARGET_LIBC='gnu'
OPENJDK_TARGET_OS='linux'
OPENJDK_TARGET_OS_ENV='linux'
OPENJDK_TARGET_OS_INCLUDE_SUBDIR='linux'
OPENJDK_TARGET_OS_TYPE='unix'
OPENJDK_TARGET_OS_UPPERCASE='LINUX'
ORIGINAL_PATH='/home/kali/.local/bin:/usr/local/sbin:/usr/sbin:/sbin:/usr/local/bin:/usr/bin:/bin:/usr/local/games:/usr/games:/home/kali/.dotnet/tools'
OS_VERSION_MAJOR='6'
OS_VERSION_MICRO='20'
OS_VERSION_MINOR='12'
OTOOL=''
OUTPUTDIR='/home/kali/Documents/GitHub/jdk/build/linux-x86_64-server-release'
OUTPUT_SYNC='none'
OUTPUT_SYNC_SUPPORTED='true'
PACKAGE_BUGREPORT='build-dev@openjdk.org'
PACKAGE_NAME='OpenJDK'
PACKAGE_STRING='OpenJDK openjdk'
PACKAGE_TARNAME='openjdk'
PACKAGE_URL='https://openjdk.org'
PACKAGE_VERSION='openjdk'
PANDOC=''
PANDOC_MARKDOWN_FLAG=''
PATCH='/usr/bin/patch'
PATHTOOL=''
PATH_SEPARATOR=':'
PKGHANDLER='/usr/bin/apt-get'
PKG_CONFIG='/usr/bin/pkg-config'
PNG_CFLAGS=''
PNG_LIBS=''
POTENTIAL_CC=''
POTENTIAL_CXX=''
PRINTF='printf'
PRODUCT_NAME='OpenJDK'
PRODUCT_SUFFIX='Runtime Environment'
RC=''
RCFLAGS=''
READELF='/usr/bin/readelf'
READLINK='/usr/bin/readlink'
REAL_CONFIGURE_COMMAND_EXEC_FULL=''
REAL_CONFIGURE_COMMAND_EXEC_SHORT=''
REAL_CONFIGURE_COMMAND_LINE=''
RELEASE_FILE_LIBC='gnu'
RELEASE_FILE_OS_ARCH='x86_64'
RELEASE_FILE_OS_NAME='Linux'
REPRODUCIBLE_CFLAGS=''
RM='/usr/bin/rm -f'
RMDIR='/usr/bin/rmdir'
SED='/usr/bin/sed'
SETFILE=''
SH='/usr/bin/sh'
SHARED_LIBRARY_FLAGS=''
SHARED_LIBRARY_SUFFIX=''
SHELL='/usr/bin/bash'
SHIP_DEBUG_SYMBOLS=''
SIGNING_HOOK=''
SORT='/usr/bin/sort'
SOURCE_DATE=''
SOURCE_DATE_ISO_8601=''
SPEC='/home/kali/Documents/GitHub/jdk/build/linux-x86_64-server-release/spec.gmk'
STAT='/usr/bin/stat'
STATIC_ANALYZER_ENABLED=''
STATIC_LIBRARY_SUFFIX=''
STRIP=''
STRIPFLAGS=''
SVE_CFLAGS=''
SYSROOT=''
SYSROOT_CFLAGS=''
SYSROOT_LDFLAGS=''
TAIL='/usr/bin/tail'
TAR='/usr/bin/tar'
TAR_INCLUDE_PARAM='T'
TAR_SUPPORTS_TRANSFORM='true'
TAR_TYPE='gnu'
TEE='/usr/bin/tee'
TEST_JOBS=''
TIDY=''
TIME='time'
TOOLCHAIN_PATH=''
TOOLCHAIN_TYPE=''
TOOLCHAIN_VERSION=''
TOPDIR='/home/kali/Documents/GitHub/jdk'
TOUCH='/usr/bin/touch'
TR='/usr/bin/tr'
UBSAN_CFLAGS=''
UBSAN_ENABLED=''
UBSAN_LDFLAGS=''
UCRT_DLL_DIR=''
ULIMIT='ulimit'
UNAME='/usr/bin/uname'
UNIQ='/usr/bin/uniq'
UNLIMITED_CRYPTO=''
UNZIP='/usr/bin/unzip'
USERNAME='kali'
USE_EXTERNAL_HARFBUZZ=''
USE_EXTERNAL_LCMS=''
USE_EXTERNAL_LIBGIF=''
USE_EXTERNAL_LIBJPEG=''
USE_EXTERNAL_LIBPNG=''
USE_EXTERNAL_LIBZ=''
USE_PRECOMPILED_HEADER=''
VALID_JVM_FEATURES=''
VALID_JVM_VARIANTS='server client minimal core zero custom'
VCRUNTIME_1_DLL=''
VENDOR_URL='https://openjdk.org/'
VENDOR_URL_BUG='https://bugreport.java.com/bugreport/'
VENDOR_URL_VM_BUG='https://bugreport.java.com/bugreport/crash.jsp'
VENDOR_VERSION_STRING=''
VERSION_BUILD=''
VERSION_CLASSFILE_MAJOR='71'
VERSION_CLASSFILE_MINOR='0'
VERSION_DATE='2026-09-15'
VERSION_DOCS_API_SINCE='11'
VERSION_EXTRA1='0'
VERSION_EXTRA2='0'
VERSION_EXTRA3='0'
VERSION_FEATURE='27'
VERSION_INTERIM='0'
VERSION_IS_GA='false'
VERSION_NUMBER='27'
VERSION_NUMBER_FOUR_POSITIONS='27.0.0.0'
VERSION_OPT='adhoc.kali.jdk'
VERSION_PATCH='0'
VERSION_PRE='internal'
VERSION_SHORT='27-internal'
VERSION_STRING='27-internal-adhoc.kali.jdk'
VERSION_UPDATE='0'
WARNINGS_AS_ERRORS=''
WC='/usr/bin/wc'
WHOAMI='/usr/bin/whoami'
WINENV_PREFIX=''
WINENV_ROOT=''
WORKSPACE_ROOT='/home/kali/Documents/GitHub/jdk'
XARGS='/usr/bin/xargs'
XATTR=''
XCODEBUILD=''
XCRUN=''
XMKMF=''
X_CFLAGS=''
X_EXTRA_LIBS=''
X_LIBS=''
X_PRE_LIBS=''
ZIPEXE='/usr/bin/zip'
ZIP_EXTERNAL_DEBUG_SYMBOLS=''
ac_ct_CC=''
ac_ct_CXX=''
bindir='${exec_prefix}/bin'
build='x86_64-pc-linux-gnu'
build_alias=''
build_cpu='x86_64'
build_os='linux-gnu'
build_vendor='pc'
datadir='${datarootdir}'
datarootdir='${prefix}/share'
docdir='${datarootdir}/doc/${PACKAGE_TARNAME}'
dvidir='${docdir}'
exec_prefix='NONE'
host='x86_64-pc-linux-gnu'
host_alias=''
host_cpu='x86_64'
host_os='linux-gnu'
host_vendor='pc'
htmldir='${docdir}'
includedir='${prefix}/include'
infodir='${datarootdir}/info'
libdir='${exec_prefix}/lib'
libexecdir='${exec_prefix}/libexec'
localedir='${datarootdir}/locale'
localstatedir='${prefix}/var'
mandir='${datarootdir}/man'
oldincludedir='/usr/include'
pdfdir='${docdir}'
prefix='NONE'
program_transform_name='s,x,x,'
psdir='${docdir}'
runstatedir='${localstatedir}/run'
sbindir='${exec_prefix}/sbin'
sharedstatedir='${prefix}/com'
sysconfdir='${prefix}/etc'
target='x86_64-pc-linux-gnu'
target_alias=''
target_cpu='x86_64'
target_os='linux-gnu'
target_vendor='pc'

## ----------- ##
## confdefs.h. ##
## ----------- ##

/* confdefs.h */
#define PACKAGE_NAME "OpenJDK"
#define PACKAGE_TARNAME "openjdk"
#define PACKAGE_VERSION "openjdk"
#define PACKAGE_STRING "OpenJDK openjdk"
#define PACKAGE_BUGREPORT "build-dev@openjdk.org"
#define PACKAGE_URL "https://openjdk.org"

configure: exit 1
