<?xml version='1.0' encoding='UTF-8'?>
<hotspot_log version='160 1' process='2830669' time_ms='1753091367521'>
<vm_version>
<name>
OpenJDK 64-Bit Server VM
</name>
<release>
26-internal-d83346dc
</release>
<info>
OpenJDK 64-Bit Server VM (26-internal-d83346dc) for linux-amd64 JRE (26-internal-d83346dc), built on 2025-07-19T03:45:05Z with gcc 10.2.1 20210130 (Red Hat 10.2.1-11)
</info>
</vm_version>
<vm_arguments>
<args>
-Xbootclasspath/a:/hygonjdk/yansendao/git/jdk-ysd/tmp/extraPropDefns/bootClasses -Dtest.vm.opts= -Dtest.tool.vm.opts= -Dtest.compiler.opts= -Dtest.java.opts= -Dtest.jdk=/hygonjdk/yansendao/git/jdk-ysd/build/linux-x86_64-server-release/images/jdk -Dcompile.jdk=/hygonjdk/yansendao/git/jdk-ysd/build/linux-x86_64-server-release/images/jdk -Dtest.timeout.factor=1.0 -Dtest.nativepath=/hygonjdk/yansendao/git/jdk-ysd/build/linux-x86_64-server-release/images/test/hotspot/jtreg/native -Dtest.root=/hygonjdk/yansendao/git/jdk-ysd/test/hotspot/jtreg -Djava.library.path=/hygonjdk/yansendao/git/jdk-ysd/build/linux-x86_64-server-release/images/test/hotspot/jtreg/native -XX:+UnlockDiagnosticVMOptions -XX:+LogVMOutput -XX:-DisplayVMOutput -XX:LogFile=vmprops.flags.final.vm.log -XX:+PrintFlagsFinal -XX:+WhiteBoxAPI --add-exports=java.base/jdk.internal.foreign=ALL-UNNAMED --add-exports=java.base/jdk.internal.misc=ALL-UNNAMED </args>
<command>
com.sun.javatest.regtest.agent.GetJDKProperties --system-properties --modules=boot-layer requires.VMProps
</command>
<launcher>
SUN_STANDARD
</launcher>
<properties>
java.vm.specification.name=Java Virtual Machine Specification
java.vm.version=26-internal-d83346dc
java.vm.name=OpenJDK 64-Bit Server VM
jdk.debug=release
sun.boot.library.path=/hygonjdk/yansendao/git/jdk-ysd/build/linux-x86_64-server-release/images/jdk/lib
java.library.path=/hygonjdk/yansendao/git/jdk-ysd/build/linux-x86_64-server-release/images/test/hotspot/jtreg/native
java.home=/hygonjdk/yansendao/git/jdk-ysd/build/linux-x86_64-server-release/images/jdk
java.class.path=/hygonjdk/yansendao/software/jdk/jtreg-7.5/lib/javatest.jar:/hygonjdk/yansendao/software/jdk/jtreg-7.5/lib/jtreg.jar:/hygonjdk/yansendao/git/jdk-ysd/tmp/extraPropDefns/classes
jdk.boot.class.path.append=/hygonjdk/yansendao/git/jdk-ysd/tmp/extraPropDefns/bootClasses
java.vm.info=mixed mode, sharing
java.vm.specification.vendor=Oracle Corporation
java.vm.specification.version=26
java.vm.vendor=yansendao
test.vm.opts=
test.tool.vm.opts=
test.compiler.opts=
test.java.opts=
test.jdk=/hygonjdk/yansendao/git/jdk-ysd/build/linux-x86_64-server-release/images/jdk
compile.jdk=/hygonjdk/yansendao/git/jdk-ysd/build/linux-x86_64-server-release/images/jdk
test.timeout.factor=1.0
test.nativepath=/hygonjdk/yansendao/git/jdk-ysd/build/linux-x86_64-server-release/images/test/hotspot/jtreg/native
test.root=/hygonjdk/yansendao/git/jdk-ysd/test/hotspot/jtreg
sun.java.command=com.sun.javatest.regtest.agent.GetJDKProperties --system-properties --modules=boot-layer requires.VMProps
sun.java.launcher=SUN_STANDARD
</properties>
</vm_arguments>
<tty>
<writer thread='2830671'/>
<blob name='MethodHandlesAdapterBlob' total_size='4224'>
<sect index='1' capacity='4224' size='378' remaining='3846'/>
</blob>
[Global flags]
     bool AOTAdapterCaching                        = false                                  {diagnostic} {ergonomic}
    ccstr AOTCache                                 =                                           {product} {default}
    ccstr AOTCacheOutput                           =                                           {product} {default}
     bool AOTCacheParallelRelocation               = true                                   {diagnostic} {default}
     bool AOTClassLinking                          = false                                     {product} {default}
     uint AOTCodeMaxSize                           = 10485760                               {diagnostic} {default}
    ccstr AOTConfiguration                         =                                           {product} {default}
     bool AOTInvokeDynamicLinking                  = false                                  {diagnostic} {ergonomic}
    ccstr AOTMode                                  =                                           {product} {default}
     bool AOTPrintTrainingInfo                     = false                                  {diagnostic} {default}
     bool AOTRecordTraining                        = false                                  {diagnostic} {ergonomic}
     bool AOTReplayTraining                        = false                                  {diagnostic} {ergonomic}
     bool AOTStubCaching                           = false                                  {diagnostic} {ergonomic}
     bool AOTVerifyTrainingData                    = false                                  {diagnostic} {default}
      int AVX3Threshold                            = 4096                              {ARCH diagnostic} {default}
     bool AbortVMOnAOTCodeFailure                  = false                                  {diagnostic} {default}
     bool AbortVMOnCompilationFailure              = false                                  {diagnostic} {default}
    ccstr AbortVMOnException                       =                                        {diagnostic} {default}
    ccstr AbortVMOnExceptionMessage                =                                        {diagnostic} {default}
     bool AbortVMOnSafepointTimeout                = false                                  {diagnostic} {default}
 uint64_t AbortVMOnSafepointTimeoutDelay           = 0                                      {diagnostic} {default}
     bool AbortVMOnVMOperationTimeout              = false                                  {diagnostic} {default}
     intx AbortVMOnVMOperationTimeoutDelay         = 1000                                   {diagnostic} {default}
      int ActiveProcessorCount                     = -1                                        {product} {default}
    uintx AdaptiveSizeDecrementScaleFactor         = 4                                         {product} {default}
    uintx AdaptiveSizeMajorGCDecayTimeScale        = 10                                        {product} {default}
    uintx AdaptiveSizePolicyInitializingSteps      = 20                                        {product} {default}
    uintx AdaptiveSizePolicyOutputInterval         = 0                                         {product} {default}
     uint AdaptiveSizePolicyWeight                 = 10                                        {product} {default}
     uint AdaptiveSizeThroughPutPolicy             = 0                                         {product} {default}
     uint AdaptiveTimeWeight                       = 25                                        {product} {default}
     bool AdjustStackSizeForTLS                    = false                                     {product} {default}
     bool AggressiveHeap                           = false                                     {product} {default}
     bool AggressiveUnboxing                       = true                                {C2 diagnostic} {default}
     bool AlignVector                              = false                                  {C2 product} {default}
    ccstr AllocateHeapAt                           =                                           {product} {default}
      int AllocateInstancePrefetchLines            = 1                                         {product} {default}
      int AllocatePrefetchDistance                 = 256                                       {product} {default}
     intx AllocatePrefetchInstr                    = 0                                         {product} {default}
      int AllocatePrefetchLines                    = 3                                         {product} {default}
      int AllocatePrefetchStepSize                 = 64                                        {product} {default}
      int AllocatePrefetchStyle                    = 1                                         {product} {default}
     bool AllowArchivingWithJavaAgent              = false                                  {diagnostic} {default}
     bool AllowParallelDefineClass                 = false                                     {product} {default}
     bool AllowRedefinitionToAddDeleteMethods      = false                                     {product} {default}
     bool AllowUserSignalHandlers                  = false                                     {product} {default}
     bool AllowVectorizeOnDemand                   = true                                   {C2 product} {default}
     bool AlwaysActAsServerClassMachine            = false                                     {product} {default}
     bool AlwaysCompileLoopMethods                 = false                                     {product} {default}
     bool AlwaysPreTouch                           = false                                     {product} {default}
     bool AlwaysPreTouchStacks                     = false                                  {diagnostic} {default}
     bool AlwaysRestoreFPU                         = false                                     {product} {default}
     bool AlwaysTenure                             = false                                     {product} {default}
    ccstr ArchiveClassesAtExit                     =                                           {product} {default}
      int ArchiveRelocationMode                    = 1                                      {diagnostic} {default}
     intx ArrayCopyLoadStoreMaxElem                = 8                                      {C2 product} {default}
     intx ArrayOperationPartialInlineSize          = 0                                   {C2 diagnostic} {default}
     intx AsyncDeflationInterval                   = 250                                    {diagnostic} {default}
   size_t AsyncLogBufferSize                       = 2097152                                   {product} {default}
     intx AutoBoxCacheMax                          = 128                                    {C2 product} {default}
     bool AutoCreateSharedArchive                  = false                                     {product} {default}
     uint AutoVectorizationOverrideProfitability   = 1                                   {C2 diagnostic} {default}
   size_t AvgMonitorsPerThreadEstimate             = 1024                                   {diagnostic} {default}
     intx BCEATraceLevel                           = 0                                         {product} {default}
     bool BackgroundCompilation                    = true                                   {pd product} {default}
     bool BlockLayoutByFrequency                   = true                                   {C2 product} {default}
     intx BlockLayoutMinDiamondPercentage          = 20                                     {C2 product} {default}
     bool BlockLayoutRotateLoops                   = true                                   {C2 product} {default}
     bool BytecodeVerificationLocal                = false                                  {diagnostic} {default}
     bool BytecodeVerificationRemote               = true                                   {diagnostic} {default}
     intx C1InlineStackLimit                       = 5                                      {C1 product} {default}
     intx C1MaxInlineLevel                         = 9                                      {C1 product} {default}
     intx C1MaxInlineSize                          = 35                                     {C1 product} {default}
     intx C1MaxRecursiveInlineLevel                = 1                                      {C1 product} {default}
     intx C1MaxTrivialSize                         = 6                                      {C1 product} {default}
     bool C1OptimizeVirtualCallProfiling           = true                                   {C1 product} {default}
     bool C1ProfileBranches                        = true                                   {C1 product} {default}
     bool C1ProfileCalls                           = true                                   {C1 product} {default}
     bool C1ProfileCheckcasts                      = true                                   {C1 product} {default}
     bool C1ProfileInlinedCalls                    = true                                   {C1 product} {default}
     bool C1ProfileVirtualCalls                    = true                                   {C1 product} {default}
     bool C1UpdateMethodData                       = true                                   {C1 product} {default}
     intx CICompilerCount                          = 24                                        {product} {ergonomic}
     bool CICompilerCountPerCPU                    = true                                      {product} {default}
     bool CIPrintCompileQueue                      = false                                  {diagnostic} {default}
     bool CIPrintCompilerName                      = false                                  {diagnostic} {default}
     bool CITime                                   = false                                     {product} {default}
     bool CaptureBailoutInformation                = false                                  {diagnostic} {default}
     bool CheckIntrinsics                          = true                                   {diagnostic} {default}
     bool CheckJNICalls                            = false                                     {product} {default}
     bool ClassUnloading                           = true                                      {product} {default}
     bool ClassUnloadingWithConcurrentMark         = true                                      {product} {default}
     bool ClipInlining                             = true                                      {product} {default}
   size_t CodeCacheExpansionSize                   = 65536                                  {pd product} {default}
   size_t CodeCacheMinBlockLength                  = 6                                   {pd diagnostic} {default}
     bool CompactStrings                           = true                                   {pd product} {default}
    ccstr CompilationMode                          = default                                   {product} {default}
ccstrlist CompileCommand                           =                                           {product} {default}
    ccstr CompileCommandFile                       =                                           {product} {default}
ccstrlist CompileOnly                              =                                           {product} {default}
     intx CompileThreshold                         = 10000                                  {pd product} {default}
   double CompileThresholdScaling                  = 1.000000                                  {product} {default}
    ccstr CompilerDirectivesFile                   =                                        {diagnostic} {default}
     bool CompilerDirectivesIgnoreCompileCommands  = false                                  {diagnostic} {default}
      int CompilerDirectivesLimit                  = 50                                     {diagnostic} {default}
     bool CompilerDirectivesPrint                  = false                                  {diagnostic} {default}
      int CompilerThreadPriority                   = -1                                        {product} {default}
     intx CompilerThreadStackSize                  = 1024                                   {pd product} {default}
   size_t CompressedClassSpaceSize                 = 1073741824                                {product} {default}
     uint ConcGCThreads                            = 41                                        {product} {ergonomic}
     intx ConditionalMoveLimit                     = 3                                   {C2 pd product} {default}
      int ContendedPaddingWidth                    = 128                                       {product} {default}
ccstrlist ControlIntrinsic                         =                                        {diagnostic} {default}
     bool CrashOnOutOfMemoryError                  = false                                     {product} {default}
     bool CreateCoredumpOnCrash                    = true                                      {product} {default}
     bool DTraceAllocProbes                        = false                                     {product} {default}
     bool DTraceMethodProbes                       = false                                     {product} {default}
     bool DTraceMonitorProbes                      = false                                     {product} {default}
     bool DebugInlinedCalls                        = true                                {C2 diagnostic} {default}
     bool DebugNonSafepoints                       = false                                  {diagnostic} {default}
     bool DeferInitialCardMark                     = false                                  {diagnostic} {default}
     bool DelayCompilerStubsGeneration             = true                                {pd diagnostic} {default}
     bool DeoptimizeNMethodBarriersALot            = false                                  {diagnostic} {default}
     bool DeoptimizeOnAllocationException          = false                                  {diagnostic} {default}
      int DiagnoseSyncOnValueBasedClasses          = 0                                      {diagnostic} {default}
     bool DisableAttachMechanism                   = false                                     {product} {default}
     bool DisableExplicitGC                        = false                                     {product} {default}
ccstrlist DisableIntrinsic                         =                                        {diagnostic} {default}
     bool DisplayVMOutput                          = false                                  {diagnostic} {command line}
     bool DisplayVMOutputToStderr                  = false                                     {product} {default}
     bool DisplayVMOutputToStdout                  = false                                     {product} {default}
     bool DoEscapeAnalysis                         = true                                   {C2 product} {default}
     intx DominatorSearchLimit                     = 1000                                {C2 diagnostic} {default}
     bool DontCompileHugeMethods                   = true                                      {product} {default}
    ccstr DumpLoadedClassList                      =                                           {product} {default}
     bool DumpPerfMapAtExit                        = false                                  {diagnostic} {default}
     bool DumpPrivateMappingsInCore                = true                                   {diagnostic} {default}
     bool DumpReplayDataOnError                    = true                                      {product} {default}
     bool DumpSharedMappingsInCore                 = true                                   {diagnostic} {default}
     bool DuplicateBackedge                        = true                                {C2 diagnostic} {default}
     bool EagerXrunInit                            = false                                     {product} {default}
     intx EliminateAllocationArraySizeLimit        = 64                                     {C2 product} {default}
     intx EliminateAllocationFieldsLimit           = 512                                 {C2 diagnostic} {default}
     bool EliminateAllocations                     = true                                   {C2 product} {default}
     bool EliminateAutoBox                         = true                                   {C2 product} {default}
     bool EliminateLocks                           = true                                   {C2 product} {default}
     bool EliminateNestedLocks                     = true                                   {C2 product} {default}
     bool EnableContended                          = true                                      {product} {default}
     bool EnableDynamicAgentLoading                = true                                      {product} {default}
     bool EnableThreadSMRStatistics                = false                                  {diagnostic} {default}
     bool EnableX86ECoreOpts                       = false                             {ARCH diagnostic} {default}
   size_t ErgoHeapSizeLimit                        = 0                                         {product} {default}
    ccstr ErrorFile                                =                                           {product} {default}
     bool ErrorFileToStderr                        = false                                     {product} {default}
     bool ErrorFileToStdout                        = false                                     {product} {default}
      int ErrorLogPrintCodeLimit                   = 3                                      {diagnostic} {default}
     bool ErrorLogSecondaryErrorDetails            = false                                  {diagnostic} {default}
 uint64_t ErrorLogTimeout                          = 120                                       {product} {default}
   double EscapeAnalysisTimeout                    = 20.000000                              {C2 product} {default}
     bool EstimateArgEscape                        = true                                      {product} {default}
     bool ExecutingUnitTests                       = false                                     {product} {default}
     bool ExitOnOutOfMemoryError                   = false                                     {product} {default}
     bool ExplicitGCInvokesConcurrent              = false                                     {product} {default}
     bool ExtensiveErrorReports                    = false                                     {product} {default}
    ccstr ExtraSharedClassListFile                 =                                           {product} {default}
     bool FlightRecorder                           = false                                     {product} {default}
    ccstr FlightRecorderOptions                    =                                           {product} {default}
     bool FoldStableValues                         = true                                   {diagnostic} {default}
     bool ForceTimeHighResolution                  = false                                     {product} {default}
     bool ForceUnreachable                         = false                                  {diagnostic} {default}
     intx FreqInlineSize                           = 325                                 {C2 pd product} {default}
     uint FullGCHeapDumpLimit                      = 0                                      {manageable} {default}
     uint G1CPUUsageDeviationPercent               = 25                                     {diagnostic} {default}
     uint G1CPUUsageExpandThreshold                = 4                                      {diagnostic} {default}
     uint G1CPUUsageShrinkThreshold                = 8                                      {diagnostic} {default}
   double G1ConcMarkStepDurationMillis             = 10.000000                                 {product} {default}
     uint G1ConcRefinementThreads                  = 163                                       {product} {ergonomic}
     uint G1ConfidencePercent                      = 50                                        {product} {default}
   size_t G1HeapRegionSize                         = 16777216                                  {product} {ergonomic}
     uint G1HeapWastePercent                       = 5                                         {product} {default}
    uintx G1MixedGCCountTarget                     = 8                                         {product} {default}
     uint G1NumCardsCostSampleThreshold            = 1000                                   {diagnostic} {default}
     uint G1NumCodeRootsCostSampleThreshold        = 100                                    {diagnostic} {default}
     uint G1NumCollectionsKeepPinned               = 8                                      {diagnostic} {default}
    uintx G1PeriodicGCInterval                     = 0                                      {manageable} {default}
     bool G1PeriodicGCInvokesConcurrent            = true                                      {product} {default}
   double G1PeriodicGCSystemLoadThreshold          = 0.000000                               {manageable} {default}
     uint G1RSetUpdatingPauseTimePercent           = 10                                        {product} {default}
     uint G1RefProcDrainInterval                   = 1000                                      {product} {default}
     uint G1ReservePercent                         = 10                                        {product} {default}
     uint G1RestoreRetainedRegionChunksPerWorker   = 16                                     {diagnostic} {default}
     uint G1SATBBufferEnqueueingThresholdPercent   = 60                                        {product} {default}
   size_t G1SATBBufferSize                         = 1024                                      {product} {default}
     uint G1ShrinkByPercentOfAvailable             = 50                                     {diagnostic} {default}
    uintx G1SummarizeRSetStatsPeriod               = 0                                      {diagnostic} {default}
   size_t G1UpdateBufferSize                       = 256                                       {product} {default}
     bool G1UseAdaptiveIHOP                        = true                                      {product} {default}
     bool G1UseConcRefinement                      = true                                   {diagnostic} {default}
     bool G1VerifyHeapRegionCodeRoots              = false                                  {diagnostic} {default}
     uint GCCardSizeInBytes                        = 512                                       {product} {default}
     uint GCDrainStackTargetSize                   = 64                                        {product} {default}
     uint GCHeapFreeLimit                          = 2                                         {product} {default}
    uintx GCPauseIntervalMillis                    = 201                                       {product} {default}
     uint GCTimeLimit                              = 98                                        {product} {default}
     uint GCTimeRatio                              = 24                                        {product} {default}
     intx GuaranteedAsyncDeflationInterval         = 60000                                  {diagnostic} {default}
     intx GuaranteedSafepointInterval              = 0                                      {diagnostic} {default}
     bool HandshakeALot                            = false                                  {diagnostic} {default}
     uint HandshakeTimeout                         = 0                                      {diagnostic} {default}
   size_t HeapBaseMinAddress                       = 2147483648                             {pd product} {default}
     bool HeapDumpAfterFullGC                      = false                                  {manageable} {default}
     bool HeapDumpBeforeFullGC                     = false                                  {manageable} {default}
      int HeapDumpGzipLevel                        = 0                                      {manageable} {default}
     bool HeapDumpOnOutOfMemoryError               = false                                  {manageable} {default}
    ccstr HeapDumpPath                             =                                        {manageable} {default}
    uintx HeapMaximumCompactionInterval            = 20                                        {product} {default}
    uintx HeapSearchSteps                          = 3                                         {product} {default}
   size_t HeapSizePerGCThread                      = 43620760                                  {product} {default}
     uint IFGEdgesLimit                            = 10000000                            {C2 diagnostic} {default}
     bool IdealizeClearArrayNode                   = true                             {C2 pd diagnostic} {default}
     bool IgnoreEmptyClassPaths                    = false                                     {product} {default}
     bool IgnoreUnrecognizedVMOptions              = false                                     {product} {default}
     bool ImplicitNullChecks                       = true                                {pd diagnostic} {default}
    uintx IncreaseFirstTierCompileThresholdAt      = 50                                        {product} {default}
     bool IncrementalInline                        = true                                   {C2 product} {default}
     bool IncrementalInlineForceCleanup            = false                               {C2 diagnostic} {default}
     bool IncrementalInlineMH                      = true                                {C2 diagnostic} {default}
     bool IncrementalInlineVirtual                 = true                                {C2 diagnostic} {default}
     intx InitArrayShortSize                       = 64                                  {pd diagnostic} {default}
   size_t InitialCodeCacheSize                     = 2555904                                {pd product} {default}
   size_t InitialHeapSize                          = 2147483648                                {product} {ergonomic}
   double InitialRAMPercentage                     = 1.562500                                  {product} {default}
    uintx InitialSurvivorRatio                     = 8                                         {product} {default}
     uint InitialTenuringThreshold                 = 7                                         {product} {default}
     uint InitiatingHeapOccupancyPercent           = 45                                        {product} {default}
     bool InjectGCWorkerCreationFailure            = false                                  {diagnostic} {default}
     bool Inline                                   = true                                      {product} {default}
     bool InlineArrayCopy                          = true                                   {diagnostic} {default}
     bool InlineClassNatives                       = true                                   {diagnostic} {default}
    ccstr InlineDataFile                           =                                           {product} {default}
   double InlineFrequencyRatio                     = 0.250000                               {diagnostic} {default}
     bool InlineMathNatives                        = true                                   {diagnostic} {default}
     bool InlineNatives                            = true                                   {diagnostic} {default}
     bool InlineObjectCopy                         = true                                {C2 diagnostic} {default}
     bool InlineObjectHash                         = true                                   {diagnostic} {default}
     bool InlineReflectionGetCallerClass           = true                                {C2 diagnostic} {default}
     bool InlineSecondarySupersTest                = true                                {C2 diagnostic} {default}
     intx InlineSmallCode                          = 2500                                {C2 pd product} {default}
     bool InlineSynchronizedMethods                = true                                   {C1 product} {default}
     bool InlineThreadNatives                      = true                                   {diagnostic} {default}
     bool InlineUnsafeOps                          = true                                   {diagnostic} {default}
     bool IntelJccErratumMitigation                = true                              {ARCH diagnostic} {default}
     intx InteriorEntryAlignment                   = 16                                  {C2 pd product} {default}
     intx InterpreterProfilePercentage             = 33                                        {product} {default}
     bool JavaMonitorsInStackTrace                 = true                                      {product} {default}
      int JavaPriority10_To_OSPriority             = -1                                        {product} {default}
      int JavaPriority1_To_OSPriority              = -1                                        {product} {default}
      int JavaPriority2_To_OSPriority              = -1                                        {product} {default}
      int JavaPriority3_To_OSPriority              = -1                                        {product} {default}
      int JavaPriority4_To_OSPriority              = -1                                        {product} {default}
      int JavaPriority5_To_OSPriority              = -1                                        {product} {default}
      int JavaPriority6_To_OSPriority              = -1                                        {product} {default}
      int JavaPriority7_To_OSPriority              = -1                                        {product} {default}
      int JavaPriority8_To_OSPriority              = -1                                        {product} {default}
      int JavaPriority9_To_OSPriority              = -1                                        {product} {default}
   size_t LargePageHeapSizeThreshold               = 134217728                                 {product} {default}
   size_t LargePageSizeInBytes                     = 0                                         {product} {default}
      int LightweightFastLockingSpins              = 13                                     {diagnostic} {default}
     intx LiveNodeCountInliningCutoff              = 40000                                  {C2 product} {default}
     bool LoadExecStackDllInVMThread               = true                                      {product} {default}
    ccstr LogClassLoadingCauseFor                  =                                           {product} {default}
     bool LogCompilation                           = false                                  {diagnostic} {default}
     bool LogEvents                                = true                                   {diagnostic} {default}
      int LogEventsBufferEntries                   = 20                                     {diagnostic} {default}
    ccstr LogFile                                  = vmprops.flags.final.vm.log             {diagnostic} {command line}
     bool LogVMOutput                              = true                                   {diagnostic} {command line}
     intx LoopMaxUnroll                            = 16                                     {C2 product} {default}
     bool LoopMultiversioning                      = true                                {C2 diagnostic} {default}
     intx LoopOptsCount                            = 43                                     {C2 product} {default}
     intx LoopPercentProfileLimit                  = 10                                  {C2 pd product} {default}
    uintx LoopStripMiningIter                      = 1000                                   {C2 product} {default}
    uintx LoopStripMiningIterShortLoop             = 100                                    {C2 product} {default}
     intx LoopUnrollLimit                          = 60                                  {C2 pd product} {default}
     intx LoopUnrollMin                            = 4                                      {C2 product} {default}
     bool LoopUnswitching                          = true                                   {C2 product} {default}
    ccstr MallocLimit                              =                                        {diagnostic} {default}
     bool ManagementServer                         = false                                     {product} {default}
   size_t MarkStackSize                            = 8388608                                   {product} {ergonomic}
   size_t MarkStackSizeMax                         = 536870912                                 {product} {ergonomic}
     uint MarkSweepAlwaysCompactCount              = 4                                         {product} {default}
     uint MarkSweepDeadRatio                       = 5                                         {product} {default}
     intx MaxBCEAEstimateLevel                     = 5                                         {product} {default}
     intx MaxBCEAEstimateSize                      = 150                                       {product} {default}
 uint64_t MaxDirectMemorySize                      = 0                                         {product} {default}
     bool MaxFDLimit                               = true                                      {product} {default}
    uintx MaxGCPauseMillis                         = 200                                       {product} {default}
    uintx MaxHeapFreeRatio                         = 70                                     {manageable} {default}
   size_t MaxHeapSize                              = 32178700288                               {product} {ergonomic}
     intx MaxInlineLevel                           = 15                                     {C2 product} {default}
     intx MaxInlineSize                            = 35                                     {C2 product} {default}
     intx MaxJNILocalCapacity                      = 65536                                     {product} {default}
      int MaxJavaStackTraceDepth                   = 1024                                      {product} {default}
     intx MaxJumpTableSize                         = 65000                                  {C2 product} {default}
     intx MaxJumpTableSparseness                   = 5                                      {C2 product} {default}
     intx MaxLabelRootDepth                        = 1100                                   {C2 product} {default}
     intx MaxLoopPad                               = 15                                     {C2 product} {default}
   size_t MaxMetaspaceExpansion                    = 5439488                                   {product} {default}
     uint MaxMetaspaceFreeRatio                    = 70                                        {product} {default}
   size_t MaxMetaspaceSize                         = 18446744073709551615                      {product} {default}
   size_t MaxNewSize                               = 19293798400                               {product} {ergonomic}
     intx MaxNodeLimit                             = 80000                                  {C2 product} {default}
 uint64_t MaxRAM                                   = 137438953472                           {pd product} {default}
   double MaxRAMPercentage                         = 25.000000                                 {product} {default}
     intx MaxRecursiveInlineLevel                  = 1                                      {C2 product} {default}
     uint MaxTenuringThreshold                     = 15                                        {product} {default}
     intx MaxTrivialSize                           = 6                                      {C2 product} {default}
     intx MaxVectorSize                            = 32                                     {C2 product} {default}
     bool MergeStores                              = true                                {C2 diagnostic} {default}
   size_t MetaspaceSize                            = 22020096                                  {product} {default}
     bool MethodFlushing                           = true                                      {product} {default}
   size_t MinHeapDeltaBytes                        = 16777216                                  {product} {ergonomic}
    uintx MinHeapFreeRatio                         = 40                                     {manageable} {default}
   size_t MinHeapSize                              = 16777216                                  {product} {ergonomic}
   double MinInlineFrequencyRatio                  = 0.008500                               {diagnostic} {default}
     intx MinJumpTableSize                         = 10                                  {C2 pd product} {default}
   size_t MinMetaspaceExpansion                    = 327680                                    {product} {default}
     uint MinMetaspaceFreeRatio                    = 40                                        {product} {default}
     intx MinPassesBeforeFlush                     = 10                                     {diagnostic} {default}
   double MinRAMPercentage                         = 50.000000                                 {product} {default}
    uintx MinSurvivorRatio                         = 3                                         {product} {default}
   size_t MinTLABSize                              = 2048                                      {product} {default}
     intx MonitorDeflationMax                      = 1000000                                {diagnostic} {default}
     intx MonitorUnlinkBatch                       = 500                                    {diagnostic} {default}
      int MonitorUsedDeflationThreshold            = 90                                     {diagnostic} {default}
     intx MultiArrayExpandLimit                    = 6                                      {C2 product} {default}
    uintx NUMAChunkResizeWeight                    = 20                                        {product} {default}
   size_t NUMAInterleaveGranularity                = 2097152                                   {product} {default}
   size_t NUMASpaceResizeRate                      = 1073741824                                {product} {default}
     bool NUMAStats                                = false                                     {product} {default}
    ccstr NativeMemoryTracking                     = off                                       {product} {default}
     bool NeverActAsServerClassMachine             = false                                  {pd product} {default}
     bool NeverTenure                              = false                                     {product} {default}
    uintx NewRatio                                 = 2                                         {product} {default}
   size_t NewSize                                  = 1363144                                   {product} {default}
   size_t NewSizeThreadIncrease                    = 5320                                   {pd product} {default}
     intx NmethodSweepActivity                     = 4                                         {product} {default}
    uintx NoAsyncDeflationProgressMax              = 3                                      {diagnostic} {default}
     intx NodeLimitFudgeFactor                     = 2000                                   {C2 product} {default}
   size_t NonNMethodCodeHeapSize                   = 9961472                                {pd product} {ergonomic}
   size_t NonProfiledCodeHeapSize                  = 120852480                              {pd product} {ergonomic}
     intx NumberOfLoopInstrToAlign                 = 4                                      {C2 product} {default}
      int ObjectAlignmentInBytes                   = 8                              {product lp64_product} {default}
   size_t OldPLABSize                              = 1024                                      {product} {default}
     bool OmitStackTraceInFastThrow                = true                                      {product} {default}
ccstrlist OnError                                  =                                           {product} {default}
ccstrlist OnOutOfMemoryError                       =                                           {product} {default}
     intx OnStackReplacePercentage                 = 140                                    {pd product} {default}
     bool OptimizeExpensiveOps                     = true                                {C2 diagnostic} {default}
     bool OptimizeFill                             = false                                  {C2 product} {default}
     bool OptimizePtrCompare                       = true                                   {C2 product} {default}
     bool OptimizeStringConcat                     = true                                   {C2 product} {default}
     bool OptimizeUnstableIf                       = true                                {C2 diagnostic} {default}
     bool OptoBundling                             = false                               {C2 pd product} {default}
     intx OptoLoopAlignment                        = 16                                     {pd product} {default}
     bool OptoRegScheduling                        = true                                {C2 pd product} {default}
     bool OptoScheduling                           = false                               {C2 pd product} {default}
     uint PLABWeight                               = 75                                        {product} {default}
     bool PSChunkLargeArrays                       = true                                      {product} {default}
      int ParGCArrayScanChunk                      = 50                                        {product} {default}
     uint ParallelGCBufferWastePct                 = 10                                        {product} {default}
     uint ParallelGCThreads                        = 163                                       {product} {default}
     bool ParallelRefProcBalancingEnabled          = true                                      {product} {default}
     bool ParallelRefProcEnabled                   = true                                      {product} {default}
     bool PartialPeelAtUnsignedTests               = true                                   {C2 product} {default}
     bool PartialPeelLoop                          = true                                   {C2 product} {default}
     intx PartialPeelNewPhiDelta                   = 0                                      {C2 product} {default}
     bool PauseAtExit                              = false                                  {diagnostic} {default}
     bool PauseAtStartup                           = false                                  {diagnostic} {default}
    ccstr PauseAtStartupFile                       =                                        {diagnostic} {default}
     uint PausePadding                             = 1                                         {product} {default}
     intx PerBytecodeRecompilationCutoff           = 200                                       {product} {default}
     intx PerBytecodeTrapLimit                     = 4                                         {product} {default}
     intx PerMethodRecompilationCutoff             = 400                                       {product} {default}
     intx PerMethodTrapLimit                       = 100                                       {product} {default}
     bool PerfAllowAtExitRegistration              = false                                     {product} {default}
     bool PerfBypassFileSystemCheck                = false                                     {product} {default}
      int PerfDataMemorySize                       = 32768                                     {product} {default}
    ccstr PerfDataSaveFile                         =                                           {product} {default}
     bool PerfDataSaveToFile                       = false                                     {product} {default}
     bool PerfDisableSharedMem                     = false                                     {product} {default}
      int PerfMaxStringConstLength                 = 1024                                      {product} {default}
   size_t PreTouchParallelChunkSize                = 4194304                                {pd product} {default}
     bool PreferInterpreterNativeStubs             = false                                  {pd product} {default}
     intx PrefetchCopyIntervalInBytes              = 576                                       {product} {default}
     intx PrefetchScanIntervalInBytes              = 576                                       {product} {default}
     bool PreserveFramePointer                     = false                                  {pd product} {default}
   size_t PretenureSizeThreshold                   = 0                                         {product} {default}
     bool PrintAdapterHandlers                     = false                                  {diagnostic} {default}
     bool PrintAssembly                            = false                                  {diagnostic} {default}
    ccstr PrintAssemblyOptions                     =                                        {diagnostic} {default}
     bool PrintClassHistogram                      = false                                  {manageable} {default}
     bool PrintCodeCache                           = false                                     {product} {default}
     bool PrintCodeCacheOnCompilation              = false                                     {product} {default}
     bool PrintCodeHeapAnalytics                   = false                                  {diagnostic} {default}
     bool PrintCommandLineFlags                    = false                                     {product} {default}
     bool PrintCompilation                         = false                                     {product} {default}
     bool PrintCompilation2                        = false                                  {diagnostic} {default}
     bool PrintCompilerMemoryStatisticsAtExit      = false                                  {diagnostic} {default}
     bool PrintConcurrentLocks                     = false                                  {manageable} {default}
     bool PrintExtendedThreadInfo                  = false                                     {product} {default}
     bool PrintFlagsFinal                          = true                                      {product} {command line}
     bool PrintFlagsInitial                        = false                                     {product} {default}
     bool PrintFlagsRanges                         = false                                     {product} {default}
     bool PrintGC                                  = false                                     {product} {default}
     bool PrintGCDetails                           = false                                     {product} {default}
     bool PrintHeapAtSIGBREAK                      = true                                      {product} {default}
     bool PrintInlining                            = false                                  {diagnostic} {default}
     bool PrintInterpreter                         = false                                  {diagnostic} {default}
     bool PrintIntrinsics                          = false                               {C2 diagnostic} {default}
     bool PrintMemoryMapAtExit                     = false                                  {diagnostic} {default}
     bool PrintMetaspaceStatisticsAtExit           = false                                  {diagnostic} {default}
     bool PrintMethodData                          = false                                  {diagnostic} {default}
     bool PrintMethodHandleStubs                   = false                                  {diagnostic} {default}
     bool PrintNMTStatistics                       = false                                  {diagnostic} {default}
     bool PrintNMethods                            = false                                  {diagnostic} {default}
     bool PrintNativeNMethods                      = false                                  {diagnostic} {default}
     bool PrintOptoAssembly                        = false                               {C2 diagnostic} {default}
     bool PrintSharedArchiveAndExit                = false                                     {product} {default}
     bool PrintSignatureHandlers                   = false                                  {diagnostic} {default}
     bool PrintStringTableStatistics               = false                                     {product} {default}
     bool PrintStubCode                            = false                                  {diagnostic} {default}
     bool PrintTieredEvents                        = false                                     {product} {default}
     bool PrintVMInfoAtExit                        = false                                  {diagnostic} {default}
     bool PrintVMOptions                           = false                                     {product} {default}
     bool PrintWarnings                            = true                                      {product} {default}
     bool ProfileDynamicTypes                      = true                                {C2 diagnostic} {default}
     bool ProfileExceptionHandlers                 = true                                      {product} {default}
     bool ProfileInterpreter                       = true                                   {pd product} {default}
     intx ProfileMaturityPercentage                = 20                                        {product} {default}
   size_t ProfiledCodeHeapSize                     = 120844288                              {pd product} {ergonomic}
     uint PromotedPadding                          = 3                                         {product} {default}
    uintx QueuedAllocationWarningCount             = 0                                         {product} {default}
     bool RangeCheckElimination                    = true                                      {product} {default}
     bool ReassociateInvariants                    = true                                   {C2 product} {default}
     bool RecordDynamicDumpInfo                    = false                                     {product} {default}
     bool ReduceAllocationMerges                   = true                                {C2 diagnostic} {default}
     bool ReduceBulkZeroing                        = true                                   {C2 product} {default}
     bool ReduceFieldZeroing                       = true                                   {C2 product} {default}
     bool ReduceInitialCardMarks                   = true                                   {C2 product} {default}
     bool ReduceNumberOfCompilerThreads            = true                                   {diagnostic} {default}
     bool ReduceSignalUsage                        = false                                     {product} {default}
     bool RelaxAccessControlCheck                  = false                                     {product} {default}
     intx RepeatCompilation                        = 0                                      {diagnostic} {default}
     bool ReplayCompiles                           = false                                  {diagnostic} {default}
    ccstr ReplayDataFile                           =                                           {product} {default}
     bool ReplayIgnoreInitErrors                   = false                                  {diagnostic} {default}
     intx ReplaySuppressInitializers               = 2                                      {diagnostic} {default}
   size_t ReservedCodeCacheSize                    = 251658240                              {pd product} {ergonomic}
     bool ResizePLAB                               = true                                      {product} {default}
     bool ResizeTLAB                               = true                                      {product} {default}
     bool RestoreMXCSROnJNICalls                   = false                                     {product} {default}
     bool RestrictContended                        = true                                      {product} {default}
     bool RestrictReservedStack                    = true                                      {product} {default}
     bool RewriteBytecodes                         = true                                   {pd product} {default}
     bool RewriteFrequentPairs                     = true                                   {pd product} {default}
     bool SafepointALot                            = false                                  {diagnostic} {default}
     bool SafepointTimeout                         = false                                     {product} {default}
   double SafepointTimeoutDelay                    = 10000.000000                              {product} {default}
     intx ScavengeRootsInCode                      = 2                                      {diagnostic} {default}
     bool SegmentedCodeCache                       = true                                      {product} {ergonomic}
   double SelfDestructTimer                        = 0.000000                                  {product} {default}
     bool SerializeVMOutput                        = true                                   {diagnostic} {default}
     intx ServiceThreadCleanupInterval             = 1000                                   {diagnostic} {default}
    ccstr SharedArchiveConfigFile                  =                                           {product} {default}
    ccstr SharedArchiveFile                        =                                           {product} {default}
   size_t SharedBaseAddress                        = 905969664                                 {product} {default}
    ccstr SharedClassListFile                      =                                           {product} {default}
     uint SharedSymbolTableBucketSize              = 4                                         {product} {default}
     bool ShenandoahAllocFailureALot               = false                                  {diagnostic} {default}
     bool ShenandoahAllowOldMarkingPreemption      = true                                   {diagnostic} {default}
     bool ShenandoahCASBarrier                     = true                                   {diagnostic} {default}
     bool ShenandoahCardBarrier                    = false                                  {diagnostic} {default}
     bool ShenandoahCloneBarrier                   = true                                   {diagnostic} {default}
    uintx ShenandoahCoalesceChance                 = 0                                      {diagnostic} {default}
     bool ShenandoahDegeneratedGC                  = true                                   {diagnostic} {default}
    ccstr ShenandoahGCHeuristics                   = adaptive                                  {product} {default}
    ccstr ShenandoahGCMode                         = satb                                      {product} {default}
     bool ShenandoahHumongousMoves                 = true                                   {diagnostic} {default}
     bool ShenandoahLoadRefBarrier                 = true                                   {diagnostic} {default}
     bool ShenandoahOOMDuringEvacALot              = false                                  {diagnostic} {default}
     bool ShenandoahSATBBarrier                    = true                                   {diagnostic} {default}
     bool ShenandoahStackWatermarkBarrier          = true                                   {diagnostic} {default}
     bool ShenandoahVerify                         = false                                  {diagnostic} {default}
     intx ShenandoahVerifyLevel                    = 4                                      {diagnostic} {default}
     bool ShowCarrierFrames                        = false                                  {diagnostic} {default}
     bool ShowCodeDetailsInExceptionMessages       = true                                   {manageable} {default}
     bool ShowHiddenFrames                         = false                                  {diagnostic} {default}
     bool ShowMessageBoxOnError                    = false                                     {product} {default}
     bool ShowRegistersOnAssert                    = true                                   {diagnostic} {default}
     bool ShrinkHeapInSteps                        = true                                      {product} {default}
     bool SkipTier2IfPossible                      = false                                  {diagnostic} {default}
   size_t SoftMaxHeapSize                          = 32178700288                            {manageable} {ergonomic}
     intx SoftRefLRUPolicyMSPerMB                  = 1000                                      {product} {default}
     bool SpecialArraysEquals                      = true                                {C2 diagnostic} {default}
     bool SpecialEncodeISOArray                    = true                                {C2 diagnostic} {default}
     bool SpecialStringCompareTo                   = true                                {C2 diagnostic} {default}
     bool SpecialStringEquals                      = true                                {C2 diagnostic} {default}
     bool SpecialStringIndexOf                     = true                                {C2 diagnostic} {default}
     bool SplitIfBlocks                            = true                                   {C2 product} {default}
     intx StackRedPages                            = 1                                      {pd product} {default}
     intx StackReservedPages                       = 1                                      {pd product} {default}
     intx StackShadowPages                         = 20                                     {pd product} {default}
     bool StackTraceInThrowable                    = true                                      {product} {default}
     intx StackYellowPages                         = 2                                      {pd product} {default}
    uintx StartAggressiveSweepingAt                = 10                                        {product} {default}
     bool StartAttachListener                      = false                                     {product} {default}
    ccstr StartFlightRecording                     =                                           {product} {default}
     bool StressCCP                                = false                               {C2 diagnostic} {default}
     bool StressGCM                                = false                               {C2 diagnostic} {default}
     bool StressIGVN                               = false                               {C2 diagnostic} {default}
     bool StressIncrementalInlining                = false                               {C2 diagnostic} {default}
     bool StressLCM                                = false                               {C2 diagnostic} {default}
     bool StressLdcRewrite                         = false                                  {diagnostic} {default}
     bool StressMacroElimination                   = false                               {C2 diagnostic} {default}
     bool StressMacroExpansion                     = false                               {C2 diagnostic} {default}
     bool StressSecondarySupers                    = false                                  {diagnostic} {default}
     uint StressSeed                               = 0                                   {C2 diagnostic} {default}
     bool StressUnstableIfTraps                    = false                               {C2 diagnostic} {default}
     uint StringDeduplicationAgeThreshold          = 3                                         {product} {default}
 uint64_t StringDeduplicationHashSeed              = 0                                      {diagnostic} {default}
     bool StringDeduplicationResizeALot            = false                                  {diagnostic} {default}
    uintx StringTableSize                          = 65536                                     {product} {default}
     uint SuperWordAutomaticAlignment              = 1                                   {C2 diagnostic} {default}
     bool SuperWordLoopUnrollAnalysis              = true                                {C2 pd product} {default}
     bool SuperWordReductions                      = true                                   {C2 product} {default}
     uint SuperWordStoreToLoadForwardingFailureDetection  = 16                        {C2 pd diagnostic} {default}
     bool SuppressFatalErrorMessage                = false                                     {product} {default}
     uint SurvivorPadding                          = 3                                         {product} {default}
    uintx SurvivorRatio                            = 8                                         {product} {default}
   double SweeperThreshold                         = 15.000000                                 {product} {default}
     bool THPStackMitigation                       = true                                   {diagnostic} {default}
    uintx TLABAllocationWeight                     = 35                                        {product} {default}
    uintx TLABRefillWasteFraction                  = 64                                        {product} {default}
   size_t TLABSize                                 = 0                                         {product} {default}
    uintx TLABWasteIncrement                       = 4                                         {product} {default}
    uintx TLABWasteTargetPercent                   = 1                                         {product} {default}
     uint TargetPLABWastePct                       = 10                                        {product} {default}
     uint TargetSurvivorRatio                      = 50                                        {product} {default}
     uint TenuredGenerationSizeIncrement           = 20                                        {product} {default}
     uint TenuredGenerationSizeSupplement          = 80                                        {product} {default}
    uintx TenuredGenerationSizeSupplementDecay     = 2                                         {product} {default}
      int ThreadPriorityPolicy                     = 0                                         {product} {default}
     bool ThreadPriorityVerbose                    = false                                     {product} {default}
     intx ThreadStackSize                          = 1024                                   {pd product} {default}
     uint ThresholdTolerance                       = 10                                        {product} {default}
     intx Tier0BackedgeNotifyFreqLog               = 10                                        {product} {default}
     intx Tier0Delay                               = 20                                     {diagnostic} {default}
     intx Tier0InvokeNotifyFreqLog                 = 7                                         {product} {default}
   double Tier0ProfileDelayFactor                  = 100.000000                             {diagnostic} {default}
     intx Tier0ProfilingStartPercentage            = 200                                       {product} {default}
     intx Tier23InlineeNotifyFreqLog               = 20                                        {product} {default}
     intx Tier2BackEdgeThreshold                   = 0                                         {product} {default}
     intx Tier2BackedgeNotifyFreqLog               = 14                                        {product} {default}
     intx Tier2CompileThreshold                    = 0                                         {product} {default}
     intx Tier2InvokeNotifyFreqLog                 = 11                                        {product} {default}
   double Tier2ProfileDelayFactor                  = 250.000000                             {diagnostic} {default}
     intx Tier3BackEdgeThreshold                   = 60000                                     {product} {default}
     intx Tier3BackedgeNotifyFreqLog               = 13                                        {product} {default}
     intx Tier3CompileThreshold                    = 2000                                      {product} {default}
     intx Tier3DelayOff                            = 2                                         {product} {default}
     intx Tier3DelayOn                             = 5                                         {product} {default}
     intx Tier3InvocationThreshold                 = 200                                       {product} {default}
     intx Tier3InvokeNotifyFreqLog                 = 10                                        {product} {default}
     intx Tier3LoadFeedback                        = 5                                         {product} {default}
     intx Tier3MinInvocationThreshold              = 100                                       {product} {default}
     intx Tier4BackEdgeThreshold                   = 40000                                     {product} {default}
     intx Tier4CompileThreshold                    = 15000                                     {product} {default}
     intx Tier4InvocationThreshold                 = 5000                                      {product} {default}
     intx Tier4LoadFeedback                        = 3                                         {product} {default}
     intx Tier4MinInvocationThreshold              = 600                                       {product} {default}
     bool TieredCompilation                        = true                                   {pd product} {default}
     intx TieredCompileTaskTimeout                 = 50                                        {product} {default}
     intx TieredOldPercentage                      = 1000                                   {diagnostic} {default}
     intx TieredRateUpdateMaxTime                  = 25                                        {product} {default}
     intx TieredRateUpdateMinTime                  = 1                                         {product} {default}
     intx TieredStopAtLevel                        = 4                                         {product} {default}
     bool TraceCompilerThreads                     = false                                  {diagnostic} {default}
     bool TraceDeoptimization                      = false                                  {diagnostic} {default}
    ccstr TraceJVMTI                               =                                           {product} {default}
     bool TraceSpilling                            = false                               {C2 diagnostic} {default}
     bool TraceTypeProfile                         = false                               {C2 diagnostic} {default}
     intx TrackedInitializationLimit               = 50                                     {C2 product} {default}
     bool TrapBasedNullChecks                      = false                                  {pd product} {default}
     bool TrapBasedRangeChecks                     = false                               {C2 pd product} {default}
     uint TrimNativeHeapInterval                   = 0                                         {product} {default}
      int TypeProfileArgsLimit                     = 2                                         {product} {default}
     uint TypeProfileLevel                         = 111                                    {pd product} {default}
     intx TypeProfileMajorReceiverPercent          = 90                                     {C2 product} {default}
      int TypeProfileParmsLimit                    = 2                                         {product} {default}
     intx TypeProfileSubTypeCheckCommonThreshold   = 50                                     {C2 product} {default}
     intx TypeProfileWidth                         = 2                                         {product} {default}
      int UnguardOnExecutionViolation              = 0                                         {product} {default}
     bool UnlockDiagnosticVMOptions                = true                                   {diagnostic} {command line}
     bool UseAES                                   = true                                      {product} {default}
     bool UseAESCTRIntrinsics                      = true                                   {diagnostic} {default}
     bool UseAESIntrinsics                         = true                                   {diagnostic} {default}
      int UseAVX                                   = 2                                    {ARCH product} {default}
     bool UseAdaptiveGenerationSizePolicyAtMajorCollection  = true                             {product} {default}
     bool UseAdaptiveGenerationSizePolicyAtMinorCollection  = true                             {product} {default}
     bool UseAdaptiveNUMAChunkSizing               = true                                      {product} {default}
     bool UseAdaptiveSizeDecayMajorGCCost          = true                                      {product} {default}
     bool UseAdaptiveSizePolicy                    = true                                      {product} {default}
     bool UseAdaptiveSizePolicyFootprintGoal       = true                                      {product} {default}
     bool UseAdaptiveSizePolicyWithSystemGC        = false                                     {product} {default}
     bool UseAddressNop                            = true                                 {ARCH product} {default}
     bool UseAdler32Intrinsics                     = true                                   {diagnostic} {default}
     bool UseBASE64Intrinsics                      = true                                      {product} {default}
     bool UseBMI1Instructions                      = true                                 {ARCH product} {default}
     bool UseBMI2Instructions                      = true                                 {ARCH product} {default}
     bool UseBimorphicInlining                     = true                                   {C2 product} {default}
      int UseBootstrapCallInfo                     = 1                                      {diagnostic} {default}
     bool UseCLMUL                                 = true                                 {ARCH product} {default}
     bool UseCMoveUnconditionally                  = false                                  {C2 product} {default}
     bool UseCRC32CIntrinsics                      = true                                   {diagnostic} {default}
     bool UseCRC32Intrinsics                       = true                                   {diagnostic} {default}
     bool UseChaCha20Intrinsics                    = true                                   {diagnostic} {default}
     bool UseCharacterCompareIntrinsics            = false                               {C2 diagnostic} {default}
     bool UseCodeCacheFlushing                     = true                                      {product} {default}
     bool UseCompactObjectHeaders                  = false                          {product lp64_product} {default}
     bool UseCompiler                              = true                                      {product} {default}
     bool UseCompressedClassPointers               = true                           {product lp64_product} {default}
     bool UseCompressedOops                        = true                           {product lp64_product} {ergonomic}
     bool UseCondCardMark                          = false                                     {product} {default}
     bool UseContainerSupport                      = true                                      {product} {default}
     bool UseCopySignIntrinsic                     = true                                   {diagnostic} {default}
     bool UseCountLeadingZerosInstruction          = true                                 {ARCH product} {default}
     bool UseCountTrailingZerosInstruction         = true                                 {ARCH product} {default}
     bool UseCountedLoopSafepoints                 = true                                   {C2 product} {default}
     bool UseCpuAllocPath                          = false                                  {diagnostic} {default}
     bool UseDilithiumIntrinsics                   = false                                  {diagnostic} {default}
     bool UseDivMod                                = true                                   {C2 product} {default}
     bool UseDynamicNumberOfCompilerThreads        = true                                      {product} {default}
     bool UseDynamicNumberOfGCThreads              = true                                      {product} {default}
     bool UseFMA                                   = true                                      {product} {default}
     bool UseFPUForSpilling                        = true                                   {C2 product} {default}
     bool UseFastJNIAccessors                      = true                                      {product} {default}
     bool UseFastStosb                             = false                                {ARCH product} {default}
     bool UseG1GC                                  = true                                      {product} {ergonomic}
     bool UseGCOverheadLimit                       = true                                      {product} {default}
     bool UseGHASHIntrinsics                       = true                                   {diagnostic} {default}
     bool UseIncDec                                = true                              {ARCH diagnostic} {default}
     bool UseInlineCaches                          = true                                      {product} {default}
     bool UseInlineDepthForSpeculativeTypes        = true                                {C2 diagnostic} {default}
     bool UseIntPolyIntrinsics                     = false                                  {diagnostic} {default}
     bool UseInterpreter                           = true                                      {product} {default}
     bool UseJumpTables                            = true                                   {C2 product} {default}
     bool UseKNLSetting                            = false                             {ARCH diagnostic} {default}
     bool UseKyberIntrinsics                       = false                                  {diagnostic} {default}
     bool UseLargePages                            = false                                  {pd product} {default}
     bool UseLargePagesIndividualAllocation        = false                                  {pd product} {default}
     bool UseLibmIntrinsic                         = true                              {ARCH diagnostic} {default}
     bool UseLoopCounter                           = true                                      {product} {default}
     bool UseLoopInvariantCodeMotion               = true                                   {C1 product} {default}
     bool UseLoopPredicate                         = true                                   {C2 product} {default}
     bool UseMD5Intrinsics                         = true                                   {diagnostic} {default}
     bool UseMadvPopulateWrite                     = true                                   {diagnostic} {default}
     bool UseMathExactIntrinsics                   = true                                {C2 diagnostic} {default}
     bool UseMaximumCompactionOnSystemGC           = true                                      {product} {default}
     bool UseMontgomeryMultiplyIntrinsic           = true                                {C2 diagnostic} {default}
     bool UseMontgomerySquareIntrinsic             = true                                {C2 diagnostic} {default}
     bool UseMulAddIntrinsic                       = true                                {C2 diagnostic} {default}
     bool UseMultiplyToLenIntrinsic                = true                                {C2 diagnostic} {default}
     bool UseNUMA                                  = false                                     {product} {default}
     bool UseNUMAInterleaving                      = false                                     {product} {default}
     bool UseNewCode                               = false                                  {diagnostic} {default}
     bool UseNewCode2                              = false                                  {diagnostic} {default}
     bool UseNewCode3                              = false                                  {diagnostic} {default}
     bool UseNewLongLShift                         = true                                 {ARCH product} {default}
     bool UseObjectMonitorTable                    = false                                  {diagnostic} {default}
     bool UseOnStackReplacement                    = true                                   {pd product} {default}
     bool UseOnlyInlinedBimorphic                  = true                                   {C2 product} {default}
     bool UsePSAdaptiveSurvivorSizePolicy          = true                                      {product} {default}
     bool UseParallelGC                            = false                                     {product} {default}
     bool UsePerfData                              = true                                      {product} {default}
     bool UsePoly1305Intrinsics                    = false                                  {diagnostic} {default}
     bool UsePopCountInstruction                   = true                                      {product} {default}
     bool UseProfiledLoopPredicate                 = true                                   {C2 product} {default}
     bool UseSHA                                   = true                                      {product} {default}
     bool UseSHA1Intrinsics                        = true                                   {diagnostic} {default}
     bool UseSHA256Intrinsics                      = true                                   {diagnostic} {default}
     bool UseSHA3Intrinsics                        = false                                  {diagnostic} {default}
     bool UseSHA512Intrinsics                      = true                                   {diagnostic} {default}
      int UseSSE                                   = 4                                    {ARCH product} {default}
     bool UseSSE42Intrinsics                       = true                                 {ARCH product} {default}
     bool UseSecondarySupersCache                  = true                                   {diagnostic} {default}
     bool UseSecondarySupersTable                  = true                                   {diagnostic} {default}
     bool UseSerialGC                              = false                                     {product} {default}
     bool UseShenandoahGC                          = false                                     {product} {default}
     bool UseSignalChaining                        = true                                      {product} {default}
     bool UseSignumIntrinsic                       = true                                   {diagnostic} {default}
     bool UseSquareToLenIntrinsic                  = true                                {C2 diagnostic} {default}
     bool UseStoreImmI16                           = true                                 {ARCH product} {default}
     bool UseStoreStoreForCtor                     = true                                {C2 diagnostic} {default}
     bool UseStringDeduplication                   = false                                     {product} {default}
     bool UseSubwordForMaxVector                   = true                                   {C2 product} {default}
     bool UseSuperWord                             = true                                   {C2 product} {default}
     bool UseSwitchProfiling                       = true                                   {diagnostic} {default}
     bool UseSystemMemoryBarrier                   = false                                     {product} {default}
     bool UseTLAB                                  = true                                      {product} {default}
     bool UseThreadPriorities                      = true                                   {pd product} {default}
     bool UseThreadsLockThrottleLock               = true                                   {diagnostic} {default}
     bool UseTransparentHugePages                  = false                                     {product} {default}
     bool UseTypeProfile                           = true                                      {product} {default}
     bool UseTypeSpeculation                       = true                                   {C2 product} {default}
     bool UseUnalignedAccesses                     = true                                   {diagnostic} {default}
     bool UseUnalignedLoadStores                   = true                                 {ARCH product} {default}
     bool UseVectorCmov                            = false                                  {C2 product} {default}
     bool UseVectorMacroLogic                      = true                                {C2 diagnostic} {default}
     bool UseVectorizedHashCodeIntrinsic           = true                                   {diagnostic} {default}
     bool UseVectorizedMismatchIntrinsic           = true                                   {diagnostic} {default}
     bool UseXMMForArrayCopy                       = true                                      {product} {default}
     bool UseXMMForObjInit                         = true                                 {ARCH product} {default}
     bool UseXmmI2D                                = true                                 {ARCH product} {default}
     bool UseXmmI2F                                = true                                 {ARCH product} {default}
     bool UseXmmLoadAndClearUpper                  = true                                 {ARCH product} {default}
     bool UseXmmRegToRegMoveAll                    = true                                 {ARCH product} {default}
     bool UseZGC                                   = false                                     {product} {default}
     intx UserThreadWaitAttemptsAtExit             = 30                                        {product} {default}
      int VMThreadPriority                         = -1                                        {product} {default}
     intx VMThreadStackSize                        = 1024                                   {pd product} {default}
     intx ValueMapInitialSize                      = 11                                     {C1 product} {default}
     intx ValueMapMaxLoopSize                      = 8                                      {C1 product} {default}
     intx ValueSearchLimit                         = 1000                                   {C2 product} {default}
     bool VerifyAdapterCalls                       = false                                  {diagnostic} {default}
     bool VerifyAfterGC                            = false                                  {diagnostic} {default}
      int VerifyArchivedFields                     = 0                                      {diagnostic} {default}
     bool VerifyBeforeExit                         = false                                  {diagnostic} {default}
     bool VerifyBeforeGC                           = false                                  {diagnostic} {default}
     bool VerifyBeforeIteration                    = false                                  {diagnostic} {default}
     uint VerifyConstraintCasts                    = 0                                   {C2 diagnostic} {default}
     bool VerifyDuringGC                           = false                                  {diagnostic} {default}
     bool VerifyDuringStartup                      = false                                  {diagnostic} {default}
    uintx VerifyGCStartAt                          = 0                                      {diagnostic} {default}
ccstrlist VerifyGCType                             =                                        {diagnostic} {default}
     bool VerifyMethodHandles                      = false                                  {diagnostic} {default}
     bool VerifyReceiverTypes                      = false                               {C2 diagnostic} {default}
     bool VerifySecondarySupers                    = false                                  {diagnostic} {default}
     bool VerifySharedSpaces                       = false                                     {product} {default}
     bool VerifyStringTableAtExit                  = false                                  {diagnostic} {default}
ccstrlist VerifySubSet                             =                                        {diagnostic} {default}
     bool WhiteBoxAPI                              = true                                   {diagnostic} {command line}
      int X86ICacheSync                            = 2                                 {ARCH diagnostic} {ergonomic}
     uint YoungGenerationSizeIncrement             = 20                                        {product} {default}
     uint YoungGenerationSizeSupplement            = 80                                        {product} {default}
    uintx YoungGenerationSizeSupplementDecay       = 8                                         {product} {default}
   size_t YoungPLABSize                            = 4096                                      {product} {default}
   double ZAllocationSpikeTolerance                = 2.000000                                  {product} {default}
     bool ZBufferStoreBarriers                     = true                                   {diagnostic} {default}
   double ZCollectionInterval                      = 0.000000                                  {product} {default}
   double ZCollectionIntervalMajor                 = -1.000000                                 {product} {default}
   double ZCollectionIntervalMinor                 = -1.000000                                 {product} {default}
     bool ZCollectionIntervalOnly                  = false                                     {product} {default}
   double ZFragmentationLimit                      = 5.000000                                  {product} {default}
    uintx ZIndexDistributorStrategy                = 0                                      {diagnostic} {default}
     uint ZOldGCThreads                            = 0                                      {diagnostic} {default}
     bool ZProactive                               = true                                      {product} {default}
     uint ZStatisticsInterval                      = 10                                     {diagnostic} {default}
     bool ZStressFastMediumPageAllocation          = false                                  {diagnostic} {default}
     bool ZStressRelocateInPlace                   = false                                  {diagnostic} {default}
      int ZTenuringThreshold                       = -1                                     {diagnostic} {default}
     bool ZUncommit                                = true                                      {product} {default}
    uintx ZUncommitDelay                           = 300                                       {product} {default}
     bool ZUseMediumPageSizeRange                  = true                                   {diagnostic} {default}
     bool ZVerifyForwarding                        = false                                  {diagnostic} {default}
     bool ZVerifyMarking                           = false                                  {diagnostic} {default}
     bool ZVerifyObjects                           = false                                  {diagnostic} {default}
     bool ZVerifyRemembered                        = false                                  {diagnostic} {default}
     bool ZVerifyRoots                             = false                                  {diagnostic} {default}
   double ZYoungCompactionLimit                    = 25.000000                                 {product} {default}
     uint ZYoungGCThreads                          = 0                                      {diagnostic} {default}
     bool ZeroTLAB                                 = false                                     {product} {default}
<dependency_failed type='leaf_type' ctxk='java/util/HashMap' witness='java/util/LinkedHashMap' stamp='0.057'/>
<dependency_failed type='leaf_type' ctxk='java/util/HashMap' witness='java/util/LinkedHashMap' stamp='0.057'/>
<dependency_failed type='leaf_type' ctxk='java/util/HashMap' witness='java/util/LinkedHashMap' stamp='0.057'/>
<dependency_failed type='leaf_type' ctxk='java/util/HashMap' witness='java/util/LinkedHashMap' stamp='0.057'/>
<dependency_failed type='leaf_type' ctxk='java/util/HashMap' witness='java/util/LinkedHashMap' stamp='0.057'/>
<dependency_failed type='unique_concrete_method_4' ctxk='jdk/internal/classfile/impl/AbstractPoolEntry$AbstractRefEntry' x='jdk.internal.classfile.impl.AbstractPoolEntry$ClassEntryImpl tag ()I' x2='jdk/internal/classfile/impl/AbstractPoolEntry$AbstractRefEntry' x3='jdk.internal.classfile.impl.AbstractPoolEntry tag ()I' witness='jdk/internal/classfile/impl/AbstractPoolEntry$StringEntryImpl' stamp='0.159'/>
<statistics type='deoptimization'>
Deoptimization traps recorded:
     8 (100.0%) total
  class_check/maybe_recompile/invokeinterface: 4 (50.0%)
         unstable_if/reinterpret/if_icmpne: 4 (50.0%)
</statistics>
<writer thread='2830686'/>
<destroy_vm stamp='0.162'/>
<tty_done stamp='0.162'/>
</tty>
<hotspot_log_done stamp='0.162'/>
</hotspot_log>
