#
# A fatal error has been detected by the Java Runtime Environment:
#
#  SIGSEGV (0xb) at pc=0x00007fe555d454cc, pid=390195, tid=390201
#
# JRE version:  (16.0) (slowdebug build )
# Java VM: Java HotSpot(TM) 64-Bit Server VM (slowdebug 16-internal+0-2020-10-22-1522536.neliasso..., mixed mode, tiered, compressed oops, serial gc, linux-amd64)
# Problematic frame:
# V  [libjvm.so+0xf204cc]  MethodMatcher::parse_method_pattern(char*&, char const*&, MethodMatcher*)+0x33a
#
# Core dump will be written. Default location: Core dumps may be processed with "/usr/share/apport/apport %p %s %c %d %P %E" (or dumping to /home/neliasso/jdkgit/jdk/open/make/core.390195)
#
#

---------------  S U M M A R Y ------------

Command Line: -Dapplication.home=/home/neliasso/jdkgit/jdk/build/linux-x64-slowdebug/jdk -Xms8m -XX:+UseSerialGC -Xms32M -Xmx512M -XX:TieredStopAtLevel=1 -Djdk.module.main=jdk.jlink jdk.jlink/jdk.tools.jmod.Main create --module-version 16-internal --target-platform linux-amd64 --module-path /home/neliasso/jdkgit/jdk/build/linux-x64-slowdebug/support/interim-jmods --libs /home/neliasso/jdkgit/jdk/build/linux-x64-slowdebug/support/modules_libs/java.base --cmds /home/neliasso/jdkgit/jdk/build/linux-x64-slowdebug/support/modules_cmds/java.base --config /home/neliasso/jdkgit/jdk/build/linux-x64-slowdebug/support/modules_conf/java.base --class-path /home/neliasso/jdkgit/jdk/build/linux-x64-slowdebug/jdk/modules/java.base --header-files /home/neliasso/jdkgit/jdk/build/linux-x64-slowdebug/support/modules_include/java.base --man-pages /home/neliasso/jdkgit/jdk/build/linux-x64-slowdebug/support/modules_man/java.base --legal-notices /home/neliasso/jdkgit/jdk/build/linux-x64-slowdebug/support/modules_legal/common:/home/neliasso/jdkgit/jdk/build/linux-x64-slowdebug/support/modules_legal/java.base --exclude **{_the.*,_*.marker,*.diz,*.debuginfo,*.dSYM/**,*.dSYM} /home/neliasso/jdkgit/jdk/build/linux-x64-slowdebug/support/interim-jmods/support/java.base.jmod

Host: neliasso08, Intel(R) Core(TM) i7-8750H CPU @ 2.20GHz, 12 cores, 31G, Ubuntu 20.04.1 LTS
Time: Tue Nov 17 18:31:43 2020 CET elapsed time: 0.453947 seconds (0d 0h 0m 0s)

---------------  T H R E A D  ---------------

Current thread (0x00007fe550026810):  JavaThread "Unknown thread" [_thread_in_vm, id=390201, stack(0x00007fe554bd5000,0x00007fe554cd6000)]

Stack: [0x00007fe554bd5000,0x00007fe554cd6000],  sp=0x00007fe554cd4400,  free space=1021k
Native frames: (J=compiled Java code, A=aot compiled Java code, j=interpreted, Vv=VM code, C=native code)
V  [libjvm.so+0xf204cc]  MethodMatcher::parse_method_pattern(char*&, char const*&, MethodMatcher*)+0x33a
V  [libjvm.so+0xf20c3c]  BasicMatcher::parse_method_pattern(char*, char const*&, bool)+0xa2
V  [libjvm.so+0x7bcfda]  CompilerDirectives::add_match(char*, char const*&)+0x2c
V  [libjvm.so+0x7bf2c4]  DirectivesStack::init()+0x62
V  [libjvm.so+0x7a3fb7]  compileBroker_init()+0x52
V  [libjvm.so+0xa8ba9a]  init_globals()+0x9b
V  [libjvm.so+0x11ab62c]  Threads::create_vm(JavaVMInitArgs*, bool*)+0x36e
V  [libjvm.so+0xb9753a]  JNI_CreateJavaVM_inner(JavaVM_**, void**, void*)+0xda
V  [libjvm.so+0xb9783f]  JNI_CreateJavaVM+0x32
C  [libjli.so+0x7324]  InitializeJVM+0x13d
C  [libjli.so+0x3f12]  JavaMain+0xdc
C  [libjli.so+0xac37]  ThreadJavaMain+0x27


siginfo: si_signo: 11 (SIGSEGV), si_code: 1 (SEGV_MAPERR), si_addr: 0x0000000000000000

Registers:
RAX=0x0000000000000000, RBX=0x00007fe55013b340, RCX=0x0000000000000000, RDX=0x00007fe554cd4670
RSP=0x00007fe554cd4400, RBP=0x00007fe554cd4a70, RSI=0x00007fe554cd4b28, RDI=0x00007fe554cd4a60
R8 =0x0000000000000000, R9 =0x000055c221fcf070, R10=0x00007fe5500008d0, R11=0x00007fe550000080
R12=0x00007ffd6da3720e, R13=0x00007ffd6da3720f, R14=0x00007ffd6da372c0, R15=0x00007fe554cd4fc0
RIP=0x00007fe555d454cc, EFLAGS=0x0000000000010246, CSGSFS=0x002b000000000033, ERR=0x0000000000000004
  TRAPNO=0x000000000000000e

Top of Stack: (sp=0x00007fe554cd4400)
0x00007fe554cd4400:   0000000000000000 00007fe55013b340
0x00007fe554cd4410:   00007fe554cd4b28 00007fe554cd4a98
0x00007fe554cd4420:   0000000000000000 0000000000000000
0x00007fe554cd4430:   0000000000000000 0000000000000000 

Instructions: (pc=0x00007fe555d454cc)
0x00007fe555d453cc:   ff 00 00 00 00 48 c7 85 70 fb ff ff 00 00 00 00
0x00007fe555d453dc:   48 c7 85 78 fb ff ff 00 00 00 00 48 c7 85 80 fb
0x00007fe555d453ec:   ff ff 00 00 00 00 48 c7 85 88 fb ff ff 00 00 00
0x00007fe555d453fc:   00 48 c7 85 90 fb ff ff 00 00 00 00 48 c7 85 98
0x00007fe555d4540c:   fb ff ff 00 00 00 00 48 c7 85 a0 fb ff ff 00 00
0x00007fe555d4541c:   00 00 48 c7 85 a8 fb ff ff 00 00 00 00 48 c7 85
0x00007fe555d4542c:   b0 fb ff ff 00 00 00 00 48 c7 85 b8 fb ff ff 00
0x00007fe555d4543c:   00 00 00 48 c7 85 c0 fb ff ff 00 00 00 00 48 c7
0x00007fe555d4544c:   85 c8 fb ff ff 00 00 00 00 48 c7 85 d0 fb ff ff
0x00007fe555d4545c:   00 00 00 00 48 c7 85 d8 fb ff ff 00 00 00 00 48
0x00007fe555d4546c:   c7 85 e0 fb ff ff 00 00 00 00 48 c7 85 e8 fb ff
0x00007fe555d4547c:   ff 00 00 00 00 48 c7 85 f0 fb ff ff 00 00 00 00
0x00007fe555d4548c:   48 c7 85 f8 fb ff ff 00 00 00 00 48 8d 95 00 fc
0x00007fe555d4549c:   ff ff b8 00 00 00 00 b9 7e 00 00 00 48 89 d7 f3
0x00007fe555d454ac:   48 ab c7 85 b8 f9 ff ff 00 00 00 00 c7 85 bc f9
0x00007fe555d454bc:   ff ff 00 00 00 00 48 8b 85 a0 f9 ff ff 48 8b 00
0x00007fe555d454cc:   0f b6 00 84 c0 74 36 48 8d 05 5e 93 ee 00 48 8b
0x00007fe555d454dc:   00 c6 00 58 48 8d 0d 29 2a 7f 00 48 8d 15 52 2a
0x00007fe555d454ec:   7f 00 be fe 00 00 00 48 8d 3d 6e 2a 7f 00 b8 00
0x00007fe555d454fc:   00 00 00 e8 70 99 8c ff e8 f5 22 08 00 48 8b 85
0x00007fe555d4550c:   a8 f9 ff ff 48 8b 00 48 8b 95 a0 f9 ff ff 48 89
0x00007fe555d4551c:   d6 48 89 c7 e8 99 f7 ff ff 83 f0 01 84 c0 74 4e
0x00007fe555d4552c:   48 8b 85 a0 f9 ff ff 48 8b 00 48 85 c0 0f 85 e5
0x00007fe555d4553c:   03 00 00 48 8d 05 f2 92 ee 00 48 8b 00 c6 00 58
0x00007fe555d4554c:   48 8d 0d 65 2a 7f 00 48 8d 15 86 2a 7f 00 be 01
0x00007fe555d4555c:   01 00 00 48 8d 3d 02 2a 7f 00 b8 00 00 00 00 e8
0x00007fe555d4556c:   04 99 8c ff e8 89 22 08 00 e9 aa 03 00 00 48 8d
0x00007fe555d4557c:   95 bc f9 ff ff 48 8b 85 a8 f9 ff ff 48 89 d6 48
0x00007fe555d4558c:   89 c7 e8 97 fb ff ff 48 8b 85 a8 f9 ff ff 48 8b
0x00007fe555d4559c:   00 48 8d b5 b8 f9 ff ff 48 8d 8d f0 fa ff ff 48
0x00007fe555d455ac:   8d 95 f0 f9 ff ff 49 89 f0 48 8d 35 4c 2a 7f 00
0x00007fe555d455bc:   48 89 c7 b8 00 00 00 00 e8 37 6c 3a ff 83 f8 02 



---------------  P R O C E S S  ---------------

uid  : 1000 euid : 1000 gid  : 1000 egid : 1000

umask: 0002 (-------w-)

Threads class SMR info:
_java_thread_list=0x00007fe556d05760, length=0, elements={
}
_java_thread_list_alloc_cnt=1, _java_thread_list_free_cnt=0, _java_thread_list_max=0, _nested_thread_list_max=0
_delete_lock_wait_cnt=0, _delete_lock_wait_max=0
_to_delete_list_cnt=0, _to_delete_list_max=0

Java Threads: ( => current thread )

Other Threads:

=>0x00007fe550026810 (exited) JavaThread "Unknown thread" [_thread_in_vm, id=390201, stack(0x00007fe554bd5000,0x00007fe554cd6000)]

Threads with active compile tasks:

VM state: not at safepoint (not fully initialized)

VM Mutex/Monitor currently owned by a thread: None

Heap address: 0x00000000e0000000, size: 512 MB, Compressed Oops mode: 32-bit
CDS disabled.
Compressed class space mapped at: 0x0000000100000000-0x0000000140000000, reserved size: 1073741824
Narrow klass base: 0x0000000000000000, Narrow klass shift: 3, Narrow klass range: 0x140000000

GC Precious Log:
 CPUs: 12 total, 12 available
 Memory: 31752M
 Large Page Support: Disabled
 NUMA Support: Disabled
 Compressed Oops: Enabled (32-bit)
 Heap Min Capacity: 32M
 Heap Initial Capacity: 32M
 Heap Max Capacity: 512M
 Pre-touch: Disabled

Heap:
 def new generation   total 9792K, used 174K [0x00000000e0000000, 0x00000000e0aa0000, 0x00000000eaaa0000)
  eden space 8704K,   2% used [0x00000000e0000000, 0x00000000e002b860, 0x00000000e0880000)
  from space 1088K,   0% used [0x00000000e0880000, 0x00000000e0880000, 0x00000000e0990000)
  to   space 1088K,   0% used [0x00000000e0990000, 0x00000000e0990000, 0x00000000e0aa0000)
 tenured generation   total 21888K, used 0K [0x00000000eaaa0000, 0x00000000ec000000, 0x0000000100000000)
   the space 21888K,   0% used [0x00000000eaaa0000, 0x00000000eaaa0000, 0x00000000eaaa0200, 0x00000000ec000000)
 Metaspace       used 1366K, committed 1408K, reserved 1056768K
  class space    used 96K, committed 128K, reserved 1048576K

Card table byte_map: [0x00007fe55488c000,0x00007fe55498d000] _byte_map_base: 0x00007fe55418c000

Compilation events (0 events):
No events

GC Heap History (0 events):
No events

Deoptimization events (0 events):
No events

Classes unloaded (0 events):
No events

Classes redefined (0 events):
No events

Internal exceptions (0 events):
No events

Events (20 events):
Event: 0.358 loading class java/lang/Short
Event: 0.359 loading class java/lang/Short done
Event: 0.359 loading class java/lang/Integer
Event: 0.362 loading class java/lang/Integer done
Event: 0.362 loading class java/lang/Long
Event: 0.365 loading class java/lang/Long done
Event: 0.365 loading class java/util/Iterator
Event: 0.367 loading class java/util/Iterator done
Event: 0.367 loading class java/lang/reflect/RecordComponent
Event: 0.369 loading class java/lang/reflect/RecordComponent done
Event: 0.369 loading class jdk/internal/vm/vector/VectorSupport
Event: 0.372 loading class jdk/internal/vm/vector/VectorSupport done
Event: 0.372 loading class jdk/internal/vm/vector/VectorSupport$VectorPayload
Event: 0.373 loading class jdk/internal/vm/vector/VectorSupport$VectorPayload done
Event: 0.373 loading class jdk/internal/vm/vector/VectorSupport$Vector
Event: 0.374 loading class jdk/internal/vm/vector/VectorSupport$Vector done
Event: 0.374 loading class jdk/internal/vm/vector/VectorSupport$VectorMask
Event: 0.375 loading class jdk/internal/vm/vector/VectorSupport$VectorMask done
Event: 0.375 loading class jdk/internal/vm/vector/VectorSupport$VectorShuffle
Event: 0.375 loading class jdk/internal/vm/vector/VectorSupport$VectorShuffle done


Dynamic libraries:
e0000000-e0aa0000 rw-p 00000000 00:00 0 
e0aa0000-eaaa0000 ---p 00000000 00:00 0 
eaaa0000-ec000000 rw-p 00000000 00:00 0 
ec000000-100040000 ---p 00000000 00:00 0 
100040000-100060000 rw-p 00000000 00:00 0 
100060000-140000000 ---p 00000000 00:00 0 
55c2218be000-55c2218c0000 r-xp 00000000 103:05 4617784                   /home/neliasso/jdkgit/jdk/build/linux-x64-slowdebug/jdk/bin/jmod
55c2218c0000-55c2218c1000 r--p 00001000 103:05 4617784                   /home/neliasso/jdkgit/jdk/build/linux-x64-slowdebug/jdk/bin/jmod
55c2218c1000-55c2218c2000 rw-p 00002000 103:05 4617784                   /home/neliasso/jdkgit/jdk/build/linux-x64-slowdebug/jdk/bin/jmod
55c221fb4000-55c221fd5000 rw-p 00000000 00:00 0                          [heap]
7fe53febd000-7fe540940000 rw-p 00000000 00:00 0 
7fe540940000-7fe541000000 ---p 00000000 00:00 0 
7fe541000000-7fe541270000 rwxp 00000000 00:00 0 
7fe541270000-7fe541734000 ---p 00000000 00:00 0 
7fe541734000-7fe5419a4000 rwxp 00000000 00:00 0 
7fe5419a4000-7fe550000000 ---p 00000000 00:00 0 
7fe550000000-7fe55014b000 rw-p 00000000 00:00 0 
7fe55014b000-7fe554000000 ---p 00000000 00:00 0 
7fe5540e4000-7fe5547ec000 rw-p 00000000 00:00 0 
7fe5547ec000-7fe55488c000 ---p 00000000 00:00 0 
7fe55488c000-7fe554892000 rw-p 00000000 00:00 0 
7fe554892000-7fe5548e1000 ---p 00000000 00:00 0 
7fe5548e1000-7fe5548ec000 rw-p 00000000 00:00 0 
7fe5548ec000-7fe55498c000 ---p 00000000 00:00 0 
7fe55498c000-7fe554992000 rw-p 00000000 00:00 0 
7fe554992000-7fe554b5f000 ---p 00000000 00:00 0 
7fe554b5f000-7fe554b64000 rw-p 00000000 00:00 0 
7fe554b64000-7fe554b6e000 ---p 00000000 00:00 0 
7fe554b6e000-7fe554b9b000 r-xp 00000000 103:05 4617723                   /home/neliasso/jdkgit/jdk/build/linux-x64-slowdebug/jdk/lib/libjava.so
7fe554b9b000-7fe554b9c000 ---p 0002d000 103:05 4617723                   /home/neliasso/jdkgit/jdk/build/linux-x64-slowdebug/jdk/lib/libjava.so
7fe554b9c000-7fe554b9d000 r--p 0002d000 103:05 4617723                   /home/neliasso/jdkgit/jdk/build/linux-x64-slowdebug/jdk/lib/libjava.so
7fe554b9d000-7fe554b9e000 rw-p 0002e000 103:05 4617723                   /home/neliasso/jdkgit/jdk/build/linux-x64-slowdebug/jdk/lib/libjava.so
7fe554b9e000-7fe554b9f000 rw-p 00000000 00:00 0 
7fe554b9f000-7fe554ba7000 rw-s 00000000 103:04 521634                    /tmp/hsperfdata_neliasso/390195
7fe554ba7000-7fe554bc7000 r-xp 00000000 103:05 4617733                   /home/neliasso/jdkgit/jdk/build/linux-x64-slowdebug/jdk/lib/libjimage.so
7fe554bc7000-7fe554bc9000 r--p 0001f000 103:05 4617733                   /home/neliasso/jdkgit/jdk/build/linux-x64-slowdebug/jdk/lib/libjimage.so
7fe554bc9000-7fe554bca000 rw-p 00021000 103:05 4617733                   /home/neliasso/jdkgit/jdk/build/linux-x64-slowdebug/jdk/lib/libjimage.so
7fe554bca000-7fe554bcd000 r--p 00000000 103:04 394226                    /lib/x86_64-linux-gnu/librt-2.31.so
7fe554bcd000-7fe554bd1000 r-xp 00003000 103:04 394226                    /lib/x86_64-linux-gnu/librt-2.31.so
7fe554bd1000-7fe554bd2000 r--p 00007000 103:04 394226                    /lib/x86_64-linux-gnu/librt-2.31.so
7fe554bd2000-7fe554bd3000 ---p 00008000 103:04 394226                    /lib/x86_64-linux-gnu/librt-2.31.so
7fe554bd3000-7fe554bd4000 r--p 00008000 103:04 394226                    /lib/x86_64-linux-gnu/librt-2.31.so
7fe554bd4000-7fe554bd5000 rw-p 00009000 103:04 394226                    /lib/x86_64-linux-gnu/librt-2.31.so
7fe554bd5000-7fe554bd9000 ---p 00000000 00:00 0 
7fe554bd9000-7fe554cd6000 rw-p 00000000 00:00 0 
7fe554cd6000-7fe554ce5000 r--p 00000000 103:04 394153                    /lib/x86_64-linux-gnu/libm-2.31.so
7fe554ce5000-7fe554d8c000 r-xp 0000f000 103:04 394153                    /lib/x86_64-linux-gnu/libm-2.31.so
7fe554d8c000-7fe554e23000 r--p 000b6000 103:04 394153                    /lib/x86_64-linux-gnu/libm-2.31.so
7fe554e23000-7fe554e24000 r--p 0014c000 103:04 394153                    /lib/x86_64-linux-gnu/libm-2.31.so
7fe554e24000-7fe554e25000 rw-p 0014d000 103:04 394153                    /lib/x86_64-linux-gnu/libm-2.31.so
7fe554e25000-7fe556b42000 r-xp 00000000 103:05 4617306                   /home/neliasso/jdkgit/jdk/build/linux-x64-slowdebug/jdk/lib/server/libjvm.so
7fe556b42000-7fe556c2a000 r--p 01d1c000 103:05 4617306                   /home/neliasso/jdkgit/jdk/build/linux-x64-slowdebug/jdk/lib/server/libjvm.so
7fe556c2a000-7fe556c61000 rw-p 01e04000 103:05 4617306                   /home/neliasso/jdkgit/jdk/build/linux-x64-slowdebug/jdk/lib/server/libjvm.so
7fe556c61000-7fe556d13000 rw-p 00000000 00:00 0 
7fe556d13000-7fe556d38000 r--p 00000000 103:04 394139                    /lib/x86_64-linux-gnu/libc-2.31.so
7fe556d38000-7fe556eb0000 r-xp 00025000 103:04 394139                    /lib/x86_64-linux-gnu/libc-2.31.so
7fe556eb0000-7fe556efa000 r--p 0019d000 103:04 394139                    /lib/x86_64-linux-gnu/libc-2.31.so
7fe556efa000-7fe556efb000 ---p 001e7000 103:04 394139                    /lib/x86_64-linux-gnu/libc-2.31.so
7fe556efb000-7fe556efe000 r--p 001e7000 103:04 394139                    /lib/x86_64-linux-gnu/libc-2.31.so
7fe556efe000-7fe556f01000 rw-p 001ea000 103:04 394139                    /lib/x86_64-linux-gnu/libc-2.31.so
7fe556f01000-7fe556f05000 rw-p 00000000 00:00 0 
7fe556f05000-7fe556f06000 r--p 00000000 103:04 394147                    /lib/x86_64-linux-gnu/libdl-2.31.so
7fe556f06000-7fe556f08000 r-xp 00001000 103:04 394147                    /lib/x86_64-linux-gnu/libdl-2.31.so
7fe556f08000-7fe556f09000 r--p 00003000 103:04 394147                    /lib/x86_64-linux-gnu/libdl-2.31.so
7fe556f09000-7fe556f0a000 r--p 00003000 103:04 394147                    /lib/x86_64-linux-gnu/libdl-2.31.so
7fe556f0a000-7fe556f0b000 rw-p 00004000 103:04 394147                    /lib/x86_64-linux-gnu/libdl-2.31.so
7fe556f0b000-7fe556f12000 r--p 00000000 103:04 394218                    /lib/x86_64-linux-gnu/libpthread-2.31.so
7fe556f12000-7fe556f23000 r-xp 00007000 103:04 394218                    /lib/x86_64-linux-gnu/libpthread-2.31.so
7fe556f23000-7fe556f28000 r--p 00018000 103:04 394218                    /lib/x86_64-linux-gnu/libpthread-2.31.so
7fe556f28000-7fe556f29000 r--p 0001c000 103:04 394218                    /lib/x86_64-linux-gnu/libpthread-2.31.so
7fe556f29000-7fe556f2a000 rw-p 0001d000 103:04 394218                    /lib/x86_64-linux-gnu/libpthread-2.31.so
7fe556f2a000-7fe556f2e000 rw-p 00000000 00:00 0 
7fe556f2e000-7fe556f41000 r-xp 00000000 103:05 4617722                   /home/neliasso/jdkgit/jdk/build/linux-x64-slowdebug/jdk/lib/libjli.so
7fe556f41000-7fe556f42000 r--p 00012000 103:05 4617722                   /home/neliasso/jdkgit/jdk/build/linux-x64-slowdebug/jdk/lib/libjli.so
7fe556f42000-7fe556f43000 rw-p 00013000 103:05 4617722                   /home/neliasso/jdkgit/jdk/build/linux-x64-slowdebug/jdk/lib/libjli.so
7fe556f43000-7fe556f45000 r--p 00000000 103:04 417875                    /lib/x86_64-linux-gnu/libz.so.1.2.11
7fe556f45000-7fe556f56000 r-xp 00002000 103:04 417875                    /lib/x86_64-linux-gnu/libz.so.1.2.11
7fe556f56000-7fe556f5c000 r--p 00013000 103:04 417875                    /lib/x86_64-linux-gnu/libz.so.1.2.11
7fe556f5c000-7fe556f5d000 ---p 00019000 103:04 417875                    /lib/x86_64-linux-gnu/libz.so.1.2.11
7fe556f5d000-7fe556f5e000 r--p 00019000 103:04 417875                    /lib/x86_64-linux-gnu/libz.so.1.2.11
7fe556f5e000-7fe556f5f000 rw-p 0001a000 103:04 417875                    /lib/x86_64-linux-gnu/libz.so.1.2.11
7fe556f64000-7fe556f67000 r--p 00000000 103:04 394210                    /lib/x86_64-linux-gnu/libnss_files-2.31.so
7fe556f67000-7fe556f6e000 r-xp 00003000 103:04 394210                    /lib/x86_64-linux-gnu/libnss_files-2.31.so
7fe556f6e000-7fe556f70000 r--p 0000a000 103:04 394210                    /lib/x86_64-linux-gnu/libnss_files-2.31.so
7fe556f70000-7fe556f71000 r--p 0000b000 103:04 394210                    /lib/x86_64-linux-gnu/libnss_files-2.31.so
7fe556f71000-7fe556f72000 rw-p 0000c000 103:04 394210                    /lib/x86_64-linux-gnu/libnss_files-2.31.so
7fe556f72000-7fe556f78000 rw-p 00000000 00:00 0 
7fe556f78000-7fe556f79000 ---p 00000000 00:00 0 
7fe556f79000-7fe556f7a000 r--p 00000000 00:00 0 
7fe556f7a000-7fe556f7c000 rw-p 00000000 00:00 0 
7fe556f7c000-7fe556f7d000 r--p 00000000 103:04 392322                    /lib/x86_64-linux-gnu/ld-2.31.so
7fe556f7d000-7fe556fa0000 r-xp 00001000 103:04 392322                    /lib/x86_64-linux-gnu/ld-2.31.so
7fe556fa0000-7fe556fa8000 r--p 00024000 103:04 392322                    /lib/x86_64-linux-gnu/ld-2.31.so
7fe556fa8000-7fe556fa9000 ---p 00000000 00:00 0 
7fe556fa9000-7fe556faa000 r--p 0002c000 103:04 392322                    /lib/x86_64-linux-gnu/ld-2.31.so
7fe556faa000-7fe556fab000 rw-p 0002d000 103:04 392322                    /lib/x86_64-linux-gnu/ld-2.31.so
7fe556fab000-7fe556fac000 rw-p 00000000 00:00 0 
7ffd6da1b000-7ffd6da3d000 rw-p 00000000 00:00 0                          [stack]
7ffd6da63000-7ffd6da66000 r--p 00000000 00:00 0                          [vvar]
7ffd6da66000-7ffd6da67000 r-xp 00000000 00:00 0                          [vdso]
ffffffffff600000-ffffffffff601000 --xp 00000000 00:00 0                  [vsyscall]


VM Arguments:
jvm_args: -Dapplication.home=/home/neliasso/jdkgit/jdk/build/linux-x64-slowdebug/jdk -Xms8m -XX:+UseSerialGC -Xms32M -Xmx512M -XX:TieredStopAtLevel=1 -Djdk.module.main=jdk.jlink 
java_command: jdk.jlink/jdk.tools.jmod.Main create --module-version 16-internal --target-platform linux-amd64 --module-path /home/neliasso/jdkgit/jdk/build/linux-x64-slowdebug/support/interim-jmods --libs /home/neliasso/jdkgit/jdk/build/linux-x64-slowdebug/support/modules_libs/java.base --cmds /home/neliasso/jdkgit/jdk/build/linux-x64-slowdebug/support/modules_cmds/java.base --config /home/neliasso/jdkgit/jdk/build/linux-x64-slowdebug/support/modules_conf/java.base --class-path /home/neliasso/jdkgit/jdk/build/linux-x64-slowdebug/jdk/modules/java.base --header-files /home/neliasso/jdkgit/jdk/build/linux-x64-slowdebug/support/modules_include/java.base --man-pages /home/neliasso/jdkgit/jdk/build/linux-x64-slowdebug/support/modules_man/java.base --legal-notices /home/neliasso/jdkgit/jdk/build/linux-x64-slowdebug/support/modules_legal/common:/home/neliasso/jdkgit/jdk/build/linux-x64-slowdebug/support/modules_legal/java.base --exclude **{_the.*,_*.marker,*.diz,*.debuginfo,*.dSYM/**,*.dSYM} /home/neliasso/jdkgit/jdk/build/linux-x64-slowdebug/support/interim-jmods/support/java.base.jmod
java_class_path (initial): <not set>
Launcher Type: SUN_STANDARD

[Global flags]
     intx CICompilerCount                          = 4                                         {product} {ergonomic}     Number of compiler threads to run
   size_t InitialHeapSize                          = 33554432                                  {product} {command line}  Initial heap size (in bytes); zero means use ergonomics
   size_t MaxHeapSize                              = 536870912                                 {product} {command line}  Maximum heap size (in bytes)
   size_t MaxNewSize                               = 178913280                                 {product} {ergonomic}     Maximum new generation size (in bytes), max_uintx means set ergonomically
   size_t MinHeapDeltaBytes                        = 196608                                    {product} {ergonomic}     The minimum change in heap space due to GC (in bytes)
   size_t MinHeapSize                              = 33554432                                  {product} {command line}  Minimum heap size (in bytes); zero means use ergonomics
   size_t NewSize                                  = 11141120                                  {product} {ergonomic}     Initial new generation size (in bytes)
    uintx NonNMethodCodeHeapSize                   = 7549744                                {pd product} {ergonomic}     Size of code heap with non-nmethods (in bytes)
    uintx NonProfiledCodeHeapSize                  = 244108496                              {pd product} {ergonomic}     Size of code heap with non-profiled methods (in bytes)
   size_t OldSize                                  = 22413312                                  {product} {ergonomic}     Initial tenured generation size (in bytes)
    uintx ProfiledCodeHeapSize                     = 0                                      {pd product} {ergonomic}     Size of code heap with profiled methods (in bytes)
    uintx ReservedCodeCacheSize                    = 251658240                              {pd product} {ergonomic}     Reserved code cache size (in bytes) - maximum code cache size
     bool SegmentedCodeCache                       = true                                      {product} {ergonomic}     Use a segmented code cache
   size_t SoftMaxHeapSize                          = 536870912                              {manageable} {ergonomic}     Soft limit for maximum heap size (in bytes)
     intx TieredStopAtLevel                        = 1                                         {product} {command line}  Stop at given compilation level
     bool UseCompressedClassPointers               = true                           {product lp64_product} {ergonomic}   Use 32-bit class pointers in 64-bit VM. lp64_product means flag is always constant in 32 bit VM
     bool UseCompressedOops                        = true                           {product lp64_product} {ergonomic}   Use 32-bit object references in 64-bit VM. lp64_product means flag is always constant in 32 bit VM
     bool UseSerialGC                              = true                                      {product} {command line}  Use the Serial garbage collector

Logging:
Log output configuration:
 #0: stdout all=warning uptime,level,tags
 #1: stderr all=off uptime,level,tags

Environment Variables:
PATH=/home/neliasso/.sdkman/candidates/kotlin/current/bin:/home/neliasso/.jenv/shims:/home/neliasso/.jenv/bin:/usr/local/sbin:/usr/local/bin:/usr/sbin:/usr/bin:/sbin:/bin:/usr/games:/usr/local/games:/snap/bin
USERNAME=neliasso
SHELL=/bin/bash
DISPLAY=:0
LANG=en_US.UTF-8
LC_ALL=C

Signal Handlers:
SIGSEGV: [libjvm.so+0x123dfc1], sa_mask[0]=11111111011111111101111111111110, sa_flags=SA_RESTART|SA_SIGINFO
SIGBUS: [libjvm.so+0x123dfc1], sa_mask[0]=11111111011111111101111111111110, sa_flags=SA_RESTART|SA_SIGINFO
SIGFPE: [libjvm.so+0x123dfc1], sa_mask[0]=11111111011111111101111111111110, sa_flags=SA_RESTART|SA_SIGINFO
SIGPIPE: [libjvm.so+0x10b28fc], sa_mask[0]=11111111011111111101111111111110, sa_flags=SA_RESTART|SA_SIGINFO
SIGXFSZ: [libjvm.so+0x10b28fc], sa_mask[0]=11111111011111111101111111111110, sa_flags=SA_RESTART|SA_SIGINFO
SIGILL: [libjvm.so+0x123dfc1], sa_mask[0]=11111111011111111101111111111110, sa_flags=SA_RESTART|SA_SIGINFO
SIGUSR2: [libjvm.so+0x10b4aa5], sa_mask[0]=00000000000000000000000000000000, sa_flags=SA_RESTART|SA_SIGINFO
SIGHUP: SIG_DFL, sa_mask[0]=00000000000000000000000000000000, sa_flags=none
SIGINT: SIG_DFL, sa_mask[0]=00000000000000000000000000000000, sa_flags=none
SIGTERM: SIG_DFL, sa_mask[0]=00000000000000000000000000000000, sa_flags=none
SIGQUIT: SIG_DFL, sa_mask[0]=00000000000000000000000000000000, sa_flags=none


---------------  S Y S T E M  ---------------

OS:
DISTRIB_ID=Ubuntu
DISTRIB_RELEASE=20.04
DISTRIB_CODENAME=focal
DISTRIB_DESCRIPTION="Ubuntu 20.04.1 LTS"
uname: Linux neliasso08 5.4.0-48-generic #52-Ubuntu SMP Thu Sep 10 10:58:49 UTC 2020 x86_64
OS uptime: 46 days 13:41 hours
libc: glibc 2.31 NPTL 2.31 
rlimit (soft/hard): STACK 8192k/infinity , CORE 0k/infinity , NPROC 126791/126791 , NOFILE 1048576/1048576 , AS infinity/infinity , CPU infinity/infinity , DATA infinity/infinity , FSIZE infinity/infinity , MEMLOCK 65536k/65536k
load average: 2.95 2.38 2.19

/proc/meminfo:
MemTotal:       32514952 kB
MemFree:         1083168 kB
MemAvailable:   10274180 kB
Buffers:         1431944 kB
Cached:         12651888 kB
SwapCached:       299656 kB
Active:         22964988 kB
Inactive:        6112464 kB
Active(anon):   16812716 kB
Inactive(anon):  3744132 kB
Active(file):    6152272 kB
Inactive(file):  2368332 kB
Unevictable:      520412 kB
Mlocked:             368 kB
SwapTotal:      43164668 kB
SwapFree:       35202196 kB
Dirty:            557404 kB
Writeback:             0 kB
AnonPages:      15497884 kB
Mapped:          1693424 kB
Shmem:           5569368 kB
KReclaimable:    1139100 kB
Slab:            1514292 kB
SReclaimable:    1139100 kB
SUnreclaim:       375192 kB
KernelStack:       26768 kB
PageTables:        96480 kB
NFS_Unstable:          0 kB
Bounce:                0 kB
WritebackTmp:          0 kB
CommitLimit:    59422144 kB
Committed_AS:   33401968 kB
VmallocTotal:   34359738367 kB
VmallocUsed:       68840 kB
VmallocChunk:          0 kB
Percpu:            16576 kB
HardwareCorrupted:     0 kB
AnonHugePages:         0 kB
ShmemHugePages:        0 kB
ShmemPmdMapped:        0 kB
FileHugePages:         0 kB
FilePmdMapped:         0 kB
CmaTotal:              0 kB
CmaFree:               0 kB
HugePages_Total:       0
HugePages_Free:        0
HugePages_Rsvd:        0
HugePages_Surp:        0
Hugepagesize:       2048 kB
Hugetlb:               0 kB
DirectMap4k:    24282552 kB
DirectMap2M:     8898560 kB
DirectMap1G:           0 kB

/sys/kernel/mm/transparent_hugepage/enabled: always [madvise] never
/sys/kernel/mm/transparent_hugepage/defrag (defrag/compaction efforts parameter): always defer defer+madvise [madvise] never

Process Memory:
Virtual Size: 1950020K (peak: 1950020K)
Resident Set Size: 81780K (peak: 81780K) (anon: 58920K, file: 22860K, shmem: 0K)
Swapped out: 0K
C-Heap outstanding allocations: 1429K

/proc/sys/kernel/threads-max (system-wide limit on the number of threads): 253582
/proc/sys/vm/max_map_count (maximum number of memory map areas a process may have): 65530
/proc/sys/kernel/pid_max (system-wide limit on number of process identifiers): 4194304

container (cgroup) information:
container_type: cgroupv1
cpu_cpuset_cpus: 0-11
cpu_memory_nodes: 0
active_processor_count: 12
cpu_quota: no quota
cpu_period: 100000
cpu_shares: no shares
memory_limit_in_bytes: unlimited
memory_and_swap_limit_in_bytes: not supported
memory_soft_limit_in_bytes: unlimited
memory_usage_in_bytes: 28227198976
memory_max_usage_in_bytes: 32230785024

Steal ticks since vm start: 0
Steal ticks percentage since vm start:  0.000

CPU: total 12 (initial active 12) (6 cores per cpu, 2 threads per core) family 6 model 158 stepping 10 microcode 0xd6, cx8, cmov, fxsr, ht, mmx, 3dnowpref, sse, sse2, sse3, ssse3, sse4.1, sse4.2, popcnt, lzcnt, tsc, tscinvbit, avx, avx2, aes, erms, clmul, bmi1, bmi2, adx, fma, vzeroupper, clflush, clflushopt
CPU Model and flags from /proc/cpuinfo:
model name	: Intel(R) Core(TM) i7-8750H CPU @ 2.20GHz
flags		: fpu vme de pse tsc msr pae mce cx8 apic sep mtrr pge mca cmov pat pse36 clflush dts acpi mmx fxsr sse sse2 ss ht tm pbe syscall nx pdpe1gb rdtscp lm constant_tsc art arch_perfmon pebs bts rep_good nopl xtopology nonstop_tsc cpuid aperfmperf pni pclmulqdq dtes64 monitor ds_cpl vmx est tm2 ssse3 sdbg fma cx16 xtpr pdcm pcid sse4_1 sse4_2 x2apic movbe popcnt tsc_deadline_timer aes xsave avx f16c rdrand lahf_lm abm 3dnowprefetch cpuid_fault epb invpcid_single pti ssbd ibrs ibpb stibp tpr_shadow vnmi flexpriority ept vpid ept_ad fsgsbase tsc_adjust bmi1 avx2 smep bmi2 erms invpcid mpx rdseed adx smap clflushopt intel_pt xsaveopt xsavec xgetbv1 xsaves dtherm ida arat pln pts hwp hwp_notify hwp_act_window hwp_epp md_clear flush_l1d

Online cpus: 0-11
Offline cpus: 
cache level: 1
cache type: Data
cache size: 32K
cache coherency line size: 64
cache level: 1
cache type: Instruction
cache size: 32K
cache coherency line size: 64
cache level: 2
cache type: Unified
cache size: 256K
cache coherency line size: 64
cache level: 3
cache type: Unified
cache size: 9216K
cache coherency line size: 64
BIOS frequency limitation: <Not Available>
Frequency switch latency (ns): 0
Available cpu frequencies: <Not Available>
Maximum cpu frequency: 4100000
Minimum cpu frequency: 800000
Current cpu frequency: 3196874
Available governors: performance powersave
Current governor: powersave
Core performance/turbo boost: <Not Available>

Memory: 4k page, physical 32514952k(1083168k free), swap 43164668k(35202196k free)

vm_info: Java HotSpot(TM) 64-Bit Server VM (slowdebug 16-internal+0-2020-10-22-1522536.neliasso...) for linux-amd64 JRE (16-internal+0-2020-10-22-1522536.neliasso...), built on Nov 17 2020 17:31:23 by "neliasso" with gcc 10.2.0

END.
