#
# A fatal error has been detected by the Java Runtime Environment:
#
#  Internal Error (/shared/projects/openjdk/jdk-jdk/source/src/hotspot/share/memory/allocation.cpp:183), pid=10680, tid=10693
#  assert(~(_allocation_t[0] | allocation_mask) == (uintptr_t)this) failed: lost resource object
#
# JRE version: OpenJDK Runtime Environment (17.0) (fastdebug build 17-internal+0-adhoc.thomas.source)
# Java VM: OpenJDK 64-Bit Server VM (fastdebug 17-internal+0-adhoc.thomas.source, mixed mode, tiered, compressed oops, compressed class ptrs, g1 gc, linux-amd64)
# Problematic frame:
# V  [libjvm.so+0x54a727]  ResourceObj::operator=(ResourceObj const&)+0x47
#
# Core dump will be written. Default location: Core dumps may be processed with "/usr/share/apport/apport %p %s %c %d %P %E" (or dumping to /shared/projects/openjdk/jdk-jdk/source/make/core.10680)
#
# If you would like to submit a bug report, please visit:
#   https://bugreport.java.com/bugreport/crash.jsp
#

---------------  S U M M A R Y ------------

Command Line: -Dapplication.home=/shared/projects/openjdk/jdk-jdk/output-fastdebug/jdk --add-modules=ALL-DEFAULT -Xms8m -Djlink.debug=true -Djdk.module.main=jdk.jlink jdk.jlink/jdk.tools.jlink.internal.Main --module-path /shared/projects/openjdk/jdk-jdk/output-fastdebug/support/interim-jmods --endian little --output /shared/projects/openjdk/jdk-jdk/output-fastdebug/support/interim-image --disable-plugin generate-jli-classes --add-modules java.base,java.logging

Host: mainframe, Intel(R) Core(TM) i7-4770 CPU @ 3.40GHz, 8 cores, 15G, Ubuntu 16.04.7 LTS
Time: Fri Jan 15 15:23:21 2021 CET elapsed time: 1.268364 seconds (0d 0h 0m 1s)

---------------  T H R E A D  ---------------

Current thread (0x00001458642eb800):  JavaThread "C2 CompilerThread0" daemon [_thread_in_native, id=10693, stack(0x000014584c28f000,0x000014584c390000)]


Current CompileTask:
C2:   1268 1169       4       jdk.internal.org.objectweb.asm.Frame::execute (2305 bytes)

Stack: [0x000014584c28f000,0x000014584c390000],  sp=0x000014584c38c8d0,  free space=1014k
Native frames: (J=compiled Java code, A=aot compiled Java code, j=interpreted, Vv=VM code, C=native code)
V  [libjvm.so+0x54a727]  ResourceObj::operator=(ResourceObj const&)+0x47
V  [libjvm.so+0x13ef967]  compute_tree_cost(SwitchRange*, SwitchRange*, float)+0x397
V  [libjvm.so+0x13efeab]  Parse::linear_search_switch_ranges(Node*, SwitchRange*&, SwitchRange*&)+0x7b
V  [libjvm.so+0x13f1cad]  Parse::jump_switch_ranges(Node*, SwitchRange*, SwitchRange*, int)+0x65d
V  [libjvm.so+0x13f2c38]  Parse::do_tableswitch()+0x458
V  [libjvm.so+0x13f51d6]  Parse::do_one_bytecode()+0x1816
V  [libjvm.so+0x13e43b2]  Parse::do_one_block()+0x392
V  [libjvm.so+0x13e55e3]  Parse::do_all_blocks()+0x123
V  [libjvm.so+0x13e972a]  Parse::Parse(JVMState*, ciMethod*, float)+0xcba
V  [libjvm.so+0x7af68a]  ParseGenerator::generate(JVMState*)+0x8a
V  [libjvm.so+0x93b68a]  Compile::Compile(ciEnv*, ciMethod*, int, bool, bool, bool, bool, DirectiveSet*)+0xf6a
V  [libjvm.so+0x7ad046]  C2Compiler::compile_method(ciEnv*, ciMethod*, int, bool, DirectiveSet*)+0x116
V  [libjvm.so+0x949889]  CompileBroker::invoke_compiler_on_method(CompileTask*)+0xa59
V  [libjvm.so+0x94a378]  CompileBroker::compiler_thread_loop()+0x438
V  [libjvm.so+0x17a7a37]  JavaThread::thread_main_inner()+0x247
V  [libjvm.so+0x17acca8]  Thread::call_run()+0xf8
V  [libjvm.so+0x139bf6e]  thread_native_entry(Thread*)+0x10e

Register to memory mapping:

RAX=0x000014586e54f000 points into unknown readable memory: 0x0000000000000058 | 58 00 00 00 00 00 00 00
RBX=0x000014581c1a5080 points into unknown readable memory: 0xaaaaaaaaaaaaaaaa | aa aa aa aa aa aa aa aa
RCX=0x000014586cf0fce7: <offset 0x00000000019d3ce7> in /shared/projects/openjdk/jdk-jdk/output-fastdebug/jdk/lib/server/libjvm.so at 0x000014586b53c000
RDX=0x000014586cf0fdd8: <offset 0x00000000019d3dd8> in /shared/projects/openjdk/jdk-jdk/output-fastdebug/jdk/lib/server/libjvm.so at 0x000014586b53c000
RSP=0x000014584c38c8d0 is pointing into the stack for thread: 0x00001458642eb800
RBP=0x000014584c38c8f0 is pointing into the stack for thread: 0x00001458642eb800
RSI=0x00000000000000b7 is an unknown value
RDI=0x000014586cf0fd18: <offset 0x00000000019d3d18> in /shared/projects/openjdk/jdk-jdk/output-fastdebug/jdk/lib/server/libjvm.so at 0x000014586b53c000
R8 =0x0 is NULL
R9 =0x000000007fffffff is an unknown value
R10=0x000014584c38cbec is pointing into the stack for thread: 0x00001458642eb800
R11=0x000000007fffffff is an unknown value
R12=0x000014586d633cd0: <offset 0x00000000020f7cd0> in /shared/projects/openjdk/jdk-jdk/output-fastdebug/jdk/lib/server/libjvm.so at 0x000014586b53c000
R13=0x000014581c1a3d80 points into unknown readable memory: 0xabababababababab | ab ab ab ab ab ab ab ab
R14=0x000014581c1a5080 points into unknown readable memory: 0xaaaaaaaaaaaaaaaa | aa aa aa aa aa aa aa aa
R15=0x000014581c1a3d68 points into unknown readable memory: 0xabababababababab | ab ab ab ab ab ab ab ab


Registers:
RAX=0x000014586e54f000, RBX=0x000014581c1a5080, RCX=0x000014586cf0fce7, RDX=0x000014586cf0fdd8
RSP=0x000014584c38c8d0, RBP=0x000014584c38c8f0, RSI=0x00000000000000b7, RDI=0x000014586cf0fd18
R8 =0x0000000000000000, R9 =0x000000007fffffff, R10=0x000014584c38cbec, R11=0x000000007fffffff
R12=0x000014586d633cd0, R13=0x000014581c1a3d80, R14=0x000014581c1a5080, R15=0x000014581c1a3d68
RIP=0x000014586ba86727, EFLAGS=0x0000000000010206, CSGSFS=0x002b000000000033, ERR=0x0000000000000006
  TRAPNO=0x000000000000000e

Top of Stack: (sp=0x000014584c38c8d0)
0x000014584c38c8d0:   000014586d633cd0 000014584c38c9b0
0x000014584c38c8e0:   000014586d633cd0 000014581c1a3d80
0x000014584c38c8f0:   000014584c38ca20 000014586c92b967
0x000014584c38c900:   000014586d56c3f8 45bac000642ebe40 

Instructions: (pc=0x000014586ba86727)
0x000014586ba86627:   8b 47 08 48 89 c2 48 83 ca 03 48 89 d1 48 f7 d1
0x000014586ba86637:   48 39 f9 74 64 40 f6 c7 03 75 1e 48 89 d8 48 f7
0x000014586ba86647:   d0 48 89 43 08 48 c7 43 10 00 00 00 00 48 83 c4
0x000014586ba86657:   08 5b 5d c3 0f 1f 44 00 00 48 8d 05 c1 db bb 01
0x000014586ba86667:   49 89 f8 48 8d 0d f7 96 48 01 48 8d 15 28 97 48
0x000014586ba86677:   01 48 8d 3d 99 96 48 01 be ac 00 00 00 48 8b 00
0x000014586ba86687:   c6 00 58 31 c0 e8 5f 18 46 00 e8 da 9a e4 00 eb
0x000014586ba86697:   aa 0f 1f 84 00 00 00 00 00 f7 d0 83 e0 03 74 a5
0x000014586ba866a7:   48 8b 4f 10 89 ce 83 e6 03 39 c6 75 0c 48 8d 47
0x000014586ba866b7:   10 48 29 f1 48 39 c1 74 8c 48 89 53 08 48 c7 43
0x000014586ba866c7:   10 00 00 00 00 48 83 c4 08 5b 5d c3 90 66 90 66
0x000014586ba866d7:   2e 0f 1f 84 00 00 00 00 00 55 48 89 e5 41 55 41
0x000014586ba866e7:   54 53 48 89 fb 48 83 ec 08 48 8b 47 08 48 89 c2
0x000014586ba866f7:   48 83 ca 03 48 f7 d2 48 39 fa 74 37 48 8d 05 1e
0x000014586ba86707:   db bb 01 48 8d 0d d6 95 48 01 48 8d 15 c0 96 48
0x000014586ba86717:   01 48 8d 3d f9 95 48 01 be b7 00 00 00 48 8b 00
0x000014586ba86727:   c6 00 58 31 c0 e8 bf 17 46 00 e8 3a 9a e4 00 48
0x000014586ba86737:   8b 43 08 f7 d0 a8 03 75 10 48 8d 65 e8 48 89 d8
0x000014586ba86747:   5b 41 5c 41 5d 5d c3 66 90 48 8d 15 d1 da bb 01
0x000014586ba86757:   48 8b 02 c6 00 58 4c 8b 63 08 4c 8b 6b 10 4c 89
0x000014586ba86767:   e0 4d 89 e1 48 83 c8 03 48 f7 d0 48 39 c3 74 30
0x000014586ba86777:   48 8b 02 48 8d 0d 66 95 48 01 48 8d 15 50 96 48
0x000014586ba86787:   01 48 8d 3d 89 95 48 01 be b7 00 00 00 c6 00 58
0x000014586ba86797:   31 c0 e8 52 17 46 00 e8 cd 99 e4 00 4c 8b 4b 08
0x000014586ba867a7:   41 55 48 8d 15 50 97 48 01 41 54 48 8d 0d f7 96
0x000014586ba867b7:   48 01 48 8d 3d 58 95 48 01 41 f7 d1 49 89 d8 31
0x000014586ba867c7:   c0 41 83 e1 03 be ea 00 00 00 e8 1a 17 46 00 e8
0x000014586ba867d7:   95 99 e4 00 58 5a 48 8d 65 e8 48 89 d8 5b 41 5c
0x000014586ba867e7:   41 5d 5d c3 90 0f 1f 40 00 55 48 8d 05 e8 ba ad
0x000014586ba867f7:   01 48 89 e5 53 48 89 fb 48 83 ec 08 48 89 07 48
0x000014586ba86807:   8b 47 08 48 89 c2 48 83 ca 03 48 f7 d2 48 39 d7
0x000014586ba86817:   74 37 48 8d 05 08 da bb 01 48 8d 0d c0 94 48 01 


Stack slot to memory mapping:
stack at sp + 0 slots: 0x000014586d633cd0: <offset 0x00000000020f7cd0> in /shared/projects/openjdk/jdk-jdk/output-fastdebug/jdk/lib/server/libjvm.so at 0x000014586b53c000
stack at sp + 1 slots: 0x000014584c38c9b0 is pointing into the stack for thread: 0x00001458642eb800
stack at sp + 2 slots: 0x000014586d633cd0: <offset 0x00000000020f7cd0> in /shared/projects/openjdk/jdk-jdk/output-fastdebug/jdk/lib/server/libjvm.so at 0x000014586b53c000
stack at sp + 3 slots: 0x000014581c1a3d80 points into unknown readable memory: 0xabababababababab | ab ab ab ab ab ab ab ab
stack at sp + 4 slots: 0x000014584c38ca20 is pointing into the stack for thread: 0x00001458642eb800
stack at sp + 5 slots: 0x000014586c92b967: <offset 0x00000000013ef967> in /shared/projects/openjdk/jdk-jdk/output-fastdebug/jdk/lib/server/libjvm.so at 0x000014586b53c000
stack at sp + 6 slots: 0x000014586d56c3f8: <offset 0x00000000020303f8> in /shared/projects/openjdk/jdk-jdk/output-fastdebug/jdk/lib/server/libjvm.so at 0x000014586b53c000
stack at sp + 7 slots: 0x45bac000642ebe40 is an unknown value


---------------  P R O C E S S  ---------------

uid  : 1027 euid : 1027 gid  : 1027 egid : 1027

umask: 0002 (-------w-)

Threads class SMR info:
_java_thread_list=0x0000145864538640, length=13, elements={
0x0000145864027ae0, 0x0000145864287e60, 0x0000145864289bd0, 0x00001458642e6240,
0x00001458642e7d10, 0x00001458642e9740, 0x00001458642eb800, 0x00001458642ed430,
0x00001458642f9940, 0x0000145864343bf0, 0x0000145810265f70, 0x00001458102d2b20,
0x000014586453a590
}
_java_thread_list_alloc_cnt=14, _java_thread_list_free_cnt=12, _java_thread_list_max=13, _nested_thread_list_max=0
_tlh_cnt=180, _tlh_times=0, avg_tlh_time=0.00, _tlh_time_max=0
_delete_lock_wait_cnt=0, _delete_lock_wait_max=0
_to_delete_list_cnt=0, _to_delete_list_max=1

Java Threads: ( => current thread )
  0x0000145864027ae0 JavaThread "main" [_thread_in_Java, id=10681, stack(0x000014586e428000,0x000014586e529000)]
  0x0000145864287e60 JavaThread "Reference Handler" daemon [_thread_blocked, id=10688, stack(0x000014584c794000,0x000014584c895000)]
  0x0000145864289bd0 JavaThread "Finalizer" daemon [_thread_blocked, id=10689, stack(0x000014584c693000,0x000014584c794000)]
  0x00001458642e6240 JavaThread "Signal Dispatcher" daemon [_thread_blocked, id=10690, stack(0x000014584c592000,0x000014584c693000)]
  0x00001458642e7d10 JavaThread "Service Thread" daemon [_thread_blocked, id=10691, stack(0x000014584c491000,0x000014584c592000)]
  0x00001458642e9740 JavaThread "Monitor Deflation Thread" daemon [_thread_blocked, id=10692, stack(0x000014584c390000,0x000014584c491000)]
=>0x00001458642eb800 JavaThread "C2 CompilerThread0" daemon [_thread_in_native, id=10693, stack(0x000014584c28f000,0x000014584c390000)]
  0x00001458642ed430 JavaThread "C1 CompilerThread0" daemon [_thread_in_native, id=10694, stack(0x000014584c18e000,0x000014584c28f000)]
  0x00001458642f9940 JavaThread "Sweeper thread" daemon [_thread_blocked, id=10695, stack(0x000014584c08d000,0x000014584c18e000)]
  0x0000145864343bf0 JavaThread "Common-Cleaner" daemon [_thread_blocked, id=10696, stack(0x000014583dcee000,0x000014583ddef000)]
  0x0000145810265f70 JavaThread "C2 CompilerThread1" daemon [_thread_blocked, id=10698, stack(0x000014583cfe8000,0x000014583d0e9000)]
  0x00001458102d2b20 JavaThread "C2 CompilerThread2" daemon [_thread_in_native, id=10699, stack(0x000014583cee7000,0x000014583cfe8000)]
  0x000014586453a590 JavaThread "Notification Thread" daemon [_thread_blocked, id=10700, stack(0x000014583cde6000,0x000014583cee7000)]

Other Threads:
  0x0000145864245ef0 VMThread "VM Thread" [stack: 0x000014584c896000,0x000014584c996000] [id=10687]
  0x000014586453d210 WatcherThread [stack: 0x000014583cce6000,0x000014583cde6000] [id=10701]
  0x0000145864082ba0 GCTaskThread "GC Thread#0" [stack: 0x0000145868367000,0x0000145868467000] [id=10682]
  0x00001458340072a0 GCTaskThread "GC Thread#1" [stack: 0x000014583d0ea000,0x000014583d1ea000] [id=10697]
  0x000014583400c100 GCTaskThread "GC Thread#2" [stack: 0x000014583c9dd000,0x000014583cadd000] [id=10702]
  0x000014583400d030 GCTaskThread "GC Thread#3" [stack: 0x000014583c8dc000,0x000014583c9dc000] [id=10703]
  0x0000145864094340 ConcurrentGCThread "G1 Main Marker" [stack: 0x0000145868266000,0x0000145868366000] [id=10683]
  0x00001458640958b0 ConcurrentGCThread "G1 Conc#0" [stack: 0x0000145868165000,0x0000145868265000] [id=10684]
  0x00001458640be990 ConcurrentGCThread "G1 Refine#0" [stack: 0x000014584cb19000,0x000014584cc19000] [id=10685]
  0x00001458640bfe00 ConcurrentGCThread "G1 Service" [stack: 0x000014584ca18000,0x000014584cb18000] [id=10686]

Threads with active compile tasks:
C2 CompilerThread0     1272 1169       4       jdk.internal.org.objectweb.asm.Frame::execute (2305 bytes)
C1 CompilerThread0     1272 1175   !   3       java.io.BufferedReader::readLine (327 bytes)
C2 CompilerThread2     1272 1063       4       java.io.DataInputStream::readUTF (501 bytes)

VM state: not at safepoint (normal execution)

VM Mutex/Monitor currently owned by a thread: None

Heap address: 0x0000000706400000, size: 3996 MB, Compressed Oops mode: Zero based, Oop shift amount: 3

CDS disabled.
Compressed class space mapped at: 0x0000000800000000-0x0000000840000000, reserved size: 1073741824
Narrow klass base: 0x0000000800000000, Narrow klass shift: 0, Narrow klass range: 0x40000000

GC Precious Log:
 CPUs: 8 total, 8 available
 Memory: 15977M
 Large Page Support: Disabled
 NUMA Support: Disabled
 Compressed Oops: Enabled (Zero based)
 Heap Region Size: 2M
 Heap Min Capacity: 8M
 Heap Initial Capacity: 8M
 Heap Max Capacity: 3996M
 Pre-touch: Disabled
 Parallel Workers: 8
 Concurrent Workers: 2
 Concurrent Refinement Workers: 8
 Periodic GC: Disabled

Heap:
 garbage-first heap   total 28672K, used 9510K [0x0000000706400000, 0x0000000800000000)
  region size 2048K, 4 young (8192K), 1 survivors (2048K)
 Metaspace       used 10032K, committed 10304K, reserved 1064960K
  class space    used 956K, committed 1088K, reserved 1048576K

Heap Regions: E=young(eden), S=young(survivor), O=old, HS=humongous(starts), HC=humongous(continues), CS=collection set, F=free, OA=open archive, CA=closed archive, TAMS=top-at-mark-start (previous, next)
|   0|0x0000000706400000, 0x0000000706600000, 0x0000000706600000|100%| O|  |TAMS 0x0000000706400000, 0x0000000706400000| Untracked 
|   1|0x0000000706600000, 0x0000000706749a00, 0x0000000706800000| 64%| O|  |TAMS 0x0000000706600000, 0x0000000706600000| Untracked 
|   2|0x0000000706800000, 0x0000000706800000, 0x0000000706a00000|  0%| F|  |TAMS 0x0000000706800000, 0x0000000706800000| Untracked 
|   3|0x0000000706a00000, 0x0000000706a00000, 0x0000000706c00000|  0%| F|  |TAMS 0x0000000706a00000, 0x0000000706a00000| Untracked 
|   4|0x0000000706c00000, 0x0000000706e00000, 0x0000000706e00000|100%| S|CS|TAMS 0x0000000706c00000, 0x0000000706c00000| Complete 
|   5|0x0000000706e00000, 0x0000000706e00000, 0x0000000707000000|  0%| F|  |TAMS 0x0000000706e00000, 0x0000000706e00000| Untracked 
|   6|0x0000000707000000, 0x0000000707000000, 0x0000000707200000|  0%| F|  |TAMS 0x0000000707000000, 0x0000000707000000| Untracked 
|   7|0x0000000707200000, 0x0000000707200000, 0x0000000707400000|  0%| F|  |TAMS 0x0000000707200000, 0x0000000707200000| Untracked 
|   8|0x0000000707400000, 0x0000000707400000, 0x0000000707600000|  0%| F|  |TAMS 0x0000000707400000, 0x0000000707400000| Untracked 
|   9|0x0000000707600000, 0x0000000707600000, 0x0000000707800000|  0%| F|  |TAMS 0x0000000707600000, 0x0000000707600000| Untracked 
|  10|0x0000000707800000, 0x0000000707800000, 0x0000000707a00000|  0%| F|  |TAMS 0x0000000707800000, 0x0000000707800000| Untracked 
|  11|0x0000000707a00000, 0x0000000707b84368, 0x0000000707c00000| 75%| E|  |TAMS 0x0000000707a00000, 0x0000000707a00000| Complete 
|  12|0x0000000707c00000, 0x0000000707e00000, 0x0000000707e00000|100%| E|CS|TAMS 0x0000000707c00000, 0x0000000707c00000| Complete 
|  13|0x0000000707e00000, 0x0000000708000000, 0x0000000708000000|100%| E|CS|TAMS 0x0000000707e00000, 0x0000000707e00000| Complete 

Card table byte_map: [0x0000145868c35000,0x0000145869403000] _byte_map_base: 0x0000145865403000

Marking Bits (Prev, Next): (CMBitMap*) 0x0000145864083ae8, (CMBitMap*) 0x0000145864083b28
 Prev Bits: [0x0000145851190000, 0x0000145855000000)
 Next Bits: [0x000014584d320000, 0x0000145851190000)

Polling page: 0x000014586e54d000

Metaspace:

Usage:
  Non-class:      8.86 MB used.
      Class:    956.87 KB used.
       Both:      9.80 MB used.

Virtual space:
  Non-class space:       16.00 MB reserved,       9.00 MB ( 56%) committed,  2 nodes.
      Class space:        1.00 GB reserved,       1.06 MB ( <1%) committed,  1 nodes.
              Both:        1.02 GB reserved,      10.06 MB ( <1%) committed. 

Chunk freelists:
   Non-Class:  2.58 MB
       Class:  2.97 MB
        Both:  5.55 MB

MaxMetaspaceSize: 17179869184.00 GB
CompressedClassSpaceSize: 1.00 GB
 - commit_granule_bytes: 65536.
 - commit_granule_words: 8192.
 - virtual_space_node_default_size: 1048576.
 - enlarge_chunks_in_place: 1.
 - new_chunks_are_fully_committed: 0.
 - uncommit_free_chunks: 1.
 - use_allocation_guard: 0.
 - handle_deallocations: 1.


Internal statistics:

num_allocs: 55868.
num_deallocs: 33.
num_allocs_from_deallocated_blocks: 222.
num_chunks_retired: 105.
num_allocs_failed_limit: 0.
num_arena_births: 242.
num_arena_deaths: 0.
num_vsnodes_births: 3.
num_vsnodes_deaths: 0.
num_space_committed: 161.
num_space_uncommitted: 0.
num_chunks_returned_to_freelist: 0.
num_chunks_taken_from_freelist: 348.
num_chunk_merges: 0.
num_chunk_splits: 215.
num_chunks_enlarged: 252.
num_purges: 0.

CodeHeap 'non-profiled nmethods': size=120028Kb used=919Kb max_used=919Kb free=119108Kb
 bounds [0x000014585cac9000, 0x000014585cd39000, 0x0000145864000000]
CodeHeap 'profiled nmethods': size=120028Kb used=2077Kb max_used=2077Kb free=117950Kb
 bounds [0x0000145855592000, 0x0000145855802000, 0x000014585cac9000]
CodeHeap 'non-nmethods': size=5704Kb used=1682Kb max_used=1746Kb free=4021Kb
 bounds [0x0000145855000000, 0x0000145855270000, 0x0000145855592000]
 total_blobs=2088 nmethods=1151 adapters=859
 compilation: enabled
              stopped_count=0, restarted_count=0
 full_count=0

Compilation events (20 events):
Event: 1.218 Thread 0x00001458642ed430 nmethod 1142 0x0000145855786e10 code [0x0000145855787040, 0x0000145855787528]
Event: 1.218 Thread 0x00001458642ed430 1146       3       java.lang.invoke.MethodHandleNatives::refKindIsMethod (19 bytes)
Event: 1.219 Thread 0x00001458642ed430 nmethod 1146 0x0000145855787790 code [0x0000145855787960, 0x0000145855787bd8]
Event: 1.219 Thread 0x00001458642ed430 1139       3       java.lang.invoke.MemberName$Factory::resolveOrFail (79 bytes)
Event: 1.220 Thread 0x00001458642ed430 nmethod 1139 0x0000145855787d90 code [0x0000145855788020, 0x0000145855788858]
Event: 1.220 Thread 0x00001458642ed430 1145       3       java.lang.invoke.MethodHandleNatives::findMethodHandleType (7 bytes)
Event: 1.221 Thread 0x00001458642ed430 nmethod 1145 0x0000145855788d10 code [0x0000145855788ec0, 0x0000145855789008]
Event: 1.226 Thread 0x00001458642eb800 nmethod 1124 0x000014585cba6710 code [0x000014585cba6be0, 0x000014585cba7e28]
Event: 1.226 Thread 0x00001458642eb800 1118       4       java.lang.String::replace (42 bytes)
Event: 1.226 Thread 0x00001458642ed430 1149       3       jdk.internal.org.objectweb.asm.MethodWriter::<init> (232 bytes)
Event: 1.228 Thread 0x0000145810265f70 nmethod 1106 0x000014585cba9710 code [0x000014585cba9940, 0x000014585cba9eb8]
Event: 1.228 Thread 0x0000145810265f70 1081       4       java.lang.String::codePointAt (50 bytes)
Event: 1.230 Thread 0x0000145810265f70 nmethod 1081 0x000014585cbaa410 code [0x000014585cbaa5e0, 0x000014585cbaa6f8]
Event: 1.230 Thread 0x0000145810265f70 1098       4       java.util.Objects::requireNonNull (15 bytes)
Event: 1.230 Thread 0x00001458642ed430 nmethod 1149 0x0000145855789110 code [0x00001458557895a0, 0x000014585578a6b8]
Event: 1.230 Thread 0x00001458642ed430 1154       3       jdk.internal.org.objectweb.asm.MethodWriter::putMethodInfo (1274 bytes)
Event: 1.231 Thread 0x0000145810265f70 nmethod 1098 0x000014585cbaa910 code [0x000014585cbaaac0, 0x000014585cbaab58]
Event: 1.244 Thread 0x0000145810265f70 1166       4       java.util.HashMap::get (19 bytes)
Event: 1.247 Thread 0x00001458642eb800 nmethod 1118 0x000014585cbab010 code [0x000014585cbab2a0, 0x000014585cbab9f8]
Event: 1.247 Thread 0x00001458642eb800 1169       4       jdk.internal.org.objectweb.asm.Frame::execute (2305 bytes)

GC Heap History (18 events):
Event: 0.251 GC heap before
{Heap before GC invocations=0 (full 0):
 garbage-first heap   total 8192K, used 2048K [0x0000000706400000, 0x0000000800000000)
  region size 2048K, 1 young (2048K), 0 survivors (0K)
 Metaspace       used 6008K, committed 6208K, reserved 1056768K
  class space    used 507K, committed 640K, reserved 1048576K
}
Event: 0.255 GC heap after
{Heap after GC invocations=1 (full 0):
 garbage-first heap   total 8192K, used 768K [0x0000000706400000, 0x0000000800000000)
  region size 2048K, 1 young (2048K), 1 survivors (2048K)
 Metaspace       used 6008K, committed 6208K, reserved 1056768K
  class space    used 507K, committed 640K, reserved 1048576K
}
Event: 0.339 GC heap before
{Heap before GC invocations=1 (full 0):
 garbage-first heap   total 8192K, used 2816K [0x0000000706400000, 0x0000000800000000)
  region size 2048K, 2 young (4096K), 1 survivors (2048K)
 Metaspace       used 6636K, committed 6784K, reserved 1056768K
  class space    used 561K, committed 640K, reserved 1048576K
}
Event: 0.343 GC heap after
{Heap after GC invocations=2 (full 0):
 garbage-first heap   total 8192K, used 904K [0x0000000706400000, 0x0000000800000000)
  region size 2048K, 1 young (2048K), 1 survivors (2048K)
 Metaspace       used 6636K, committed 6784K, reserved 1056768K
  class space    used 561K, committed 640K, reserved 1048576K
}
Event: 0.449 GC heap before
{Heap before GC invocations=2 (full 0):
 garbage-first heap   total 8192K, used 2952K [0x0000000706400000, 0x0000000800000000)
  region size 2048K, 2 young (4096K), 1 survivors (2048K)
 Metaspace       used 7752K, committed 7872K, reserved 1056768K
  class space    used 670K, committed 704K, reserved 1048576K
}
Event: 0.454 GC heap after
{Heap after GC invocations=3 (full 0):
 garbage-first heap   total 8192K, used 1049K [0x0000000706400000, 0x0000000800000000)
  region size 2048K, 1 young (2048K), 1 survivors (2048K)
 Metaspace       used 7752K, committed 7872K, reserved 1056768K
  class space    used 670K, committed 704K, reserved 1048576K
}
Event: 0.496 GC heap before
{Heap before GC invocations=3 (full 0):
 garbage-first heap   total 8192K, used 3097K [0x0000000706400000, 0x0000000800000000)
  region size 2048K, 2 young (4096K), 1 survivors (2048K)
 Metaspace       used 7765K, committed 7872K, reserved 1056768K
  class space    used 670K, committed 704K, reserved 1048576K
}
Event: 0.501 GC heap after
{Heap after GC invocations=4 (full 0):
 garbage-first heap   total 8192K, used 1076K [0x0000000706400000, 0x0000000800000000)
  region size 2048K, 1 young (2048K), 1 survivors (2048K)
 Metaspace       used 7765K, committed 7872K, reserved 1056768K
  class space    used 670K, committed 704K, reserved 1048576K
}
Event: 0.537 GC heap before
{Heap before GC invocations=4 (full 0):
 garbage-first heap   total 8192K, used 3124K [0x0000000706400000, 0x0000000800000000)
  region size 2048K, 2 young (4096K), 1 survivors (2048K)
 Metaspace       used 7791K, committed 8000K, reserved 1056768K
  class space    used 670K, committed 768K, reserved 1048576K
}
Event: 0.545 GC heap after
{Heap after GC invocations=5 (full 0):
 garbage-first heap   total 14336K, used 1149K [0x0000000706400000, 0x0000000800000000)
  region size 2048K, 1 young (2048K), 1 survivors (2048K)
 Metaspace       used 7791K, committed 8000K, reserved 1056768K
  class space    used 670K, committed 768K, reserved 1048576K
}
Event: 0.647 GC heap before
{Heap before GC invocations=5 (full 0):
 garbage-first heap   total 14336K, used 7293K [0x0000000706400000, 0x0000000800000000)
  region size 2048K, 4 young (8192K), 1 survivors (2048K)
 Metaspace       used 7833K, committed 8000K, reserved 1056768K
  class space    used 670K, committed 768K, reserved 1048576K
}
Event: 0.654 GC heap after
{Heap after GC invocations=6 (full 0):
 garbage-first heap   total 14336K, used 1197K [0x0000000706400000, 0x0000000800000000)
  region size 2048K, 1 young (2048K), 1 survivors (2048K)
 Metaspace       used 7833K, committed 8000K, reserved 1056768K
  class space    used 670K, committed 768K, reserved 1048576K
}
Event: 0.754 GC heap before
{Heap before GC invocations=6 (full 0):
 garbage-first heap   total 14336K, used 7341K [0x0000000706400000, 0x0000000800000000)
  region size 2048K, 4 young (8192K), 1 survivors (2048K)
 Metaspace       used 7851K, committed 8000K, reserved 1056768K
  class space    used 670K, committed 768K, reserved 1048576K
}
Event: 0.761 GC heap after
{Heap after GC invocations=7 (full 0):
 garbage-first heap   total 14336K, used 1244K [0x0000000706400000, 0x0000000800000000)
  region size 2048K, 1 young (2048K), 1 survivors (2048K)
 Metaspace       used 7851K, committed 8000K, reserved 1056768K
  class space    used 670K, committed 768K, reserved 1048576K
}
Event: 0.982 GC heap before
{Heap before GC invocations=7 (full 0):
 garbage-first heap   total 14336K, used 7388K [0x0000000706400000, 0x0000000800000000)
  region size 2048K, 4 young (8192K), 1 survivors (2048K)
 Metaspace       used 9210K, committed 9472K, reserved 1064960K
  class space    used 850K, committed 960K, reserved 1048576K
}
Event: 0.991 GC heap after
{Heap after GC invocations=8 (full 0):
 garbage-first heap   total 14336K, used 2605K [0x0000000706400000, 0x0000000800000000)
  region size 2048K, 1 young (2048K), 1 survivors (2048K)
 Metaspace       used 9210K, committed 9472K, reserved 1064960K
  class space    used 850K, committed 960K, reserved 1048576K
}
Event: 1.088 GC heap before
{Heap before GC invocations=8 (full 0):
 garbage-first heap   total 14336K, used 6701K [0x0000000706400000, 0x0000000800000000)
  region size 2048K, 3 young (6144K), 1 survivors (2048K)
 Metaspace       used 9581K, committed 9792K, reserved 1064960K
  class space    used 895K, committed 1024K, reserved 1048576K
}
Event: 1.108 GC heap after
{Heap after GC invocations=9 (full 0):
 garbage-first heap   total 28672K, used 5414K [0x0000000706400000, 0x0000000800000000)
  region size 2048K, 1 young (2048K), 1 survivors (2048K)
 Metaspace       used 9581K, committed 9792K, reserved 1064960K
  class space    used 895K, committed 1024K, reserved 1048576K
}

Deoptimization events (20 events):
Event: 1.243 Thread 0x0000145864027ae0 Uncommon trap: trap_request=0xffffffde fr.pc=0x000014585cb867d4 relative=0x00000000000004f4
Event: 1.243 Thread 0x0000145864027ae0 Uncommon trap: reason=class_check action=maybe_recompile pc=0x000014585cb867d4 method=java.util.HashMap.getNode(Ljava/lang/Object;)Ljava/util/HashMap$Node; @ 63 c2
Event: 1.243 Thread 0x0000145864027ae0 DEOPT PACKING pc=0x000014585cb867d4 sp=0x000014586e526f30
Event: 1.243 Thread 0x0000145864027ae0 DEOPT UNPACKING pc=0x00001458551166b5 sp=0x000014586e526e68 mode 2
Event: 1.243 Thread 0x0000145864027ae0 Uncommon trap: trap_request=0xffffffde fr.pc=0x000014585cb86904 relative=0x0000000000000624
Event: 1.243 Thread 0x0000145864027ae0 Uncommon trap: reason=class_check action=maybe_recompile pc=0x000014585cb86904 method=java.util.HashMap.getNode(Ljava/lang/Object;)Ljava/util/HashMap$Node; @ 128 c2
Event: 1.243 Thread 0x0000145864027ae0 DEOPT PACKING pc=0x000014585cb86904 sp=0x000014586e526f30
Event: 1.243 Thread 0x0000145864027ae0 DEOPT UNPACKING pc=0x00001458551166b5 sp=0x000014586e526e68 mode 2
Event: 1.244 Thread 0x0000145864027ae0 Uncommon trap: trap_request=0xffffffde fr.pc=0x000014585cb86904 relative=0x0000000000000624
Event: 1.244 Thread 0x0000145864027ae0 Uncommon trap: reason=class_check action=maybe_recompile pc=0x000014585cb86904 method=java.util.HashMap.getNode(Ljava/lang/Object;)Ljava/util/HashMap$Node; @ 128 c2
Event: 1.244 Thread 0x0000145864027ae0 DEOPT PACKING pc=0x000014585cb86904 sp=0x000014586e526f30
Event: 1.244 Thread 0x0000145864027ae0 DEOPT UNPACKING pc=0x00001458551166b5 sp=0x000014586e526e68 mode 2
Event: 1.244 Thread 0x0000145864027ae0 Uncommon trap: trap_request=0xffffffde fr.pc=0x000014585cb83d3c relative=0x00000000000005fc
Event: 1.244 Thread 0x0000145864027ae0 Uncommon trap: reason=class_check action=maybe_recompile pc=0x000014585cb83d3c method=java.util.HashMap.getNode(Ljava/lang/Object;)Ljava/util/HashMap$Node; @ 128 c2
Event: 1.244 Thread 0x0000145864027ae0 DEOPT PACKING pc=0x000014585cb83d3c sp=0x000014586e526ec0
Event: 1.244 Thread 0x0000145864027ae0 DEOPT UNPACKING pc=0x00001458551166b5 sp=0x000014586e526e68 mode 2
Event: 1.245 Thread 0x0000145864027ae0 Uncommon trap: trap_request=0xffffff45 fr.pc=0x000014585cb5e3b8 relative=0x00000000000003d8
Event: 1.245 Thread 0x0000145864027ae0 Uncommon trap: reason=unstable_if action=reinterpret pc=0x000014585cb5e3b8 method=jdk.internal.org.objectweb.asm.SymbolTable.put(Ljdk/internal/org/objectweb/asm/SymbolTable$Entry;)Ljdk/internal/org/objectweb/asm/SymbolTable$Entry; @ 13 c2
Event: 1.245 Thread 0x0000145864027ae0 DEOPT PACKING pc=0x000014585cb5e3b8 sp=0x000014586e526b20
Event: 1.245 Thread 0x0000145864027ae0 DEOPT UNPACKING pc=0x00001458551166b5 sp=0x000014586e526ab0 mode 2

Classes unloaded (0 events):
No events

Classes redefined (0 events):
No events

Internal exceptions (20 events):
Event: 0.917 Thread 0x0000145864027ae0 Exception <a 'java/lang/NoSuchMethodError'{0x0000000706c4c360}: 'void java.lang.invoke.DirectMethodHandle$Holder.invokeStatic(java.lang.Object, java.lang.Object)'> (0x0000000706c4c360) 
thrown [/shared/projects/openjdk/jdk-jdk/source/src/hotspot/share/interpreter/linkResolver.cpp, line 790]
Event: 0.937 Thread 0x0000145864027ae0 Exception <a 'sun/nio/fs/UnixException'{0x0000000706c8e1f0}> (0x0000000706c8e1f0) 
thrown [/shared/projects/openjdk/jdk-jdk/source/src/hotspot/share/prims/jni.cpp, line 520]
Event: 0.937 Thread 0x0000145864027ae0 Exception <a 'sun/nio/fs/UnixException'{0x0000000706c8e628}> (0x0000000706c8e628) 
thrown [/shared/projects/openjdk/jdk-jdk/source/src/hotspot/share/prims/jni.cpp, line 520]
Event: 0.940 Thread 0x0000145864027ae0 Exception <a 'java/lang/NoSuchMethodError'{0x0000000706c93c30}: 'void java.lang.invoke.DirectMethodHandle$Holder.invokeStatic(java.lang.Object, java.lang.Object, java.lang.Object)'> (0x0000000706c93c30) 
thrown [/shared/projects/openjdk/jdk-jdk/source/src/hotspot/share/interpreter/linkResolver.cpp, line 790]
Event: 0.971 Thread 0x0000145864027ae0 Exception <a 'java/lang/NoSuchMethodError'{0x0000000706db7c00}: 'java.lang.Object java.lang.invoke.DirectMethodHandle$Holder.invokeStatic(java.lang.Object, long)'> (0x0000000706db7c00) 
thrown [/shared/projects/openjdk/jdk-jdk/source/src/hotspot/share/interpreter/linkResolver.cpp, line 790]
Event: 0.973 Thread 0x0000145864027ae0 Exception <a 'java/lang/NoSuchMethodError'{0x0000000706dc9d58}: 'java.lang.Object java.lang.invoke.DirectMethodHandle$Holder.invokeSpecial(java.lang.Object, java.lang.Object, long)'> (0x0000000706dc9d58) 
thrown [/shared/projects/openjdk/jdk-jdk/source/src/hotspot/share/interpreter/linkResolver.cpp, line 790]
Event: 0.978 Thread 0x0000145864027ae0 Exception <a 'java/lang/NoSuchMethodError'{0x0000000706deac90}: 'java.lang.Object java.lang.invoke.DirectMethodHandle$Holder.invokeStatic(java.lang.Object, java.lang.Object, java.lang.Object, java.lang.Object, java.lang.Object, java.lang.Object, java.lang.Object, java.lang.Object)'> (0x0000000706deac90) 
thrown [/shared/projects/openjdk/jdk-jdk/source/src/hotspot/share/interpreter/linkResolver.cpp, line 790]
Event: 0.993 Thread 0x0000145864027ae0 Exception <a 'java/lang/NoSuchMethodError'{0x0000000707003168}: 'java.lang.Object java.lang.invoke.DirectMethodHandle$Holder.invokeStatic(java.lang.Object, java.lang.Object, java.lang.Object, java.lang.Object, long)'> (0x0000000707003168) 
thrown [/shared/projects/openjdk/jdk-jdk/source/src/hotspot/share/interpreter/linkResolver.cpp, line 790]
Event: 0.998 Thread 0x0000145864027ae0 Exception <a 'java/lang/NoSuchMethodError'{0x000000070701e5a8}: 'java.lang.Object java.lang.invoke.DirectMethodHandle$Holder.invokeStatic(java.lang.Object, java.lang.Object, java.lang.Object, java.lang.Object, java.lang.Object, java.lang.Object, java.lang.Object, java.lang.Object, java.lang.Object)'> (0x000000070701e5a8) 
thrown [/shared/projects/openjdk/jdk-jdk/source/src/hotspot/share/interpreter/linkResolver.cpp, line 790]
Event: 1.004 Thread 0x0000145864027ae0 Exception <a 'java/lang/NoSuchMethodError'{0x000000070703ee00}: 'java.lang.Object java.lang.invoke.DirectMethodHandle$Holder.invokeStatic(java.lang.Object, java.lang.Object, java.lang.Object, java.lang.Object, java.lang.Object, java.lang.Object, java.lang.Object, java.lang.Object, java.lang.Object, java.lang.Object)'> (0x000000070703ee00) 
thrown [/shared/projects/openjdk/jdk-jdk/source/src/hotspot/share/interpreter/linkResolver.cpp, line 790]
Event: 1.064 Thread 0x0000145864027ae0 Exception <a 'java/lang/NoSuchMethodError'{0x0000000706f81350}: 'java.lang.Object java.lang.invoke.DirectMethodHandle$Holder.invokeStatic(java.lang.Object, java.lang.Object, java.lang.Object, java.lang.Object, java.lang.Object, java.lang.Object, java.lang.Object, java.lang.Object, java.lang.Object, java.lang.Object, java.lang.Object)'> (0x0000000706f81350) 
thrown [/shared/projects/openjdk/jdk-jdk/source/src/hotspot/share/interpreter/linkResolver.cpp, line 790]
Event: 1.068 Thread 0x0000145864027ae0 Exception <a 'java/lang/NoSuchMethodError'{0x0000000706f9e390}: 'java.lang.Object java.lang.invoke.DirectMethodHandle$Holder.invokeStatic(java.lang.Object, java.lang.Object, java.lang.Object, java.lang.Object, java.lang.Object, java.lang.Object, java.lang.Object, java.lang.Object, java.lang.Object, java.lang.Object, java.lang.Object, java.lang.Object)'> (0x0000000706f9e390) 
thrown [/shared/projects/openjdk/jdk-jdk/source/src/hotspot/share/interpreter/linkResolver.cpp, line 790]
Event: 1.079 Thread 0x0000145864027ae0 Exception <a 'java/lang/NoSuchMethodError'{0x0000000706fdbba0}: 'void java.lang.invoke.DirectMethodHandle$Holder.invokeVirtual(java.lang.Object, java.lang.Object, java.lang.Object)'> (0x0000000706fdbba0) 
thrown [/shared/projects/openjdk/jdk-jdk/source/src/hotspot/share/interpreter/linkResolver.cpp, line 790]
Event: 1.131 Thread 0x0000145864027ae0 Exception <a 'java/lang/NoSuchMethodError'{0x0000000707f8bcd0}: 'java.lang.Object java.lang.invoke.DelegatingMethodHandle$Holder.delegate(java.lang.Object, java.lang.Object, java.lang.Object, java.lang.Object, java.lang.Object)'> (0x0000000707f8bcd0) 
thrown [/shared/projects/openjdk/jdk-jdk/source/src/hotspot/share/interpreter/linkResolver.cpp, line 790]
Event: 1.133 Thread 0x0000145864027ae0 Exception <a 'java/lang/NoSuchMethodError'{0x0000000707f93940}: 'java.lang.Object java.lang.invoke.Invokers$Holder.invokeExact_MT(java.lang.Object, java.lang.Object, java.lang.Object, java.lang.Object, java.lang.Object, java.lang.Object)'> (0x0000000707f93940) 
thrown [/shared/projects/openjdk/jdk-jdk/source/src/hotspot/share/interpreter/linkResolver.cpp, line 790]
Event: 1.161 Thread 0x0000145864027ae0 Exception <a 'java/lang/NoSuchMethodError'{0x0000000707c04080}: 'int java.lang.invoke.DirectMethodHandle$Holder.invokeStatic(java.lang.Object, java.lang.Object, java.lang.Object, java.lang.Object)'> (0x0000000707c04080) 
thrown [/shared/projects/openjdk/jdk-jdk/source/src/hotspot/share/interpreter/linkResolver.cpp, line 790]
Event: 1.163 Thread 0x0000145864027ae0 Exception <a 'java/lang/NoSuchMethodError'{0x0000000707c0b5d0}: 'void java.lang.invoke.DirectMethodHandle$Holder.invokeSpecial(java.lang.Object, java.lang.Object, java.lang.Object, java.lang.Object)'> (0x0000000707c0b5d0) 
thrown [/shared/projects/openjdk/jdk-jdk/source/src/hotspot/share/interpreter/linkResolver.cpp, line 790]
Event: 1.206 Thread 0x0000145864027ae0 Exception <a 'java/lang/NoSuchMethodError'{0x0000000707a79ee8}: 'int java.lang.invoke.DirectMethodHandle$Holder.invokeSpecial(java.lang.Object, java.lang.Object, java.lang.Object)'> (0x0000000707a79ee8) 
thrown [/shared/projects/openjdk/jdk-jdk/source/src/hotspot/share/interpreter/linkResolver.cpp, line 790]
Event: 1.234 Thread 0x0000145864027ae0 Exception <a 'java/lang/IncompatibleClassChangeError'{0x0000000707acca68}: Found class java.lang.Object, but interface was expected> (0x0000000707acca68) 
thrown [/shared/projects/openjdk/jdk-jdk/source/src/hotspot/share/interpreter/linkResolver.cpp, line 857]
Event: 1.235 Thread 0x0000145864027ae0 Exception <a 'java/lang/NoSuchMethodError'{0x0000000707acfc70}: 'int java.lang.invoke.DirectMethodHandle$Holder.invokeVirtual(java.lang.Object, java.lang.Object, java.lang.Object)'> (0x0000000707acfc70) 
thrown [/shared/projects/openjdk/jdk-jdk/source/src/hotspot/share/interpreter/linkResolver.cpp, line 790]

Events (20 events):
Event: 1.202 loading class java/util/TreeSet
Event: 1.202 loading class java/util/NavigableSet
Event: 1.202 loading class java/util/SortedSet
Event: 1.202 loading class java/util/SortedSet done
Event: 1.203 loading class java/util/NavigableSet done
Event: 1.204 loading class java/util/TreeSet done
Event: 1.224 loading class java/util/function/IntSupplier
Event: 1.224 loading class java/util/function/IntSupplier done
Event: 1.236 loading class java/util/stream/MatchOps$MatchKind
Event: 1.236 loading class java/util/stream/MatchOps$MatchKind done
Event: 1.236 loading class java/util/stream/MatchOps
Event: 1.237 loading class java/util/stream/MatchOps done
Event: 1.237 loading class java/util/stream/MatchOps$MatchOp
Event: 1.237 loading class java/util/stream/MatchOps$MatchOp done
Event: 1.237 loading class java/util/stream/MatchOps$BooleanTerminalSink
Event: 1.237 loading class java/util/stream/MatchOps$BooleanTerminalSink done
Event: 1.238 loading class java/util/stream/MatchOps$1MatchSink
Event: 1.238 loading class java/util/stream/MatchOps$1MatchSink done
Event: 1.242 loading class java/util/ComparableTimSort
Event: 1.242 loading class java/util/ComparableTimSort done


Dynamic libraries:
706400000-708000000 rw-p 00000000 00:00 0 
708000000-800000000 ---p 00000000 00:00 0 
800000000-800020000 rw-p 00000000 00:00 0 
800020000-800040000 rw-p 00000000 00:00 0 
800040000-8000c0000 rw-p 00000000 00:00 0 
8000c0000-800110000 rw-p 00000000 00:00 0 
800110000-840000000 ---p 00000000 00:00 0 
1457e8000000-1457e8021000 rw-p 00000000 00:00 0 
1457e8021000-1457ec000000 ---p 00000000 00:00 0 
1457f0000000-1457f0021000 rw-p 00000000 00:00 0 
1457f0021000-1457f4000000 ---p 00000000 00:00 0 
1457f7400000-1457f7470000 rw-p 00000000 00:00 0 
1457f7470000-1457f7500000 ---p 00000000 00:00 0 
1457f7500000-1457f7590000 rw-p 00000000 00:00 0 
1457f7590000-1457f7c00000 ---p 00000000 00:00 0 
1457f8000000-1457f8021000 rw-p 00000000 00:00 0 
1457f8021000-1457fc000000 ---p 00000000 00:00 0 
1457fc000000-1457fc021000 rw-p 00000000 00:00 0 
1457fc021000-145800000000 ---p 00000000 00:00 0 
145800000000-1458010f6000 rw-p 00000000 00:00 0 
1458010f6000-145804000000 ---p 00000000 00:00 0 
145804000000-145804d2b000 rw-p 00000000 00:00 0 
145804d2b000-145808000000 ---p 00000000 00:00 0 
145808000000-145808021000 rw-p 00000000 00:00 0 
145808021000-14580c000000 ---p 00000000 00:00 0 
14580c000000-14580c021000 rw-p 00000000 00:00 0 
14580c021000-145810000000 ---p 00000000 00:00 0 
145810000000-145810ae0000 rw-p 00000000 00:00 0 
145810ae0000-145814000000 ---p 00000000 00:00 0 
145814000000-145814021000 rw-p 00000000 00:00 0 
145814021000-145818000000 ---p 00000000 00:00 0 
145818000000-145818021000 rw-p 00000000 00:00 0 
145818021000-14581c000000 ---p 00000000 00:00 0 
14581c000000-14581cf90000 rw-p 00000000 00:00 0 
14581cf90000-145820000000 ---p 00000000 00:00 0 
145820000000-145820021000 rw-p 00000000 00:00 0 
145820021000-145824000000 ---p 00000000 00:00 0 
145824000000-145824021000 rw-p 00000000 00:00 0 
145824021000-145828000000 ---p 00000000 00:00 0 
145828000000-145828021000 rw-p 00000000 00:00 0 
145828021000-14582c000000 ---p 00000000 00:00 0 
14582c000000-14582c021000 rw-p 00000000 00:00 0 
14582c021000-145830000000 ---p 00000000 00:00 0 
145830000000-145830021000 rw-p 00000000 00:00 0 
145830021000-145834000000 ---p 00000000 00:00 0 
145834000000-145834021000 rw-p 00000000 00:00 0 
145834021000-145838000000 ---p 00000000 00:00 0 
145838000000-145838021000 rw-p 00000000 00:00 0 
145838021000-14583c000000 ---p 00000000 00:00 0 
14583c5d7000-14583c8db000 rw-p 00000000 00:00 0 
14583c8db000-14583c8dc000 ---p 00000000 00:00 0 
14583c8dc000-14583c9dc000 rw-p 00000000 00:00 0 
14583c9dc000-14583c9dd000 ---p 00000000 00:00 0 
14583c9dd000-14583cadd000 rw-p 00000000 00:00 0 
14583cadd000-14583cae4000 r-xp 00000000 08:31 45623581                   /shared/projects/openjdk/jdk-jdk/output-fastdebug/jdk/lib/libzip.so
14583cae4000-14583cce3000 ---p 00007000 08:31 45623581                   /shared/projects/openjdk/jdk-jdk/output-fastdebug/jdk/lib/libzip.so
14583cce3000-14583cce4000 r--p 00006000 08:31 45623581                   /shared/projects/openjdk/jdk-jdk/output-fastdebug/jdk/lib/libzip.so
14583cce4000-14583cce5000 rw-p 00007000 08:31 45623581                   /shared/projects/openjdk/jdk-jdk/output-fastdebug/jdk/lib/libzip.so
14583cce5000-14583cce6000 ---p 00000000 00:00 0 
14583cce6000-14583cde6000 rw-p 00000000 00:00 0 
14583cde6000-14583cdea000 ---p 00000000 00:00 0 
14583cdea000-14583cee7000 rw-p 00000000 00:00 0 
14583cee7000-14583ceeb000 ---p 00000000 00:00 0 
14583ceeb000-14583cfe8000 rw-p 00000000 00:00 0 
14583cfe8000-14583cfec000 ---p 00000000 00:00 0 
14583cfec000-14583d0e9000 rw-p 00000000 00:00 0 
14583d0e9000-14583d0ea000 ---p 00000000 00:00 0 
14583d0ea000-14583d1ea000 rw-p 00000000 00:00 0 
14583d1ea000-14583d1ff000 r-xp 00000000 08:31 45623584                   /shared/projects/openjdk/jdk-jdk/output-fastdebug/jdk/lib/libnet.so
14583d1ff000-14583d3fe000 ---p 00015000 08:31 45623584                   /shared/projects/openjdk/jdk-jdk/output-fastdebug/jdk/lib/libnet.so
14583d3fe000-14583d3ff000 r--p 00014000 08:31 45623584                   /shared/projects/openjdk/jdk-jdk/output-fastdebug/jdk/lib/libnet.so
14583d3ff000-14583d400000 rw-p 00015000 08:31 45623584                   /shared/projects/openjdk/jdk-jdk/output-fastdebug/jdk/lib/libnet.so
14583d400000-14583d820000 rw-p 00000000 00:00 0 
14583d820000-14583d840000 rw-p 00000000 00:00 0 
14583d840000-14583d880000 rw-p 00000000 00:00 0 
14583d880000-14583d900000 rw-p 00000000 00:00 0 
14583d900000-14583db00000 rw-p 00000000 00:00 0 
14583db00000-14583db80000 rw-p 00000000 00:00 0 
14583db80000-14583dc00000 rw-p 00000000 00:00 0 
14583dcee000-14583dcf2000 ---p 00000000 00:00 0 
14583dcf2000-14583ddef000 rw-p 00000000 00:00 0 
14583ddef000-14583ddff000 r-xp 00000000 08:31 45623587                   /shared/projects/openjdk/jdk-jdk/output-fastdebug/jdk/lib/libnio.so
14583ddff000-14583dffe000 ---p 00010000 08:31 45623587                   /shared/projects/openjdk/jdk-jdk/output-fastdebug/jdk/lib/libnio.so
14583dffe000-14583dfff000 r--p 0000f000 08:31 45623587                   /shared/projects/openjdk/jdk-jdk/output-fastdebug/jdk/lib/libnio.so
14583dfff000-14583e000000 rw-p 00010000 08:31 45623587                   /shared/projects/openjdk/jdk-jdk/output-fastdebug/jdk/lib/libnio.so
14583e000000-145840000000 rw-p 00000000 00:00 0 
145840000000-145840021000 rw-p 00000000 00:00 0 
145840021000-145844000000 ---p 00000000 00:00 0 
145844000000-145844021000 rw-p 00000000 00:00 0 
145844021000-145848000000 ---p 00000000 00:00 0 
145848000000-145848021000 rw-p 00000000 00:00 0 
145848021000-14584c000000 ---p 00000000 00:00 0 
14584c05c000-14584c08d000 rw-p 00000000 00:00 0 
14584c08d000-14584c091000 ---p 00000000 00:00 0 
14584c091000-14584c18e000 rw-p 00000000 00:00 0 
14584c18e000-14584c192000 ---p 00000000 00:00 0 
14584c192000-14584c28f000 rw-p 00000000 00:00 0 
14584c28f000-14584c293000 ---p 00000000 00:00 0 
14584c293000-14584c390000 rw-p 00000000 00:00 0 
14584c390000-14584c394000 ---p 00000000 00:00 0 
14584c394000-14584c491000 rw-p 00000000 00:00 0 
14584c491000-14584c495000 ---p 00000000 00:00 0 
14584c495000-14584c592000 rw-p 00000000 00:00 0 
14584c592000-14584c596000 ---p 00000000 00:00 0 
14584c596000-14584c693000 rw-p 00000000 00:00 0 
14584c693000-14584c697000 ---p 00000000 00:00 0 
14584c697000-14584c794000 rw-p 00000000 00:00 0 
14584c794000-14584c798000 ---p 00000000 00:00 0 
14584c798000-14584c895000 rw-p 00000000 00:00 0 
14584c895000-14584c896000 ---p 00000000 00:00 0 
14584c896000-14584ca17000 rw-p 00000000 00:00 0 
14584ca17000-14584ca18000 ---p 00000000 00:00 0 
14584ca18000-14584cb18000 rw-p 00000000 00:00 0 
14584cb18000-14584cb19000 ---p 00000000 00:00 0 
14584cb19000-14584d390000 rw-p 00000000 00:00 0 
14584d390000-145851190000 ---p 00000000 00:00 0 
145851190000-145851200000 rw-p 00000000 00:00 0 
145851200000-145855000000 ---p 00000000 00:00 0 
145855000000-145855270000 rwxp 00000000 00:00 0 
145855270000-145855592000 ---p 00000000 00:00 0 
145855592000-145855802000 rwxp 00000000 00:00 0 
145855802000-14585cac9000 ---p 00000000 00:00 0 
14585cac9000-14585cd39000 rwxp 00000000 00:00 0 
14585cd39000-145864000000 ---p 00000000 00:00 0 
145864000000-145864732000 rw-p 00000000 00:00 0 
145864732000-145868000000 ---p 00000000 00:00 0 
145868008000-145868164000 rw-p 00000000 00:00 0 
145868164000-145868165000 ---p 00000000 00:00 0 
145868165000-145868265000 rw-p 00000000 00:00 0 
145868265000-145868266000 ---p 00000000 00:00 0 
145868266000-145868366000 rw-p 00000000 00:00 0 
145868366000-145868367000 ---p 00000000 00:00 0 
145868367000-145868475000 rw-p 00000000 00:00 0 
145868475000-145868c35000 ---p 00000000 00:00 0 
145868c35000-145868c43000 rw-p 00000000 00:00 0 
145868c43000-145869403000 ---p 00000000 00:00 0 
145869403000-145869411000 rw-p 00000000 00:00 0 
145869411000-145869bd1000 ---p 00000000 00:00 0 
145869bd1000-14586a3de000 rw-p 00000000 00:00 0 
14586a3de000-14586a4c4000 ---p 00000000 00:00 0 
14586a4c4000-14586a4c9000 rw-p 00000000 00:00 0 
14586a4c9000-14586a5af000 ---p 00000000 00:00 0 
14586a5af000-14586a5d1000 r-xp 00000000 08:31 45623579                   /shared/projects/openjdk/jdk-jdk/output-fastdebug/jdk/lib/libjava.so
14586a5d1000-14586a7d1000 ---p 00022000 08:31 45623579                   /shared/projects/openjdk/jdk-jdk/output-fastdebug/jdk/lib/libjava.so
14586a7d1000-14586a7d2000 r--p 00022000 08:31 45623579                   /shared/projects/openjdk/jdk-jdk/output-fastdebug/jdk/lib/libjava.so
14586a7d2000-14586a7d3000 rw-p 00023000 08:31 45623579                   /shared/projects/openjdk/jdk-jdk/output-fastdebug/jdk/lib/libjava.so
14586a7d3000-14586a7d4000 rw-p 00000000 00:00 0 
14586a7d4000-14586a7df000 r-xp 00000000 08:15 1446166                    /lib/x86_64-linux-gnu/libnss_files-2.23.so
14586a7df000-14586a9de000 ---p 0000b000 08:15 1446166                    /lib/x86_64-linux-gnu/libnss_files-2.23.so
14586a9de000-14586a9df000 r--p 0000a000 08:15 1446166                    /lib/x86_64-linux-gnu/libnss_files-2.23.so
14586a9df000-14586a9e0000 rw-p 0000b000 08:15 1446166                    /lib/x86_64-linux-gnu/libnss_files-2.23.so
14586a9e0000-14586a9e6000 rw-p 00000000 00:00 0 
14586a9e6000-14586a9f1000 r-xp 00000000 08:15 1446170                    /lib/x86_64-linux-gnu/libnss_nis-2.23.so
14586a9f1000-14586abf0000 ---p 0000b000 08:15 1446170                    /lib/x86_64-linux-gnu/libnss_nis-2.23.so
14586abf0000-14586abf1000 r--p 0000a000 08:15 1446170                    /lib/x86_64-linux-gnu/libnss_nis-2.23.so
14586abf1000-14586abf2000 rw-p 0000b000 08:15 1446170                    /lib/x86_64-linux-gnu/libnss_nis-2.23.so
14586abf2000-14586ac08000 r-xp 00000000 08:15 1446156                    /lib/x86_64-linux-gnu/libnsl-2.23.so
14586ac08000-14586ae07000 ---p 00016000 08:15 1446156                    /lib/x86_64-linux-gnu/libnsl-2.23.so
14586ae07000-14586ae08000 r--p 00015000 08:15 1446156                    /lib/x86_64-linux-gnu/libnsl-2.23.so
14586ae08000-14586ae09000 rw-p 00016000 08:15 1446156                    /lib/x86_64-linux-gnu/libnsl-2.23.so
14586ae09000-14586ae0b000 rw-p 00000000 00:00 0 
14586ae0b000-14586ae13000 r-xp 00000000 08:15 1446168                    /lib/x86_64-linux-gnu/libnss_compat-2.23.so
14586ae13000-14586b012000 ---p 00008000 08:15 1446168                    /lib/x86_64-linux-gnu/libnss_compat-2.23.so
14586b012000-14586b013000 r--p 00007000 08:15 1446168                    /lib/x86_64-linux-gnu/libnss_compat-2.23.so
14586b013000-14586b014000 rw-p 00008000 08:15 1446168                    /lib/x86_64-linux-gnu/libnss_compat-2.23.so
14586b014000-14586b030000 r-xp 00000000 08:31 45623583                   /shared/projects/openjdk/jdk-jdk/output-fastdebug/jdk/lib/libjimage.so
14586b030000-14586b230000 ---p 0001c000 08:31 45623583                   /shared/projects/openjdk/jdk-jdk/output-fastdebug/jdk/lib/libjimage.so
14586b230000-14586b232000 r--p 0001c000 08:31 45623583                   /shared/projects/openjdk/jdk-jdk/output-fastdebug/jdk/lib/libjimage.so
14586b232000-14586b233000 rw-p 0001e000 08:31 45623583                   /shared/projects/openjdk/jdk-jdk/output-fastdebug/jdk/lib/libjimage.so
14586b233000-14586b33b000 r-xp 00000000 08:15 1446157                    /lib/x86_64-linux-gnu/libm-2.23.so
14586b33b000-14586b53a000 ---p 00108000 08:15 1446157                    /lib/x86_64-linux-gnu/libm-2.23.so
14586b53a000-14586b53b000 r--p 00107000 08:15 1446157                    /lib/x86_64-linux-gnu/libm-2.23.so
14586b53b000-14586b53c000 rw-p 00108000 08:15 1446157                    /lib/x86_64-linux-gnu/libm-2.23.so
14586b53c000-14586d361000 r-xp 00000000 08:31 45623261                   /shared/projects/openjdk/jdk-jdk/output-fastdebug/jdk/lib/server/libjvm.so
14586d361000-14586d560000 ---p 01e25000 08:31 45623261                   /shared/projects/openjdk/jdk-jdk/output-fastdebug/jdk/lib/server/libjvm.so
14586d560000-14586d640000 r--p 01e24000 08:31 45623261                   /shared/projects/openjdk/jdk-jdk/output-fastdebug/jdk/lib/server/libjvm.so
14586d640000-14586d677000 rw-p 01f04000 08:31 45623261                   /shared/projects/openjdk/jdk-jdk/output-fastdebug/jdk/lib/server/libjvm.so
14586d677000-14586d718000 rw-p 00000000 00:00 0 
14586d718000-14586d730000 r-xp 00000000 08:15 1446154                    /lib/x86_64-linux-gnu/libpthread-2.23.so
14586d730000-14586d92f000 ---p 00018000 08:15 1446154                    /lib/x86_64-linux-gnu/libpthread-2.23.so
14586d92f000-14586d930000 r--p 00017000 08:15 1446154                    /lib/x86_64-linux-gnu/libpthread-2.23.so
14586d930000-14586d931000 rw-p 00018000 08:15 1446154                    /lib/x86_64-linux-gnu/libpthread-2.23.so
14586d931000-14586d935000 rw-p 00000000 00:00 0 
14586d935000-14586d938000 r-xp 00000000 08:15 1446143                    /lib/x86_64-linux-gnu/libdl-2.23.so
14586d938000-14586db37000 ---p 00003000 08:15 1446143                    /lib/x86_64-linux-gnu/libdl-2.23.so
14586db37000-14586db38000 r--p 00002000 08:15 1446143                    /lib/x86_64-linux-gnu/libdl-2.23.so
14586db38000-14586db39000 rw-p 00003000 08:15 1446143                    /lib/x86_64-linux-gnu/libdl-2.23.so
14586db39000-14586db52000 r-xp 00000000 08:15 1442125                    /lib/x86_64-linux-gnu/libz.so.1.2.8
14586db52000-14586dd51000 ---p 00019000 08:15 1442125                    /lib/x86_64-linux-gnu/libz.so.1.2.8
14586dd51000-14586dd52000 r--p 00018000 08:15 1442125                    /lib/x86_64-linux-gnu/libz.so.1.2.8
14586dd52000-14586dd53000 rw-p 00019000 08:15 1442125                    /lib/x86_64-linux-gnu/libz.so.1.2.8
14586dd53000-14586df13000 r-xp 00000000 08:15 1446153                    /lib/x86_64-linux-gnu/libc-2.23.so
14586df13000-14586e113000 ---p 001c0000 08:15 1446153                    /lib/x86_64-linux-gnu/libc-2.23.so
14586e113000-14586e117000 r--p 001c0000 08:15 1446153                    /lib/x86_64-linux-gnu/libc-2.23.so
14586e117000-14586e119000 rw-p 001c4000 08:15 1446153                    /lib/x86_64-linux-gnu/libc-2.23.so
14586e119000-14586e11d000 rw-p 00000000 00:00 0 
14586e11d000-14586e12b000 r-xp 00000000 08:31 45623574                   /shared/projects/openjdk/jdk-jdk/output-fastdebug/jdk/lib/libjli.so
14586e12b000-14586e32a000 ---p 0000e000 08:31 45623574                   /shared/projects/openjdk/jdk-jdk/output-fastdebug/jdk/lib/libjli.so
14586e32a000-14586e32b000 r--p 0000d000 08:31 45623574                   /shared/projects/openjdk/jdk-jdk/output-fastdebug/jdk/lib/libjli.so
14586e32b000-14586e32c000 rw-p 0000e000 08:31 45623574                   /shared/projects/openjdk/jdk-jdk/output-fastdebug/jdk/lib/libjli.so
14586e32c000-14586e352000 r-xp 00000000 08:15 1446164                    /lib/x86_64-linux-gnu/ld-2.23.so
14586e366000-14586e428000 rw-p 00000000 00:00 0 
14586e428000-14586e42c000 ---p 00000000 00:00 0 
14586e42c000-14586e52d000 rw-p 00000000 00:00 0 
14586e539000-14586e53e000 rw-p 00000000 00:00 0 
14586e53e000-14586e545000 ---p 00000000 00:00 0 
14586e545000-14586e54d000 rw-s 00000000 08:15 2101117                    /tmp/hsperfdata_thomas/10680
14586e54d000-14586e54e000 ---p 00000000 00:00 0 
14586e54e000-14586e54f000 r--p 00000000 00:00 0 
14586e54f000-14586e550000 rwxp 00000000 00:00 0 
14586e550000-14586e551000 rw-p 00000000 00:00 0 
14586e551000-14586e552000 r--p 00025000 08:15 1446164                    /lib/x86_64-linux-gnu/ld-2.23.so
14586e552000-14586e553000 rw-p 00026000 08:15 1446164                    /lib/x86_64-linux-gnu/ld-2.23.so
14586e553000-14586e554000 rw-p 00000000 00:00 0 
55ec90f2f000-55ec90f30000 r-xp 00000000 08:31 47982075                   /shared/projects/openjdk/jdk-jdk/output-fastdebug/jdk/bin/jlink
55ec91130000-55ec91131000 r--p 00001000 08:31 47982075                   /shared/projects/openjdk/jdk-jdk/output-fastdebug/jdk/bin/jlink
55ec91131000-55ec91132000 rw-p 00002000 08:31 47982075                   /shared/projects/openjdk/jdk-jdk/output-fastdebug/jdk/bin/jlink
55ec92d93000-55ec92db4000 rw-p 00000000 00:00 0                          [heap]
7ffd0e3b8000-7ffd0e3da000 rw-p 00000000 00:00 0                          [stack]
7ffd0e3f8000-7ffd0e3fb000 r--p 00000000 00:00 0                          [vvar]
7ffd0e3fb000-7ffd0e3fd000 r-xp 00000000 00:00 0                          [vdso]
ffffffffff600000-ffffffffff601000 r-xp 00000000 00:00 0                  [vsyscall]


VM Arguments:
jvm_args: -Dapplication.home=/shared/projects/openjdk/jdk-jdk/output-fastdebug/jdk --add-modules=ALL-DEFAULT -Xms8m -Djlink.debug=true -Djdk.module.main=jdk.jlink 
java_command: jdk.jlink/jdk.tools.jlink.internal.Main --module-path /shared/projects/openjdk/jdk-jdk/output-fastdebug/support/interim-jmods --endian little --output /shared/projects/openjdk/jdk-jdk/output-fastdebug/support/interim-image --disable-plugin generate-jli-classes --add-modules java.base,java.logging
java_class_path (initial): <not set>
Launcher Type: SUN_STANDARD

[Global flags]
     intx CICompilerCount                          = 4                                         {product} {ergonomic}     Number of compiler threads to run
     uint ConcGCThreads                            = 2                                         {product} {ergonomic}     Number of threads concurrent gc will use
     uint G1ConcRefinementThreads                  = 8                                         {product} {ergonomic}     The number of parallel rem set update threads. Will be set ergonomically by default.
   size_t G1HeapRegionSize                         = 2097152                                   {product} {ergonomic}     Size of the G1 regions.
    uintx GCDrainStackTargetSize                   = 64                                        {product} {ergonomic}     Number of entries we will try to leave on the stack during parallel gc
   size_t InitialHeapSize                          = 8388608                                   {product} {command line}  Initial heap size (in bytes); zero means use ergonomics
   size_t MarkStackSize                            = 4194304                                   {product} {ergonomic}     Size of marking stack
   size_t MaxHeapSize                              = 4190109696                                {product} {ergonomic}     Maximum heap size (in bytes)
   size_t MaxNewSize                               = 2512388096                                {product} {ergonomic}     Maximum new generation size (in bytes), max_uintx means set ergonomically
   size_t MinHeapDeltaBytes                        = 2097152                                   {product} {ergonomic}     The minimum change in heap space due to GC (in bytes)
   size_t MinHeapSize                              = 8388608                                   {product} {command line}  Minimum heap size (in bytes); zero means use ergonomics
    uintx NonNMethodCodeHeapSize                   = 5839372                                {pd product} {ergonomic}     Size of code heap with non-nmethods (in bytes)
    uintx NonProfiledCodeHeapSize                  = 122909434                              {pd product} {ergonomic}     Size of code heap with non-profiled methods (in bytes)
    uintx ProfiledCodeHeapSize                     = 122909434                              {pd product} {ergonomic}     Size of code heap with profiled methods (in bytes)
    uintx ReservedCodeCacheSize                    = 251658240                              {pd product} {ergonomic}     Reserved code cache size (in bytes) - maximum code cache size
     bool SegmentedCodeCache                       = true                                      {product} {ergonomic}     Use a segmented code cache
   size_t SoftMaxHeapSize                          = 4190109696                             {manageable} {ergonomic}     Soft limit for maximum heap size (in bytes)
     bool UseCompressedClassPointers               = true                           {product lp64_product} {ergonomic}   Use 32-bit class pointers in 64-bit VM. lp64_product means flag is always constant in 32 bit VM
     bool UseCompressedOops                        = true                           {product lp64_product} {ergonomic}   Use 32-bit object references in 64-bit VM. lp64_product means flag is always constant in 32 bit VM
     bool UseG1GC                                  = true                                      {product} {ergonomic}     Use the Garbage-First garbage collector

Logging:
Log output configuration:
 #0: stdout all=warning uptime,level,tags
 #1: stderr all=off uptime,level,tags

Environment Variables:
PATH=/home/thomas/bin:/home/thomas/.local/bin:/home/thomas/bin:/home/thomas/.local/bin:/usr/local/sbin:/usr/local/bin:/usr/sbin:/usr/bin:/sbin:/bin:/usr/games:/usr/local/games:/snap/bin
SHELL=/bin/bash
DISPLAY=:0
LANG=en_US.UTF-8
LC_ALL=C

Signal Handlers:
   SIGSEGV: crash_handler in libjvm.so, sa_mask[0]=11100100010111111101111111111110, sa_flags=SA_RESTART|SA_SIGINFO
    SIGBUS: crash_handler in libjvm.so, sa_mask[0]=11100100010111111101111111111110, sa_flags=SA_RESTART|SA_SIGINFO
    SIGFPE: crash_handler in libjvm.so, sa_mask[0]=11100100010111111101111111111110, sa_flags=SA_RESTART|SA_SIGINFO
   SIGPIPE: javaSignalHandler in libjvm.so, sa_mask[0]=11100100010111111101111111111110, sa_flags=SA_RESTART|SA_SIGINFO
   SIGXFSZ: javaSignalHandler in libjvm.so, sa_mask[0]=11100100010111111101111111111110, sa_flags=SA_RESTART|SA_SIGINFO
    SIGILL: crash_handler in libjvm.so, sa_mask[0]=11100100010111111101111111111110, sa_flags=SA_RESTART|SA_SIGINFO
   SIGUSR2: SR_handler in libjvm.so, sa_mask[0]=00000000000000000000000000000000, sa_flags=SA_RESTART|SA_SIGINFO
    SIGHUP: UserHandler in libjvm.so, sa_mask[0]=11100100010111111101111111111110, sa_flags=SA_RESTART|SA_SIGINFO
    SIGINT: UserHandler in libjvm.so, sa_mask[0]=11100100010111111101111111111110, sa_flags=SA_RESTART|SA_SIGINFO
   SIGTERM: UserHandler in libjvm.so, sa_mask[0]=11100100010111111101111111111110, sa_flags=SA_RESTART|SA_SIGINFO
   SIGQUIT: UserHandler in libjvm.so, sa_mask[0]=11100100010111111101111111111110, sa_flags=SA_RESTART|SA_SIGINFO
   SIGTRAP: crash_handler in libjvm.so, sa_mask[0]=11100100010111111101111111111110, sa_flags=SA_RESTART|SA_SIGINFO


---------------  S Y S T E M  ---------------

OS:
DISTRIB_ID=Ubuntu
DISTRIB_RELEASE=16.04
DISTRIB_CODENAME=xenial
DISTRIB_DESCRIPTION="Ubuntu 16.04.7 LTS"
uname: Linux mainframe 4.15.0-132-generic #136~16.04.1-Ubuntu SMP Tue Jan 12 18:22:20 UTC 2021 x86_64
OS uptime: 0 days 1:01 hours
libc: glibc 2.23 NPTL 2.23 
rlimit (soft/hard): STACK infinity/infinity , CORE 0k/infinity , NPROC 63628/63628 , NOFILE 1048576/1048576 , AS infinity/infinity , CPU infinity/infinity , DATA infinity/infinity , FSIZE infinity/infinity , MEMLOCK 64k/64k
load average: 6.76 6.64 4.57

/proc/meminfo:
MemTotal:       16361168 kB
MemFree:         6449188 kB
MemAvailable:   12301380 kB
Buffers:          274244 kB
Cached:          5722640 kB
SwapCached:            0 kB
Active:          6163460 kB
Inactive:        3007256 kB
Active(anon):    3172032 kB
Inactive(anon):   210688 kB
Active(file):    2991428 kB
Inactive(file):  2796568 kB
Unevictable:          80 kB
Mlocked:              80 kB
SwapTotal:       6417404 kB
SwapFree:        6417404 kB
Dirty:             27952 kB
Writeback:             0 kB
AnonPages:       3174024 kB
Mapped:           783072 kB
Shmem:            212256 kB
Slab:             526604 kB
SReclaimable:     398660 kB
SUnreclaim:       127944 kB
KernelStack:       16304 kB
PageTables:        60692 kB
NFS_Unstable:          0 kB
Bounce:                0 kB
WritebackTmp:          0 kB
CommitLimit:    14597988 kB
Committed_AS:   11010844 kB
VmallocTotal:   34359738367 kB
VmallocUsed:           0 kB
VmallocChunk:          0 kB
HardwareCorrupted:     0 kB
AnonHugePages:         0 kB
ShmemHugePages:        0 kB
ShmemPmdMapped:        0 kB
CmaTotal:              0 kB
CmaFree:               0 kB
HugePages_Total:       0
HugePages_Free:        0
HugePages_Rsvd:        0
HugePages_Surp:        0
Hugepagesize:       2048 kB
DirectMap4k:      491112 kB
DirectMap2M:    13076480 kB
DirectMap1G:     4194304 kB

/sys/kernel/mm/transparent_hugepage/enabled: always [madvise] never
/sys/kernel/mm/transparent_hugepage/defrag (defrag/compaction efforts parameter): always defer defer+madvise [madvise] never

Process Memory:
Virtual Size: 7211352K (peak: 7273800K)
Resident Set Size: 147612K (peak: 147612K) (anon: 120988K, file: 26624K, shmem: 0K)
Swapped out: 0K
C-Heap outstanding allocations: 52295K

/proc/sys/kernel/threads-max (system-wide limit on the number of threads): 127256
/proc/sys/vm/max_map_count (maximum number of memory map areas a process may have): 65530
/proc/sys/kernel/pid_max (system-wide limit on number of process identifiers): 32768

container (cgroup) information:
container_type: cgroupv1
cpu_cpuset_cpus: 0-7
cpu_memory_nodes: 0
active_processor_count: 8
cpu_quota: no quota
cpu_period: 100000
cpu_shares: no shares
memory_limit_in_bytes: unlimited
memory_and_swap_limit_in_bytes: not supported
memory_soft_limit_in_bytes: unlimited
memory_usage_in_bytes: 8601997312
memory_max_usage_in_bytes: 11537518592

Steal ticks since vm start: 0
Steal ticks percentage since vm start:  0.000

CPU: total 8 (initial active 8) (4 cores per cpu, 2 threads per core) family 6 model 60 stepping 3 microcode 0x28, cx8, cmov, fxsr, ht, mmx, sse, sse2, sse3, ssse3, sse4.1, sse4.2, popcnt, lzcnt, tsc, tscinvbit, avx, avx2, aes, erms, clmul, bmi1, bmi2, fma, vzeroupper, clflush
CPU Model and flags from /proc/cpuinfo:
model name	: Intel(R) Core(TM) i7-4770 CPU @ 3.40GHz
flags		: fpu vme de pse tsc msr pae mce cx8 apic sep mtrr pge mca cmov pat pse36 clflush dts acpi mmx fxsr sse sse2 ss ht tm pbe syscall nx pdpe1gb rdtscp lm constant_tsc arch_perfmon pebs bts rep_good nopl xtopology nonstop_tsc cpuid aperfmperf pni pclmulqdq dtes64 monitor ds_cpl vmx smx est tm2 ssse3 sdbg fma cx16 xtpr pdcm pcid sse4_1 sse4_2 x2apic movbe popcnt tsc_deadline_timer aes xsave avx f16c rdrand lahf_lm abm cpuid_fault epb invpcid_single pti ssbd ibrs ibpb stibp tpr_shadow vnmi flexpriority ept vpid fsgsbase tsc_adjust bmi1 avx2 smep bmi2 erms invpcid xsaveopt dtherm ida arat pln pts md_clear flush_l1d

Online cpus: 0-7
Offline cpus: 
cache level: 1
cache type: Data
cache size: 32K
cache coherency line size: 64
cache level: 1
cache type: Instruction
cache size: 32K
cache coherency line size: 64
cache level: 2
cache type: Unified
cache size: 256K
cache coherency line size: 64
cache level: 3
cache type: Unified
cache size: 8192K
cache coherency line size: 64
BIOS frequency limitation: <Not Available>
Frequency switch latency (ns): 0
Available cpu frequencies: <Not Available>
Maximum cpu frequency: 3900000
Minimum cpu frequency: 800000
Current cpu frequency: 3899981
Available governors: performance powersave
Current governor: powersave
Core performance/turbo boost: <Not Available>

Memory: 4k page, physical 16361168k(6449064k free), swap 6417404k(6417404k free)

vm_info: OpenJDK 64-Bit Server VM (fastdebug 17-internal+0-adhoc.thomas.source) for linux-amd64 JRE (17-internal+0-adhoc.thomas.source), built on Jan 15 2021 14:16:39 by "thomas" with gcc 7.5.0

END.
