#
# A fatal error has been detected by the Java Runtime Environment:
#
#  SIGILL (0x4) at pc=0x000075a9783c03ac, pid=2919418, tid=2919507
#
# JRE version:  (24.0.0.1) (build )
# Java VM: OpenJDK 64-Bit Server VM (24.0.0.1-internal-adhoc.d040975.jdk, mixed mode, tiered, compressed oops, compressed class ptrs, g1 gc, linux-ppc64le)
# Problematic frame:
# v  ~BufferBlob::detect_cpu_features 0x000075a9783c03ac
#
# Core dump will be written. Default location: Core dumps may be processed with "/usr/share/apport/apport -p%p -s%s -c%c -d%d -P%P -u%u -g%g -- %E" (or dumping to /net/usr.work/d040975/open_jdk/jdk_9/jdk/make/core.2919418)
#
#

---------------  S U M M A R Y ------------

Command Line: -Denv.class.path= -Dapplication.home=/net/usr.work/d040975/open_jdk/jdk_9/build_ls3927/jdk --add-modules=ALL-DEFAULT -Xms8m -Djava.io.tmpdir=/usr/work/d040975/open_jdk/jdk_9/build_ls3927/support/javatmp -Djdk.module.main=jdk.compiler jdk.compiler/com.sun.tools.javac.Main -g -Xlint:all -source 24 -target 24 -implicit:none -Xprefer:source -XDignore.symbol.file=true -encoding ascii -Werror --add-modules jdk.compiler,jdk.jdeps --add-exports jdk.compiler/com.sun.tools.javac.api=ALL-UNNAMED --add-exports jdk.compiler/com.sun.tools.javac.code=ALL-UNNAMED --add-exports jdk.compiler/com.sun.tools.javac.util=ALL-UNNAMED --add-exports jdk.compiler/com.sun.tools.javac.jvm=ALL-UNNAMED --add-exports jdk.jdeps/com.sun.tools.classfile=ALL-UNNAMED -Xlint:-options -XDmodifiedInputs=/usr/work/d040975/open_jdk/jdk_9/build_ls3927/buildtools/create_symbols_javac/_the.COMPILE_CREATE_SYMBOLS_batch.modfiles.fixed -d /usr/work/d040975/open_jdk/jdk_9/build_ls3927/buildtools/create_symbols_javac @/usr/work/d040975/open_jdk/jdk_9/build_ls3927/buildtools/create_symbols_javac/_the.COMPILE_CREATE_SYMBOLS_batch.filelist

Host: POWER9 (architected), altivec supported, 64 cores, 127G, Ubuntu 22.04.4 LTS
Time: Tue Aug 13 07:55:40 2024 UTC elapsed time: 0.030393 seconds (0d 0h 0m 0s)

---------------  T H R E A D  ---------------

Current thread (0x000075a98002c800):  JavaThread "Unknown thread" [_thread_in_vm, id=2919507, stack(0x000075a986a80000,0x000075a986c80000) (2048K)]

Stack: [0x000075a986a80000,0x000075a986c80000],  sp=0x000075a986c7b7c0,  free space=2029k
Native frames: (J=compiled Java code, j=interpreted, Vv=VM code, C=native code)
v  ~BufferBlob::detect_cpu_features 0x000075a9783c03ac
V  [libjvm.so+0x1206cb8]  (vm_version_ppc.cpp:60)
V  [libjvm.so+0x1206a98]  (vm_version.cpp:32)
V  [libjvm.so+0xa6e234]  (init.cpp:128)
V  [libjvm.so+0x11600a0]  (threads.cpp:550)
V  [libjvm.so+0xbaa0ac]  JNI_CreateJavaVM+0xac  (jni.cpp:3581)
C  [libjli.so+0x185bc]  (java.c:1592)
C  [libjli.so+0x1c158]  (java_md.c:653)
C  [libc.so.6+0xb5804]

siginfo: si_signo: 4 (SIGILL), si_code: 1 (ILL_ILLOPC), si_addr: 0x000075a9783c03ac

Registers:
pc =0x000075a9783c03ac  lr =0x000075a987fe830c  ctr=0x000075a9783c03a8  
r0 =0xffff8a5679384610  r1 =0x000075a986c7b7c0  r2 =0x000075a9881ccd00  
r3 =0x000075a986c7c9f0  r4 =0xffffffffffffffff  r5 =0x0000000000002000  
r6 =0x0000000000000010  r7 =0x0000000000000020  r8 =0x0000000000000030  
r9 =0x0000000000000028  r10=0x000075a986c7d9f0  r11=0x0000000000000000  
r12=0x000075a9783c03a8  r13=0x000075a986c868e0  r14=0x000001d8cc736190  
r15=0x000075a9885a05a0  r16=0x000075a986c7f160  r17=0x0000000000000000  
r18=0x000075a98822652d  r19=0x000075a988213618  r20=0x000075a98002d2a8  
r21=0x000075a98002ced0  r22=0x000075a9783c03a8  r23=0x000075a986c7b9f0  
r24=0x000075a986c7c9f0  r25=0x000075a9783c03c8  r26=0x000075a9783c0340  
r27=0x000075a9783c0358  r28=0x000075a986c7b7c0  r29=0x000075a98002cec0  
r30=0x000075a98002af30  r31=0x000075a986c7b7c0  


Top of Stack: (sp=0x000075a986c7b7c0)
0x000075a986c7b7c0:   000075a986c7dae0 000075a900400000   .....u....@..u..
0x000075a986c7b7d0:   000075a987fe8274 000075a9881ccd00   t....u.......u..
0x000075a986c7b7e0:   0000000000000004 000075a986c7b870   ........p....u..
0x000075a986c7b7f0:   000075a986c7b800 0000000000000400   .....u..........
0x000075a986c7b800:   000075a986c7bd20 0000000000008000    ....u..........
0x000075a986c7b810:   000075a9885f27f8 000075a988657e00   .'_..u...~e..u..
0x000075a986c7b820:   000075a988612bc8 0000000000000000   .+a..u..........
0x000075a986c7b830:   000075a987048acd 0000000000000000   .....u..........
0x000075a986c7b840:   0000000000000000 0000000000000000   ................
0x000075a986c7b850:   0000000000000000 0000000000000000   ................
0x000075a986c7b860:   0000000000000000 0000000000000000   ................
0x000075a986c7b870:   0000000000000000 00000000464c0000   ..........LF....
0x000075a986c7b880:   0000000000000000 000075a986c7b830   ........0....u..
0x000075a986c7b890:   000075a9783c0340 0000000000000000   @.<x.u..........
0x000075a986c7b8a0:   000075a9783c03c8 000075a9783c04d8   ..<x.u....<x.u..
0x000075a986c7b8b0:   0000000000000000 0000000000000000   ................
0x000075a986c7b8c0:   0000000000000000 000075a9783c0340   ........@.<x.u..
0x000075a986c7b8d0:   0000000000000000 0000000000000201   ................
0x000075a986c7b8e0:   000075a986c7b830 0000000000000000   0....u..........
0x000075a986c7b8f0:   0000000000000000 0000000000000000   ................
0x000075a986c7b900:   0000000000000000 0000000000000000   ................
0x000075a986c7b910:   0000000000000000 0000000000000000   ................
0x000075a986c7b920:   0000000000000000 0000000000000000   ................
0x000075a986c7b930:   0000000000010902 000075a986c7b830   ........0....u..
0x000075a986c7b940:   0000000000000000 000075a9783c0308   ..........<x.u..
0x000075a986c7b950:   000075a9783c0340 0000000000000198   @.<x.u..........
0x000075a986c7b960:   000075a986c7b968 0000000000000000   h....u..........
0x000075a986c7b970:   000075a988625898 0000000000000000   .Xb..u..........
0x000075a986c7b980:   0000000000000000 0000000000000000   ................
0x000075a986c7b990:   0000000000000000 00000000000001ad   ................
0x000075a986c7b9a0:   0000000000000000 0000000000000000   ................
0x000075a986c7b9b0:   000075a986077500 0000000000000000   .u...u..........

Instructions: (pc=0x000075a9783c03ac)
0x000075a9783c02ac:   00 00 00 00 00 00 00 00 00 00 00 00 00 00 00 00
0x000075a9783c02bc:   00 00 00 00 00 00 00 00 00 00 00 00 00 00 00 00
0x000075a9783c02cc:   00 00 00 00 00 00 00 00 00 00 00 00 00 00 00 00
0x000075a9783c02dc:   00 00 00 00 00 00 00 00 00 00 00 00 00 00 00 00
0x000075a9783c02ec:   00 00 00 00 00 00 00 00 00 00 00 00 00 00 00 00
0x000075a9783c02fc:   00 00 00 00 06 00 00 00 01 00 00 00 78 47 19 88
0x000075a9783c030c:   a9 75 00 00 00 00 00 00 00 00 00 00 cd 8a 04 87
0x000075a9783c031c:   a9 75 00 00 d0 01 00 00 00 00 00 00 38 00 00 00
0x000075a9783c032c:   38 00 00 00 d0 01 00 00 00 00 00 00 38 00 ff ff
0x000075a9783c033c:   02 00 00 00 58 03 3c 78 a9 75 00 00 fe ca 00 00
0x000075a9783c034c:   00 00 00 00 de c0 00 00 00 00 00 00 2c 20 60 fc
0x000075a9783c035c:   2c 20 60 ec 1e 30 e5 7c a9 20 e3 7c f8 33 a7 7c
0x000075a9783c036c:   f4 00 a7 7c f4 02 a7 7c 9c 26 60 ec 04 04 00 10
0x000075a9783c037c:   29 22 c3 7c 08 15 01 10 08 14 01 10 a6 02 03 7c
0x000075a9783c038c:   98 1e 00 7c 28 24 e3 7c 28 25 e3 7c 82 fe 01 10
0x000075a9783c039c:   e6 05 e1 7c 36 01 c5 7c 20 00 80 4e c0 03 3c 78
0x000075a9783c03ac:   a9 75 00 00 fe ca 00 00 00 00 00 00 de c0 00 00
0x000075a9783c03bc:   00 00 00 00 ec 1f 00 7c 20 00 80 4e 00 00 00 00
0x000075a9783c03cc:   00 00 00 00 00 00 00 00 00 00 00 00 00 00 00 00
0x000075a9783c03dc:   00 00 00 00 00 00 00 00 00 00 00 00 00 00 00 00
0x000075a9783c03ec:   00 00 00 00 00 00 00 00 00 00 00 00 00 00 00 00
0x000075a9783c03fc:   00 00 00 00 00 00 00 00 00 00 00 00 00 00 00 00
0x000075a9783c040c:   00 00 00 00 00 00 00 00 00 00 00 00 00 00 00 00
0x000075a9783c041c:   00 00 00 00 00 00 00 00 00 00 00 00 00 00 00 00
0x000075a9783c042c:   00 00 00 00 00 00 00 00 00 00 00 00 00 00 00 00
0x000075a9783c043c:   00 00 00 00 00 00 00 00 00 00 00 00 00 00 00 00
0x000075a9783c044c:   00 00 00 00 00 00 00 00 00 00 00 00 00 00 00 00
0x000075a9783c045c:   00 00 00 00 00 00 00 00 00 00 00 00 00 00 00 00
0x000075a9783c046c:   00 00 00 00 00 00 00 00 00 00 00 00 00 00 00 00
0x000075a9783c047c:   00 00 00 00 00 00 00 00 00 00 00 00 00 00 00 00
0x000075a9783c048c:   00 00 00 00 00 00 00 00 00 00 00 00 00 00 00 00
0x000075a9783c049c:   00 00 00 00 00 00 00 00 00 00 00 00 00 00 00 00


Lock stack of current Java thread (top to bottom):

--------------------------------------------------------------------------------
Decoding CodeBlob, name: detect_cpu_features, at  [0x000075a9783c0340, 0x000075a9783c04d8]  408 bytes
[MachCode]
  0x000075a9783c0340: 5803 3c78 | a975 0000 | feca 0000 | 0000 0000 | dec0 0000 | 0000 0000 | 2c20 60fc | 2c20 60ec 
  0x000075a9783c0360: 1e30 e57c | a920 e37c | f833 a77c | f400 a77c | f402 a77c | 9c26 60ec | 0404 0010 | 2922 c37c 
  0x000075a9783c0380: 0815 0110 | 0814 0110 | a602 037c | 981e 007c | 2824 e37c | 2825 e37c | 82fe 0110 | e605 e17c 
  0x000075a9783c03a0: 3601 c57c | 2000 804e | c003 3c78 | a975 0000 | feca 0000 | 0000 0000 | dec0 0000 | 0000 0000 
  0x000075a9783c03c0: ec1f 007c | 2000 804e | 0000 0000 | 0000 0000 | 0000 0000 | 0000 0000 | 0000 0000 | 0000 0000 
  0x000075a9783c03e0: 0000 0000 | 0000 0000 | 0000 0000 | 0000 0000 | 0000 0000 | 0000 0000 | 0000 0000 | 0000 0000 
  0x000075a9783c0400: 0000 0000 | 0000 0000 | 0000 0000 | 0000 0000 | 0000 0000 | 0000 0000 | 0000 0000 | 0000 0000 
  0x000075a9783c0420: 0000 0000 | 0000 0000 | 0000 0000 | 0000 0000 | 0000 0000 | 0000 0000 | 0000 0000 | 0000 0000 
  0x000075a9783c0440: 0000 0000 | 0000 0000 | 0000 0000 | 0000 0000 | 0000 0000 | 0000 0000 | 0000 0000 | 0000 0000 
  0x000075a9783c0460: 0000 0000 | 0000 0000 | 0000 0000 | 0000 0000 | 0000 0000 | 0000 0000 | 0000 0000 | 0000 0000 
  0x000075a9783c0480: 0000 0000 | 0000 0000 | 0000 0000 | 0000 0000 | 0000 0000 | 0000 0000 | 0000 0000 | 0000 0000 
  0x000075a9783c04a0: 0000 0000 | 0000 0000 | 0000 0000 | 0000 0000 | 0000 0000 | 0000 0000 | 0000 0000 | 0000 0000 
  0x000075a9783c04c0: 0000 0000 | 0000 0000 | 0000 0000 | 0000 0000 | 0000 0000 | 0000 0000 
[/MachCode]
--------------------------------------------------------------------------------


---------------  P R O C E S S  ---------------

Threads class SMR info:
_java_thread_list=0x000075a988267928, length=0, elements={
}

Java Threads: ( => current thread )
Total: 0

Other Threads:

=>0x000075a98002c800 (exited) JavaThread "Unknown thread"    [_thread_in_vm, id=2919507, stack(0x000075a986a80000,0x000075a986c80000) (2048K)]
Total: 1

Threads with active compile tasks:
Total: 0

VM state: not at safepoint (not fully initialized)

VM Mutex/Monitor currently owned by a thread: None

Heap address: 0x0000000000000000, size: 0 MB, Compressed Oops mode: 32-bit

CDS archive(s) not mapped
Narrow klass base: 0x0000000000000000, Narrow klass shift: 0, Narrow klass range: 0x0

GC Precious Log:
<Not initialized>

Dll operation events (1 events):
Event: 0.027 Loaded shared library /net/usr.work/d040975/open_jdk/jdk_9/build_ls3927/jdk/lib/libjava.so

Deoptimization events (0 events):
No events

Classes loaded (0 events):
No events

Classes unloaded (0 events):
No events

Classes redefined (0 events):
No events

Internal exceptions (0 events):
No events

VM Operations (0 events):
No events

Memory protections (1 events):
Event: 0.023 Protecting memory [0x000075a986a80000,0x000075a986ab0000] with protection modes 0

Nmethod flushes (0 events):
No events

Events (0 events):
No events


Dynamic libraries:
1d8bac90000-1d8baca0000 r--p 00000000 00:2e 2926970829                   /net/usr.work/d040975/open_jdk/jdk_9/build_ls3927/jdk/bin/javac
1d8baca0000-1d8bacb0000 r-xp 00000000 00:2e 2926970829                   /net/usr.work/d040975/open_jdk/jdk_9/build_ls3927/jdk/bin/javac
1d8bacb0000-1d8bacc0000 rw-p 00000000 00:2e 2926970829                   /net/usr.work/d040975/open_jdk/jdk_9/build_ls3927/jdk/bin/javac
1d8bacc0000-1d8bacd0000 rw-p 00000000 00:2e 2926970829                   /net/usr.work/d040975/open_jdk/jdk_9/build_ls3927/jdk/bin/javac
1d8cc710000-1d8cc740000 rw-p 00000000 00:00 0                            [heap]
75a971000000-75a971200000 rwxp 00000000 00:00 0 
75a971200000-75a9783c0000 ---p 00000000 00:00 0 
75a9783c0000-75a9785c0000 rwxp 00000000 00:00 0 
75a9785c0000-75a978c20000 ---p 00000000 00:00 0 
75a978c20000-75a978e20000 rwxp 00000000 00:00 0 
75a978e20000-75a980000000 ---p 00000000 00:00 0 
75a980000000-75a980070000 rw-p 00000000 00:00 0 
75a980070000-75a984000000 ---p 00000000 00:00 0 
75a9856f0000-75a985e80000 rw-p 00000000 00:00 0 
75a985e80000-75a985f60000 ---p 00000000 00:00 0 
75a985f60000-75a985f70000 rw-p 00000000 00:00 0 
75a985f70000-75a985f80000 ---p 00000000 00:00 0 
75a985f80000-75a985f90000 rw-p 00000000 00:00 0 
75a985f90000-75a986070000 ---p 00000000 00:00 0 
75a986070000-75a986090000 r--p 00000000 00:2e 2927084276                 /net/usr.work/d040975/open_jdk/jdk_9/build_ls3927/jdk/lib/libjava.so
75a986090000-75a9860b0000 r-xp 00010000 00:2e 2927084276                 /net/usr.work/d040975/open_jdk/jdk_9/build_ls3927/jdk/lib/libjava.so
75a9860b0000-75a9860c0000 rw-p 00020000 00:2e 2927084276                 /net/usr.work/d040975/open_jdk/jdk_9/build_ls3927/jdk/lib/libjava.so
75a9860c0000-75a9860d0000 rw-p 00020000 00:2e 2927084276                 /net/usr.work/d040975/open_jdk/jdk_9/build_ls3927/jdk/lib/libjava.so
75a9860d0000-75a9869b0000 r--s 00000000 fd:06 1443247                    /var/lib/sss/mc/passwd
75a9869b0000-75a9869c0000 r-xp 00000000 fd:06 793267                     /usr/lib/powerpc64le-linux-gnu/libnss_sss.so.2
75a9869c0000-75a9869d0000 r--p 00000000 fd:06 793267                     /usr/lib/powerpc64le-linux-gnu/libnss_sss.so.2
75a9869d0000-75a9869e0000 rw-p 00010000 fd:06 793267                     /usr/lib/powerpc64le-linux-gnu/libnss_sss.so.2
75a9869e0000-75a9869f0000 r-xp 00000000 fd:06 795597                     /usr/lib/powerpc64le-linux-gnu/libnss_compat.so.2
75a9869f0000-75a986a00000 r--p 00000000 fd:06 795597                     /usr/lib/powerpc64le-linux-gnu/libnss_compat.so.2
75a986a00000-75a986a10000 rw-p 00010000 fd:06 795597                     /usr/lib/powerpc64le-linux-gnu/libnss_compat.so.2
75a986a10000-75a986a20000 rw-s 00000000 fd:06 1312243                    /tmp/hsperfdata_d040975/2919418
75a986a20000-75a986a30000 r--p 00000000 00:2e 2927080625                 /net/usr.work/d040975/open_jdk/jdk_9/build_ls3927/jdk/lib/libjimage.so
75a986a30000-75a986a60000 r-xp 00000000 00:2e 2927080625                 /net/usr.work/d040975/open_jdk/jdk_9/build_ls3927/jdk/lib/libjimage.so
75a986a60000-75a986a70000 rw-p 00020000 00:2e 2927080625                 /net/usr.work/d040975/open_jdk/jdk_9/build_ls3927/jdk/lib/libjimage.so
75a986a70000-75a986a80000 rw-p 00020000 00:2e 2927080625                 /net/usr.work/d040975/open_jdk/jdk_9/build_ls3927/jdk/lib/libjimage.so
75a986a80000-75a986ab0000 ---p 00000000 00:00 0 
75a986ab0000-75a986c80000 rw-p 00000000 00:00 0 
75a986c80000-75a986dc0000 r-xp 00000000 fd:06 795594                     /usr/lib/powerpc64le-linux-gnu/libm.so.6
75a986dc0000-75a986dd0000 r--p 00130000 fd:06 795594                     /usr/lib/powerpc64le-linux-gnu/libm.so.6
75a986dd0000-75a986de0000 rw-p 00140000 fd:06 795594                     /usr/lib/powerpc64le-linux-gnu/libm.so.6
75a986de0000-75a9872b0000 r--p 00000000 00:2e 2927058971                 /net/usr.work/d040975/open_jdk/jdk_9/build_ls3927/jdk/lib/server/libjvm.so
75a9872b0000-75a988120000 r-xp 004c0000 00:2e 2927058971                 /net/usr.work/d040975/open_jdk/jdk_9/build_ls3927/jdk/lib/server/libjvm.so
75a988120000-75a9881e0000 r--p 01320000 00:2e 2927058971                 /net/usr.work/d040975/open_jdk/jdk_9/build_ls3927/jdk/lib/server/libjvm.so
75a9881e0000-75a9881f0000 rw-p 013e0000 00:2e 2927058971                 /net/usr.work/d040975/open_jdk/jdk_9/build_ls3927/jdk/lib/server/libjvm.so
75a9881f0000-75a988220000 rw-p 013e0000 00:2e 2927058971                 /net/usr.work/d040975/open_jdk/jdk_9/build_ls3927/jdk/lib/server/libjvm.so
75a988220000-75a988280000 rw-p 00000000 00:00 0 
75a988280000-75a9884e0000 r-xp 00000000 fd:06 795591                     /usr/lib/powerpc64le-linux-gnu/libc.so.6
75a9884e0000-75a9884f0000 ---p 00260000 fd:06 795591                     /usr/lib/powerpc64le-linux-gnu/libc.so.6
75a9884f0000-75a988500000 r--p 00260000 fd:06 795591                     /usr/lib/powerpc64le-linux-gnu/libc.so.6
75a988500000-75a988510000 rw-p 00270000 fd:06 795591                     /usr/lib/powerpc64le-linux-gnu/libc.so.6
75a988510000-75a988540000 r-xp 00000000 fd:06 788639                     /usr/lib/powerpc64le-linux-gnu/libz.so.1.2.11
75a988540000-75a988550000 r--p 00020000 fd:06 788639                     /usr/lib/powerpc64le-linux-gnu/libz.so.1.2.11
75a988550000-75a988560000 rw-p 00030000 fd:06 788639                     /usr/lib/powerpc64le-linux-gnu/libz.so.1.2.11
75a988560000-75a988570000 r--p 00000000 00:2e 2927087673                 /net/usr.work/d040975/open_jdk/jdk_9/build_ls3927/jdk/lib/libjli.so
75a988570000-75a988590000 r-xp 00000000 00:2e 2927087673                 /net/usr.work/d040975/open_jdk/jdk_9/build_ls3927/jdk/lib/libjli.so
75a988590000-75a9885a0000 rw-p 00010000 00:2e 2927087673                 /net/usr.work/d040975/open_jdk/jdk_9/build_ls3927/jdk/lib/libjli.so
75a9885a0000-75a9885b0000 rw-p 00010000 00:2e 2927087673                 /net/usr.work/d040975/open_jdk/jdk_9/build_ls3927/jdk/lib/libjli.so
75a9885b0000-75a9885d0000 r--p 00000000 00:00 0                          [vvar]
75a9885d0000-75a9885e0000 r-xp 00000000 00:00 0                          [vdso]
75a9885e0000-75a988630000 r-xp 00000000 fd:06 794602                     /usr/lib/powerpc64le-linux-gnu/ld64.so.2
75a988630000-75a988640000 ---p 00000000 00:00 0 
75a988640000-75a988650000 r--p 00050000 fd:06 794602                     /usr/lib/powerpc64le-linux-gnu/ld64.so.2
75a988650000-75a988660000 rw-p 00060000 fd:06 794602                     /usr/lib/powerpc64le-linux-gnu/ld64.so.2
7fffe8540000-7fffe8570000 rw-p 00000000 00:00 0                          [stack]
Total number of mappings: 64


VM Arguments:
jvm_args: -Denv.class.path= -Dapplication.home=/net/usr.work/d040975/open_jdk/jdk_9/build_ls3927/jdk --add-modules=ALL-DEFAULT -Xms8m -Djava.io.tmpdir=/usr/work/d040975/open_jdk/jdk_9/build_ls3927/support/javatmp -Djdk.module.main=jdk.compiler 
java_command: jdk.compiler/com.sun.tools.javac.Main -g -Xlint:all -source 24 -target 24 -implicit:none -Xprefer:source -XDignore.symbol.file=true -encoding ascii -Werror --add-modules jdk.compiler,jdk.jdeps --add-exports jdk.compiler/com.sun.tools.javac.api=ALL-UNNAMED --add-exports jdk.compiler/com.sun.tools.javac.code=ALL-UNNAMED --add-exports jdk.compiler/com.sun.tools.javac.util=ALL-UNNAMED --add-exports jdk.compiler/com.sun.tools.javac.jvm=ALL-UNNAMED --add-exports jdk.jdeps/com.sun.tools.classfile=ALL-UNNAMED -Xlint:-options -XDmodifiedInputs=/usr/work/d040975/open_jdk/jdk_9/build_ls3927/buildtools/create_symbols_javac/_the.COMPILE_CREATE_SYMBOLS_batch.modfiles.fixed -d /usr/work/d040975/open_jdk/jdk_9/build_ls3927/buildtools/create_symbols_javac @/usr/work/d040975/open_jdk/jdk_9/build_ls3927/buildtools/create_symbols_javac/_the.COMPILE_CREATE_SYMBOLS_batch.filelist
java_class_path (initial): <not set>
Launcher Type: SUN_STANDARD

[Global flags]
     intx CICompilerCount                          = 18                                        {product} {ergonomic}
     uint ConcGCThreads                            = 11                                        {product} {ergonomic}
     uint G1ConcRefinementThreads                  = 43                                        {product} {ergonomic}
   size_t InitialHeapSize                          = 8388608                                   {product} {command line}
   size_t MarkStackSize                            = 4194304                                   {product} {ergonomic}
   size_t MaxHeapSize                              = 31675383808                               {product} {ergonomic}
   size_t MinHeapSize                              = 8388608                                   {product} {command line}
    uintx NonNMethodCodeHeapSize                   = 8781824                                {pd product} {ergonomic}
    uintx NonProfiledCodeHeapSize                  = 121503744                              {pd product} {ergonomic}
    uintx ProfiledCodeHeapSize                     = 121372672                              {pd product} {ergonomic}
    uintx ReservedCodeCacheSize                    = 251658240                              {pd product} {ergonomic}
     bool SegmentedCodeCache                       = true                                      {product} {ergonomic}
     bool UseCompressedOops                        = true                           {product lp64_product} {ergonomic}
     bool UseG1GC                                  = true                                      {product} {ergonomic}

Logging:
Log output configuration:
 #0: stdout all=warning uptime,level,tags foldmultilines=false
 #1: stderr all=off uptime,level,tags foldmultilines=false

Environment Variables:
CLASSPATH=
PATH=/sapmnt/global/tools/make-3.81/bin:/opt/freeware/bin:/usr/local/sbin:/usr/local/bin:/usr/sbin:/usr/bin:/sbin:/bin:/usr/games:/usr/local/games:/snap/bin:/usr/local/bin
SHELL=/bin/csh
LANG=C.UTF-8
LC_ALL=C.UTF-8
TERM=xterm-256color

Active Locale:
LC_ALL=C
LC_COLLATE=C
LC_CTYPE=C
LC_MESSAGES=C
LC_MONETARY=C
LC_NUMERIC=C
LC_TIME=C

Signal Handlers:
   SIGSEGV: 0x000075a987fd1f60 in libjvm.so+18816864, mask=11100100010111111101111111111110, flags=SA_RESTART|SA_SIGINFO, unblocked
    SIGBUS: 0x000075a987fd1f60 in libjvm.so+18816864, mask=11100100010111111101111111111110, flags=SA_RESTART|SA_SIGINFO, unblocked
    SIGFPE: 0x000075a987fd1f60 in libjvm.so+18816864, mask=11100100010111111101111111111110, flags=SA_RESTART|SA_SIGINFO, unblocked
   SIGPIPE: 0x000075a987e584e0 in libjvm.so+17269984, mask=11100100010111111101111111111110, flags=SA_RESTART|SA_SIGINFO, blocked
   SIGXFSZ: 0x000075a987e584e0 in libjvm.so+17269984, mask=11100100010111111101111111111110, flags=SA_RESTART|SA_SIGINFO, blocked
    SIGILL: 0x000075a987fd1f60 in libjvm.so+18816864, mask=11100100010111111101111111111110, flags=SA_RESTART|SA_SIGINFO, unblocked
   SIGUSR2: 0x000075a987e57fc0 in libjvm.so+17268672, mask=00000000000000000000000000000000, flags=SA_RESTART|SA_SIGINFO, blocked
    SIGHUP: SIG_DFL, mask=00000000000000000000000000000000, flags=none, blocked
    SIGINT: SIG_DFL, mask=00000000000000000000000000000000, flags=none, blocked
   SIGTERM: SIG_DFL, mask=00000000000000000000000000000000, flags=none, blocked
   SIGQUIT: 0x000075a987e55880 in libjvm.so+17258624, mask=11100100010111111101111111111110, flags=SA_RESTART|SA_SIGINFO, blocked
   SIGTRAP: 0x000075a987fd1f60 in libjvm.so+18816864, mask=11100100010111111101111111111110, flags=SA_RESTART|SA_SIGINFO, unblocked


Periodic native trim disabled

---------------  S Y S T E M  ---------------

OS:
DISTRIB_ID=Ubuntu
DISTRIB_RELEASE=22.04
DISTRIB_CODENAME=jammy
DISTRIB_DESCRIPTION="Ubuntu 22.04.4 LTS"
uname: Linux 5.15.0-116-generic #126-Ubuntu SMP Mon Jul 1 10:09:15 UTC 2024 ppc64le
OS uptime: 25 days 19:42 hours
libc: glibc 2.35 NPTL 2.35 
rlimit (soft/hard): STACK 8192k/infinity , CORE 0k/infinity , NPROC 522276/522276 , NOFILE 1048576/1048576 , AS infinity/infinity , CPU infinity/infinity , DATA infinity/infinity , FSIZE infinity/infinity , MEMLOCK 16734848k/16734848k
load average: 50.81 22.31 11.62

/proc/meminfo:
MemTotal:       133879040 kB
MemFree:        70931904 kB
MemAvailable:   127335168 kB
Buffers:          306112 kB
Cached:         55651136 kB
SwapCached:            0 kB
Active:         29469696 kB
Inactive:       29260736 kB
Active(anon):      17088 kB
Inactive(anon):  2782272 kB
Active(file):   29452608 kB
Inactive(file): 26478464 kB
Unevictable:       34880 kB
Mlocked:           34880 kB
SwapTotal:       4194240 kB
SwapFree:        4194240 kB
Dirty:               576 kB
Writeback:             0 kB
AnonPages:       2779840 kB
Mapped:           321600 kB
Shmem:             14208 kB
KReclaimable:    1547904 kB
Slab:            3471360 kB
SReclaimable:    1547904 kB
SUnreclaim:      1923456 kB
KernelStack:       16080 kB
PageTables:        18176 kB
NFS_Unstable:          0 kB
Bounce:                0 kB
WritebackTmp:          0 kB
CommitLimit:    71133760 kB
Committed_AS:    3736768 kB
VmallocTotal:   549755813888 kB
VmallocUsed:       63616 kB
VmallocChunk:          0 kB
Percpu:           339968 kB
HardwareCorrupted:     0 kB
AnonHugePages:   1032192 kB
ShmemHugePages:        0 kB
ShmemPmdMapped:        0 kB
FileHugePages:         0 kB
FilePmdMapped:         0 kB
CmaTotal:              0 kB
CmaFree:               0 kB
HugePages_Total:       0
HugePages_Free:        0
HugePages_Rsvd:        0
HugePages_Surp:        0
Hugepagesize:      16384 kB
Hugetlb:               0 kB

/sys/kernel/mm/transparent_hugepage/enabled: [always] madvise never
/sys/kernel/mm/transparent_hugepage/hpage_pmd_size: 16777216
/sys/kernel/mm/transparent_hugepage/shmem_enabled: always within_size advise [never] deny force
/sys/kernel/mm/transparent_hugepage/defrag (defrag/compaction efforts parameter): always defer defer+madvise [madvise] never

Process Memory:
Virtual Size: 360512K (peak: 360576K)
Resident Set Size: 27904K (peak: 27904K) (anon: 11392K, file: 16512K, shmem: 0K)
Swapped out: 0K
C-Heap outstanding allocations: 8188K, retained: 131K
glibc malloc tunables: (default)

/proc/sys/kernel/threads-max (system-wide limit on the number of threads): 1044553
/proc/sys/vm/max_map_count (maximum number of memory map areas a process may have): 65530
/proc/sys/vm/swappiness (control to define how aggressively the kernel swaps out anonymous memory): 60
/proc/sys/kernel/pid_max (system-wide limit on number of process identifiers): 4194304

container information not found.
Virtualization information:
system_type=IBM,9009-42A
partition_max_entitled_capacity=40
system_potential_processors=20
NumLpars=16
partition_entitled_capacity=40
pool=0
pool_capacity=1800
capacity_weight=128
capped=0
entitled_proc_capacity_available=720
partition_active_processors=8
partition_potential_processors=8
shared_processor_mode=1
Steal ticks since vm start: 0
Steal ticks percentage since vm start:  0.000

CPU: total 64 (initial active 64) 
/proc/cpuinfo:
processor	: 0
cpu		: POWER9 (architected), altivec supported
clock		: 2900.000000MHz
revision	: 2.2 (pvr 004e 0202)

processor	: 1
cpu		: POWER9 (architected), altivec supported
clock		: 2900.000000MHz
revision	: 2.2 (pvr 004e 0202)

processor	: 2
cpu		: POWER9 (architected), altivec supported
clock		: 2900.000000MHz
revision	: 2.2 (pvr 004e 0202)

processor	: 3
cpu		: POWER9 (architected), altivec supported
clock		: 2900.000000MHz
revision	: 2.2 (pvr 004e 0202)

processor	: 4
cpu		: POWER9 (architected), altivec supported
clock		: 2900.000000MHz
revision	: 2.2 (pvr 004e 0202)

processor	: 5
cpu		: POWER9 (architected), altivec supported
clock		: 2900.000000MHz
revision	: 2.2 (pvr 004e 0202)

processor	: 6
cpu		: POWER9 (architected), altivec supported
clock		: 2900.000000MHz
revision	: 2.2 (pvr 004e 0202)

processor	: 7
cpu		: POWER9 (architected), altivec supported
clock		: 2900.000000MHz
revision	: 2.2 (pvr 004e 0202)

processor	: 8
cpu		: POWER9 (architected), altivec supported
clock		: 2900.000000MHz
revision	: 2.2 (pvr 004e 0202)

processor	: 9
cpu		: POWER9 (architected), altivec supported
clock		: 2900.000000MHz
revision	: 2.2 (pvr 004e 0202)

processor	: 10
cpu		: POWER9 (architected), altivec supported
clock		: 2900.000000MHz
revision	: 2.2 (pvr 004e 0202)

processor	: 11
cpu		: POWER9 (architected), altivec supported
clock		: 2900.000000MHz
revision	: 2.2 (pvr 004e 0202)

processor	: 12
cpu		: POWER9 (architected), altivec supported
clock		: 2900.000000MHz
revision	: 2.2 (pvr 004e 0202)

processor	: 13
cpu		: POWER9 (architected), altivec supported
clock		: 2900.000000MHz
revision	: 2.2 (pvr 004e 0202)

processor	: 14
cpu		: POWER9 (architected), altivec supported
clock		: 2900.000000MHz
revision	: 2.2 (pvr 004e 0202)

processor	: 15
cpu		: POWER9 (architected), altivec supported
clock		: 2900.000000MHz
revision	: 2.2 (pvr 004e 0202)

processor	: 16
cpu		: POWER9 (architected), altivec supported
clock		: 2900.000000MHz
revision	: 2.2 (pvr 004e 0202)

processor	: 17
cpu		: POWER9 (architected), altivec supported
clock		: 2900.000000MHz
revision	: 2.2 (pvr 004e 0202)

processor	: 18
cpu		: POWER9 (architected), altivec supported
clock		: 2900.000000MHz
revision	: 2.2 (pvr 004e 0202)

processor	: 19
cpu		: POWER9 (architected), altivec supported
clock		: 2900.000000MHz
revision	: 2.2 (pvr 004e 0202)

processor	: 20
cpu		: POWER9 (architected), altivec supported
clock		: 2900.000000MHz
revision	: 2.2 (pvr 004e 0202)

processor	: 21
cpu		: POWER9 (architected), altivec supported
clock		: 2900.000000MHz
revision	: 2.2 (pvr 004e 0202)

processor	: 22
cpu		: POWER9 (architected), altivec supported
clock		: 2900.000000MHz
revision	: 2.2 (pvr 004e 0202)

processor	: 23
cpu		: POWER9 (architected), altivec supported
clock		: 2900.000000MHz
revision	: 2.2 (pvr 004e 0202)

processor	: 24
cpu		: POWER9 (architected), altivec supported
clock		: 2900.000000MHz
revision	: 2.2 (pvr 004e 0202)

processor	: 25
cpu		: POWER9 (architected), altivec supported
clock		: 2900.000000MHz
revision	: 2.2 (pvr 004e 0202)

processor	: 26
cpu		: POWER9 (architected), altivec supported
clock		: 2900.000000MHz
revision	: 2.2 (pvr 004e 0202)

processor	: 27
cpu		: POWER9 (architected), altivec supported
clock		: 2900.000000MHz
revision	: 2.2 (pvr 004e 0202)

processor	: 28
cpu		: POWER9 (architected), altivec supported
clock		: 2900.000000MHz
revision	: 2.2 (pvr 004e 0202)

processor	: 29
cpu		: POWER9 (architected), altivec supported
clock		: 2900.000000MHz
revision	: 2.2 (pvr 004e 0202)

processor	: 30
cpu		: POWER9 (architected), altivec supported
clock		: 2900.000000MHz
revision	: 2.2 (pvr 004e 0202)

processor	: 31
cpu		: POWER9 (architected), altivec supported
clock		: 2900.000000MHz
revision	: 2.2 (pvr 004e 0202)

processor	: 32
cpu		: POWER9 (architected), altivec supported
clock		: 2900.000000MHz
revision	: 2.2 (pvr 004e 0202)

processor	: 33
cpu		: POWER9 (architected), altivec supported
clock		: 2900.000000MHz
revision	: 2.2 (pvr 004e 0202)

processor	: 34
cpu		: POWER9 (architected), altivec supported
clock		: 2900.000000MHz
revision	: 2.2 (pvr 004e 0202)

processor	: 35
cpu		: POWER9 (architected), altivec supported
clock		: 2900.000000MHz
revision	: 2.2 (pvr 004e 0202)

processor	: 36
cpu		: POWER9 (architected), altivec supported
clock		: 2900.000000MHz
revision	: 2.2 (pvr 004e 0202)

processor	: 37
cpu		: POWER9 (architected), altivec supported
clock		: 2900.000000MHz
revision	: 2.2 (pvr 004e 0202)

processor	: 38
cpu		: POWER9 (architected), altivec supported
clock		: 2900.000000MHz
revision	: 2.2 (pvr 004e 0202)

processor	: 39
cpu		: POWER9 (architected), altivec supported
clock		: 2900.000000MHz
revision	: 2.2 (pvr 004e 0202)

processor	: 40
cpu		: POWER9 (architected), altivec supported
clock		: 2900.000000MHz
revision	: 2.2 (pvr 004e 0202)

processor	: 41
cpu		: POWER9 (architected), altivec supported
clock		: 2900.000000MHz
revision	: 2.2 (pvr 004e 0202)

processor	: 42
cpu		: POWER9 (architected), altivec supported
clock		: 2900.000000MHz
revision	: 2.2 (pvr 004e 0202)

processor	: 43
cpu		: POWER9 (architected), altivec supported
clock		: 2900.000000MHz
revision	: 2.2 (pvr 004e 0202)

processor	: 44
cpu		: POWER9 (architected), altivec supported
clock		: 2900.000000MHz
revision	: 2.2 (pvr 004e 0202)

processor	: 45
cpu		: POWER9 (architected), altivec supported
clock		: 2900.000000MHz
revision	: 2.2 (pvr 004e 0202)

processor	: 46
cpu		: POWER9 (architected), altivec supported
clock		: 2900.000000MHz
revision	: 2.2 (pvr 004e 0202)

processor	: 47
cpu		: POWER9 (architected), altivec supported
clock		: 2900.000000MHz
revision	: 2.2 (pvr 004e 0202)

processor	: 48
cpu		: POWER9 (architected), altivec supported
clock		: 2900.000000MHz
revision	: 2.2 (pvr 004e 0202)

processor	: 49
cpu		: POWER9 (architected), altivec supported
clock		: 2900.000000MHz
revision	: 2.2 (pvr 004e 0202)

processor	: 50
cpu		: POWER9 (architected), altivec supported
clock		: 2900.000000MHz
revision	: 2.2 (pvr 004e 0202)

processor	: 51
cpu		: POWER9 (architected), altivec supported
clock		: 2900.000000MHz
revision	: 2.2 (pvr 004e 0202)

processor	: 52
cpu		: POWER9 (architected), altivec supported
clock		: 2900.000000MHz
revision	: 2.2 (pvr 004e 0202)

processor	: 53
cpu		: POWER9 (architected), altivec supported
clock		: 2900.000000MHz
revision	: 2.2 (pvr 004e 0202)

processor	: 54
cpu		: POWER9 (architected), altivec supported
clock		: 2900.000000MHz
revision	: 2.2 (pvr 004e 0202)

processor	: 55
cpu		: POWER9 (architected), altivec supported
clock		: 2900.000000MHz
revision	: 2.2 (pvr 004e 0202)

processor	: 56
cpu		: POWER9 (architected), altivec supported
clock		: 2900.000000MHz
revision	: 2.2 (pvr 004e 0202)

processor	: 57
cpu		: POWER9 (architected), altivec supported
clock		: 2900.000000MHz
revision	: 2.2 (pvr 004e 0202)

processor	: 58
cpu		: POWER9 (architected), altivec supported
clock		: 2900.000000MHz
revision	: 2.2 (pvr 004e 0202)

processor	: 59
cpu		: POWER9 (architected), altivec supported
clock		: 2900.000000MHz
revision	: 2.2 (pvr 004e 0202)

processor	: 60
cpu		: POWER9 (architected), altivec supported
clock		: 2900.000000MHz
revision	: 2.2 (pvr 004e 0202)

processor	: 61
cpu		: POWER9 (architected), altivec supported
clock		: 2900.000000MHz
revision	: 2.2 (pvr 004e 0202)

processor	: 62
cpu		: POWER9 (architected), altivec supported
clock		: 2900.000000MHz
revision	: 2.2 (pvr 004e 0202)

processor	: 63
cpu		: POWER9 (architected), altivec supported
clock		: 2900.000000MHz
revision	: 2.2 (pvr 004e 0202)

timebase	: 512000000
platform	: pSeries
model		: IBM,9009-42A
machine		: CHRP IBM,9009-42A
MMU		: Hash

Online cpus: 0-63
Offline cpus: 

Memory: 64k page, physical 133879040k(127335168k free), swap 4194240k(4194240k free)
Page Sizes: 64k

vm_info: OpenJDK 64-Bit Server VM (24.0.0.1-internal-adhoc.d040975.jdk) for linux-ppc64le JRE (24.0.0.1-internal-adhoc.d040975.jdk), built on 2024-08-13T07:15:49Z with clang Ubuntu Clang 14.0.0

END.
