=JTLOG=
Harness Core
800
1753091365121
70
[Benchmark] Workdir cache rebuild finished on background thread in 0s.
Harness Core
800
1753091365124
78
[Benchmark] Workdir cache load (complete) finished on background thread in 0s.
Harness Core
800
1753091367794
78
[Benchmark] Workdir cache load (complete) finished on background thread in 0s.
Harness Core
800
1753091430442
78
[Benchmark] Workdir cache load (complete) finished on background thread in 0s.
Harness Core
800
1753091430446
78
[Benchmark] Workdir cache load (complete) finished on background thread in 0s.
